# project: K7_S02.sb3
TAP version 13
1..28
ok 1 - Variable Initialization Test
not ok 2 - Bowl Initialization Test
  ---
  severity: fail
  error:
    name: AssertionError
    actual: -150
    expected: -145
    operator: ==
    message: Bowl must start at y = -145.
    generatedMessage: false
  ...
ok 3 - Fruit Initialization Test
ok 4 - Bowl Movement Test
not ok 5 - Bowl Movement Details Test
  ---
  severity: fail
  error:
    name: AssertionError
    actual: false
    expected: true
    operator: ok
    message: Bowl must move in steps of size 10.
    generatedMessage: false
    constraint: '[no name]'
  ...
ok 6 - Apple Falling Test
not ok 7 - Apple Falling Details Test
  ---
  severity: fail
  error:
    name: AssertionError
    actual: false
    expected: true
    operator: ok
    message: Apple must fall with a speed of -5.
    generatedMessage: false
    constraint: '[no name]'
  ...
ok 8 - Banana Falling Test
not ok 9 - Banana Falling Details Test
  ---
  severity: fail
  error:
    name: AssertionError
    actual: false
    expected: true
    operator: ok
    message: Banana must fall with a speed of -7.
    generatedMessage: false
    constraint: '[no name]'
  ...
ok 10 - Apple Spawn Test
ok 11 - Apple Spawn Random X Position Test
ok 12 - Apple Spawn Y Position Test
ok 13 - Banana Spawn Test
ok 14 - Banana Spawn Random X Position Test
ok 15 - Banana Spawn Y Position Test
ok 16 - Only One Apple Test
ok 17 - Only One Banana Test
not ok 18 - Banana Fall Delay Test
  ---
  severity: fail
  error:
    name: AssertionError
    actual: false
    expected: true
    operator: ok
    message: Banana must not be visible for a second in the beginning.
    generatedMessage: false
    constraint: '[no name]'
  ...
not ok 19 - Banana Ground Delay Test
  ---
  severity: fail
  error:
    name: AssertionError
    actual: false
    expected: true
    operator: ok
    message: Banana must not be visible for a second after touching the ground.
    generatedMessage: false
    constraint: '[no name]'
  ...
not ok 20 - Apple Points Test
  ---
  severity: fail
  error:
    name: AssertionError
    actual: 0
    expected: -3
    operator: ==
    message: Apple must give 5 points when it touches the bowl.
    generatedMessage: false
  log:
    - Banana touched the ground before the apple touched the bowl.
  ...
ok 21 - Apple Game Over Test
not ok 22 - Apple Game Over Message Test
  ---
  severity: fail
  error:
    name: AssertionError
    actual: false
    expected: true
    operator: ok
    message: Apple's game over message must disappear one second after it hit the ground
    generatedMessage: false
  ...
ok 23 - Banana Bowl Points Test
  ---
  log:
    - Apple touched the bowl before the banana touched the bowl.
  ...
ok 24 - Banana Ground Points Test
not ok 25 - Banana Ground Message Test
  ---
  severity: fail
  error:
    name: AssertionError
    actual: false
    expected: true
    operator: ok
    message: Banana's message must disappear a second after it hit the ground
    generatedMessage: false
  ...
ok 26 - Timer Tick Test
ok 27 - Timer Game Over Test
not ok 28 - Timer Game Over Message Test
  ---
  severity: fail
  error:
    name: AssertionError
    actual: false
    expected: true
    operator: ok
    message: Bowl must display a message when the time is up.
    generatedMessage: false
  ...
# summary:
#   tests: 28
#   pass: 18
#   fail: 10
#   error: 0
#   skip: 0
# coverage:
#   combined: 0.74 (43/58)
#   individual:
#     Stage: NaN (0/0)
#     Bowl: 1.00 (16/16)
#     Bananas: 0.50 (12/24)
#     Apple: 0.83 (15/18)

# project: K7_S03.sb3
TAP version 13
1..28
ok 1 - Variable Initialization Test
ok 2 - Bowl Initialization Test
ok 3 - Fruit Initialization Test
ok 4 - Bowl Movement Test
ok 5 - Bowl Movement Details Test
ok 6 - Apple Falling Test
not ok 7 - Apple Falling Details Test
  ---
  severity: fail
  error:
    name: AssertionError
    actual: false
    expected: true
    operator: ok
    message: Apple must fall with a speed of -5.
    generatedMessage: false
    constraint: '[no name]'
  ...
ok 8 - Banana Falling Test
not ok 9 - Banana Falling Details Test
  ---
  severity: fail
  error:
    name: AssertionError
    actual: false
    expected: true
    operator: ok
    message: Banana must fall with a speed of -7.
    generatedMessage: false
    constraint: '[no name]'
  ...
ok 10 - Apple Spawn Test
ok 11 - Apple Spawn Random X Position Test
ok 12 - Apple Spawn Y Position Test
not ok 13 - Banana Spawn Test
  ---
  severity: fail
  error:
    name: AssertionError
    actual: 1
    expected: 3
    operator: '>='
    message: At least three Bananas must have spawned after 30 seconds.
    generatedMessage: false
  ...
not ok 14 - Banana Spawn Random X Position Test
  ---
  severity: skip
  error:
    name: AssumptionError
    actual: 1
    expected: 3
    operator: '>='
    message: At least three Bananas must have spawned after 30 seconds.
    generatedMessage: false
  ...
ok 15 - Banana Spawn Y Position Test
ok 16 - Only One Apple Test
ok 17 - Only One Banana Test
not ok 18 - Banana Fall Delay Test
  ---
  severity: fail
  error:
    name: AssertionError
    actual: false
    expected: true
    operator: ok
    message: Banana must not be visible for a second in the beginning.
    generatedMessage: false
    constraint: '[no name]'
  ...
not ok 19 - Banana Ground Delay Test
  ---
  severity: fail
  error:
    name: AssertionError
    actual: false
    expected: true
    operator: ok
    message: Banana must not be visible for a second after touching the ground.
    generatedMessage: false
    constraint: '[no name]'
  ...
ok 20 - Apple Points Test
  ---
  log:
    - Banana touched the bowl before the apple touched the bowl.
  ...
not ok 21 - Apple Game Over Test
  ---
  severity: fail
  error:
    name: AssertionError
    actual: 20
    expected: 21
    operator: ==
    message: Time must not change after game is over (should be over).
    generatedMessage: false
    constraint: '[no name]'
  ...
not ok 22 - Apple Game Over Message Test
  ---
  severity: fail
  error:
    name: AssertionError
    actual: false
    expected: true
    operator: ok
    message: Apple must display a message if it hits the ground.
    generatedMessage: false
  ...
not ok 23 - Banana Bowl Points Test
  ---
  severity: fail
  error:
    name: AssertionError
    actual: 0
    expected: 8
    operator: ==
    message: Banana must give 8 points when it touches the bowl.
    generatedMessage: false
  ...
not ok 24 - Banana Ground Points Test
  ---
  severity: fail
  error:
    name: AssertionError
    actual: 0
    expected: -8
    operator: ==
    message: Banana must subtract 8 points when it touches the ground.
    generatedMessage: false
  ...
not ok 25 - Banana Ground Message Test
  ---
  severity: fail
  error:
    name: AssertionError
    actual: false
    expected: true
    operator: ok
    message: Banana must display a message when it hits the ground.
    generatedMessage: false
  ...
ok 26 - Timer Tick Test
not ok 27 - Timer Game Over Test
  ---
  severity: fail
  error:
    name: AssertionError
    actual: 170
    expected: 169
    operator: ==
    message: Apple must not move after game is over (should be over).
    generatedMessage: false
    constraint: '[no name]'
  ...
not ok 28 - Timer Game Over Message Test
  ---
  severity: fail
  error:
    name: AssertionError
    actual: false
    expected: true
    operator: ok
    message: Bowl must display a message when the time is up.
    generatedMessage: false
  ...
# summary:
#   tests: 28
#   pass: 15
#   fail: 12
#   error: 0
#   skip: 1
# coverage:
#   combined: 0.92 (34/37)
#   individual:
#     Stage: 1.00 (6/6)
#     Apple: 0.83 (10/12)
#     Bananas: 0.92 (11/12)
#     Bowl: 1.00 (7/7)

# project: K7_S04.sb3
TAP version 13
1..28
not ok 1 - Variable Initialization Test
  ---
  severity: fail
  error:
    name: AssertionError
    actual: false
    expected: true
    operator: ok
    message: Time must start at 30 seconds.
    generatedMessage: false
  ...
not ok 2 - Bowl Initialization Test
  ---
  severity: fail
  error:
    name: AssertionError
    actual: -142
    expected: 0
    operator: ==
    message: Bowl must start at x = 0.
    generatedMessage: false
  ...
not ok 3 - Fruit Initialization Test
  ---
  severity: fail
  error:
    name: AssertionError
    actual: 65
    expected: 50
    operator: ==
    message: Apple must have a size of 50%.
    generatedMessage: false
  ...
ok 4 - Bowl Movement Test
ok 5 - Bowl Movement Details Test
ok 6 - Apple Falling Test
not ok 7 - Apple Falling Details Test
  ---
  severity: fail
  error:
    name: AssertionError
    actual: false
    expected: true
    operator: ok
    message: Apple must fall with a speed of -5.
    generatedMessage: false
    constraint: '[no name]'
  ...
ok 8 - Banana Falling Test
ok 9 - Banana Falling Details Test
ok 10 - Apple Spawn Test
not ok 11 - Apple Spawn Random X Position Test
  ---
  severity: fail
  error:
    name: AssertionError
    actual: false
    expected: true
    operator: ok
    message: Apples must spawn at random x positions.
    generatedMessage: false
  ...
ok 12 - Apple Spawn Y Position Test
ok 13 - Banana Spawn Test
not ok 14 - Banana Spawn Random X Position Test
  ---
  severity: fail
  error:
    name: AssertionError
    actual: false
    expected: true
    operator: ok
    message: Bananas must spawn at random x positions.
    generatedMessage: false
  ...
ok 15 - Banana Spawn Y Position Test
ok 16 - Only One Apple Test
ok 17 - Only One Banana Test
not ok 18 - Banana Fall Delay Test
  ---
  severity: fail
  error:
    name: AssertionError
    actual: false
    expected: true
    operator: ok
    message: Banana must not be visible for a second in the beginning.
    generatedMessage: false
    constraint: '[no name]'
  ...
not ok 19 - Banana Ground Delay Test
  ---
  severity: fail
  error:
    name: AssertionError
    actual: false
    expected: true
    operator: ok
    message: Banana must not be visible for a second after touching the ground.
    generatedMessage: false
    constraint: '[no name]'
  ...
ok 20 - Apple Points Test
  ---
  log:
    - Banana touched the ground before the apple touched the bowl.
  ...
ok 21 - Apple Game Over Test
not ok 22 - Apple Game Over Message Test
  ---
  severity: fail
  error:
    name: AssertionError
    actual: false
    expected: true
    operator: ok
    message: Apple must display a message if it hits the ground.
    generatedMessage: false
  ...
not ok 23 - Banana Bowl Points Test
  ---
  severity: skip
  error:
    name: AssumptionError
    actual: false
    expected: bowl
    operator: ==
    message: Banana didn't touch the bowl after 30 seconds.
    generatedMessage: false
  ...
ok 24 - Banana Ground Points Test
  ---
  log:
    - Apple touched the bowl before the banana touched the ground.
  ...
not ok 25 - Banana Ground Message Test
  ---
  severity: fail
  error:
    name: AssertionError
    actual: false
    expected: true
    operator: ok
    message: Banana must display a message when it hits the ground.
    generatedMessage: false
  log:
    - Apple touched the bowl before the banana touched the ground.
  ...
not ok 26 - Timer Tick Test
  ---
  severity: fail
  error:
    name: AssertionError
    actual: '-1'
    expected: -2
    operator: ==
    message: Time must decrease by one every second.
    generatedMessage: false
  ...
not ok 27 - Timer Game Over Test
  ---
  severity: fail
  error:
    name: AssertionError
    actual: 85
    expected: 80
    operator: ==
    message: Score must not change after game is over (should be over).
    generatedMessage: false
    constraint: '[no name]'
  ...
not ok 28 - Timer Game Over Message Test
  ---
  severity: fail
  error:
    name: AssertionError
    actual: false
    expected: true
    operator: ok
    message: Bowl must display a message when the time is up.
    generatedMessage: false
  ...
# summary:
#   tests: 28
#   pass: 14
#   fail: 13
#   error: 0
#   skip: 1
# coverage:
#   combined: 0.57 (36/63)
#   individual:
#     Stage: 0.57 (4/7)
#     Apple: 0.71 (12/17)
#     Bowl: 0.53 (8/15)
#     Bananas: 0.50 (12/24)

# project: K7_S05.sb3
TAP version 13
1..28
ok 1 - Variable Initialization Test
not ok 2 - Bowl Initialization Test
  ---
  severity: fail
  error:
    name: AssertionError
    actual: -53
    expected: 0
    operator: ==
    message: Bowl must start at x = 0.
    generatedMessage: false
  ...
ok 3 - Fruit Initialization Test
ok 4 - Bowl Movement Test
not ok 5 - Bowl Movement Details Test
  ---
  severity: fail
  error:
    name: AssertionError
    actual: false
    expected: true
    operator: ok
    message: Bowl must move in steps of size 10.
    generatedMessage: false
    constraint: '[no name]'
  ...
ok 6 - Apple Falling Test
ok 7 - Apple Falling Details Test
ok 8 - Banana Falling Test
ok 9 - Banana Falling Details Test
ok 10 - Apple Spawn Test
ok 11 - Apple Spawn Random X Position Test
ok 12 - Apple Spawn Y Position Test
ok 13 - Banana Spawn Test
ok 14 - Banana Spawn Random X Position Test
ok 15 - Banana Spawn Y Position Test
ok 16 - Only One Apple Test
ok 17 - Only One Banana Test
not ok 18 - Banana Fall Delay Test
  ---
  severity: fail
  error:
    name: AssertionError
    actual: false
    expected: true
    operator: ok
    message: Banana must not be visible for a second in the beginning.
    generatedMessage: false
    constraint: '[no name]'
  ...
not ok 19 - Banana Ground Delay Test
  ---
  severity: fail
  error:
    name: AssertionError
    actual: false
    expected: true
    operator: ok
    message: Banana must not be visible for a second after touching the ground.
    generatedMessage: false
    constraint: '[no name]'
  ...
ok 20 - Apple Points Test
  ---
  log:
    - Banana touched the ground before the apple touched the bowl.
  ...
ok 21 - Apple Game Over Test
not ok 22 - Apple Game Over Message Test
  ---
  severity: fail
  error:
    name: AssertionError
    actual: false
    expected: true
    operator: ok
    message: Apple must display a message for one second if it hits the ground.
    generatedMessage: false
  ...
ok 23 - Banana Bowl Points Test
  ---
  log:
    - Apple touched the bowl before the banana touched the bowl.
  ...
ok 24 - Banana Ground Points Test
not ok 25 - Banana Ground Message Test
  ---
  severity: fail
  error:
    name: AssertionError
    actual: false
    expected: true
    operator: ok
    message: Banana must display a message for one second when it hits the ground
    generatedMessage: false
  ...
ok 26 - Timer Tick Test
ok 27 - Timer Game Over Test
not ok 28 - Timer Game Over Message Test
  ---
  severity: fail
  error:
    name: AssertionError
    actual: false
    expected: true
    operator: ok
    message: Bowl must display a message when the time is up.
    generatedMessage: false
  ...
# summary:
#   tests: 28
#   pass: 21
#   fail: 7
#   error: 0
#   skip: 0
# coverage:
#   combined: 0.69 (42/61)
#   individual:
#     Stage: 0.64 (9/14)
#     Bowl: 0.58 (7/12)
#     Apple: 0.75 (12/16)
#     Bananas: 0.74 (14/19)

# project: K7_S06.sb3
TAP version 13
1..28
ok 1 - Variable Initialization Test
not ok 2 - Bowl Initialization Test
  ---
  severity: fail
  error:
    name: AssertionError
    actual: 172
    expected: 0
    operator: ==
    message: Bowl must start at x = 0.
    generatedMessage: false
  ...
ok 3 - Fruit Initialization Test
ok 4 - Bowl Movement Test
not ok 5 - Bowl Movement Details Test
  ---
  severity: fail
  error:
    name: AssertionError
    actual: false
    expected: true
    operator: ok
    message: Bowl must move in steps of size 10.
    generatedMessage: false
    constraint: '[no name]'
  ...
ok 6 - Apple Falling Test
not ok 7 - Apple Falling Details Test
  ---
  severity: fail
  error:
    name: AssertionError
    actual: false
    expected: true
    operator: ok
    message: Apple must fall with a speed of -5.
    generatedMessage: false
    constraint: '[no name]'
  ...
ok 8 - Banana Falling Test
not ok 9 - Banana Falling Details Test
  ---
  severity: fail
  error:
    name: AssertionError
    actual: false
    expected: true
    operator: ok
    message: Banana must fall with a speed of -7.
    generatedMessage: false
    constraint: '[no name]'
  ...
ok 10 - Apple Spawn Test
ok 11 - Apple Spawn Random X Position Test
not ok 12 - Apple Spawn Y Position Test
  ---
  severity: fail
  error:
    name: AssertionError
    actual: false
    expected: true
    operator: ok
    message: Apples must spawn at y = 170.
    generatedMessage: false
  ...
ok 13 - Banana Spawn Test
ok 14 - Banana Spawn Random X Position Test
not ok 15 - Banana Spawn Y Position Test
  ---
  severity: fail
  error:
    name: AssertionError
    actual: false
    expected: true
    operator: ok
    message: Bananas must spawn at y = 170.
    generatedMessage: false
  ...
ok 16 - Only One Apple Test
ok 17 - Only One Banana Test
not ok 18 - Banana Fall Delay Test
  ---
  severity: fail
  error:
    name: AssertionError
    actual: false
    expected: true
    operator: ok
    message: Banana must not be visible for a second in the beginning.
    generatedMessage: false
    constraint: '[no name]'
  ...
not ok 19 - Banana Ground Delay Test
  ---
  severity: fail
  error:
    name: AssertionError
    actual: false
    expected: true
    operator: ok
    message: Banana must not be visible for a second after touching the ground.
    generatedMessage: false
    constraint: '[no name]'
  ...
ok 20 - Apple Points Test
  ---
  log:
    - Banana touched the bowl before the apple touched the bowl.
  ...
ok 21 - Apple Game Over Test
ok 22 - Apple Game Over Message Test
ok 23 - Banana Bowl Points Test
  ---
  log:
    - Apple touched the bowl before the banana touched the bowl.
  ...
ok 24 - Banana Ground Points Test
not ok 25 - Banana Ground Message Test
  ---
  severity: fail
  error:
    name: AssertionError
    actual: false
    expected: true
    operator: ok
    message: Banana must display a message when it hits the ground.
    generatedMessage: false
  ...
ok 26 - Timer Tick Test
ok 27 - Timer Game Over Test
not ok 28 - Timer Game Over Message Test
  ---
  severity: fail
  error:
    name: AssertionError
    actual: false
    expected: true
    operator: ok
    message: Bowl must display a message when the time is up.
    generatedMessage: false
  ...
# summary:
#   tests: 28
#   pass: 18
#   fail: 10
#   error: 0
#   skip: 0
# coverage:
#   combined: 0.88 (36/41)
#   individual:
#     Stage: 1.00 (7/7)
#     Apple: 1.00 (12/12)
#     Bananas: 0.72 (13/18)
#     Bowl: 1.00 (4/4)

# project: K7_S07.sb3
TAP version 13
1..28
not ok 1 - Variable Initialization Test
  ---
  severity: fail
  error:
    name: AssertionError
    actual: false
    expected: true
    operator: ok
    message: Time must start at 30 seconds.
    generatedMessage: false
  ...
not ok 2 - Bowl Initialization Test
  ---
  severity: fail
  error:
    name: AssertionError
    actual: -144
    expected: -145
    operator: ==
    message: Bowl must start at y = -145.
    generatedMessage: false
  ...
not ok 3 - Fruit Initialization Test
  ---
  severity: fail
  error:
    name: AssertionError
    actual: 70
    expected: 50
    operator: ==
    message: Apple must have a size of 50%.
    generatedMessage: false
  ...
ok 4 - Bowl Movement Test
ok 5 - Bowl Movement Details Test
ok 6 - Apple Falling Test
not ok 7 - Apple Falling Details Test
  ---
  severity: fail
  error:
    name: AssertionError
    actual: false
    expected: true
    operator: ok
    message: Apple must fall with a speed of -5.
    generatedMessage: false
    constraint: '[no name]'
  ...
ok 8 - Banana Falling Test
not ok 9 - Banana Falling Details Test
  ---
  severity: fail
  error:
    name: AssertionError
    actual: false
    expected: true
    operator: ok
    message: Banana must fall with a speed of -7.
    generatedMessage: false
    constraint: '[no name]'
  ...
ok 10 - Apple Spawn Test
ok 11 - Apple Spawn Random X Position Test
ok 12 - Apple Spawn Y Position Test
ok 13 - Banana Spawn Test
ok 14 - Banana Spawn Random X Position Test
not ok 15 - Banana Spawn Y Position Test
  ---
  severity: fail
  error:
    name: AssertionError
    actual: false
    expected: true
    operator: ok
    message: Bananas must spawn at y = 170.
    generatedMessage: false
  ...
ok 16 - Only One Apple Test
ok 17 - Only One Banana Test
not ok 18 - Banana Fall Delay Test
  ---
  severity: fail
  error:
    name: AssertionError
    actual: false
    expected: true
    operator: ok
    message: Banana must not be visible for a second in the beginning.
    generatedMessage: false
    constraint: '[no name]'
  ...
not ok 19 - Banana Ground Delay Test
  ---
  severity: fail
  error:
    name: AssertionError
    actual: false
    expected: true
    operator: ok
    message: Banana must not be visible for a second after touching the ground.
    generatedMessage: false
    constraint: '[no name]'
  ...
ok 20 - Apple Points Test
ok 21 - Apple Game Over Test
ok 22 - Apple Game Over Message Test
ok 23 - Banana Bowl Points Test
  ---
  log:
    - Apple touched the bowl before the banana touched the bowl.
  ...
not ok 24 - Banana Ground Points Test
  ---
  severity: fail
  error:
    name: AssertionError
    actual: '-8'
    expected: 2
    operator: ==
    message: Banana must subtract 8 points when it touches the ground.
    generatedMessage: false
  log:
    - Apple touched the bowl before the banana touched the ground.
  ...
not ok 25 - Banana Ground Message Test
  ---
  severity: fail
  error:
    name: AssertionError
    actual: false
    expected: true
    operator: ok
    message: Banana must display a message when it hits the ground.
    generatedMessage: false
  log:
    - Apple touched the bowl before the banana touched the ground.
  ...
ok 26 - Timer Tick Test
not ok 27 - Timer Game Over Test
  ---
  severity: fail
  error:
    name: AssertionError
    actual: 59
    expected: 60
    operator: ==
    message: Time must not change after game is over (should be over).
    generatedMessage: false
    constraint: '[no name]'
  ...
not ok 28 - Timer Game Over Message Test
  ---
  severity: fail
  error:
    name: AssertionError
    actual: false
    expected: true
    operator: ok
    message: Bowl must display a message when the time is up.
    generatedMessage: false
  ...
# summary:
#   tests: 28
#   pass: 16
#   fail: 12
#   error: 0
#   skip: 0
# coverage:
#   combined: 0.78 (40/51)
#   individual:
#     Stage: 0.50 (5/10)
#     Bowl: 0.80 (8/10)
#     Apple: 0.87 (13/15)
#     Bananas: 0.88 (14/16)

# project: K7_S08.sb3
TAP version 13
1..28
not ok 1 - Variable Initialization Test
  ---
  severity: fail
  error:
    name: AssertionError
    actual: 114
    expected: 0
    operator: ==
    message: Score must start at 0.
    generatedMessage: false
  ...
not ok 2 - Bowl Initialization Test
  ---
  severity: fail
  error:
    name: AssertionError
    actual: -88
    expected: 0
    operator: ==
    message: Bowl must start at x = 0.
    generatedMessage: false
  ...
ok 3 - Fruit Initialization Test
ok 4 - Bowl Movement Test
ok 5 - Bowl Movement Details Test
ok 6 - Apple Falling Test
not ok 7 - Apple Falling Details Test
  ---
  severity: fail
  error:
    name: AssertionError
    actual: false
    expected: true
    operator: ok
    message: Apple must fall with a speed of -5.
    generatedMessage: false
    constraint: '[no name]'
  ...
ok 8 - Banana Falling Test
not ok 9 - Banana Falling Details Test
  ---
  severity: fail
  error:
    name: AssertionError
    actual: false
    expected: true
    operator: ok
    message: Banana must fall with a speed of -7.
    generatedMessage: false
    constraint: '[no name]'
  ...
ok 10 - Apple Spawn Test
ok 11 - Apple Spawn Random X Position Test
ok 12 - Apple Spawn Y Position Test
ok 13 - Banana Spawn Test
ok 14 - Banana Spawn Random X Position Test
ok 15 - Banana Spawn Y Position Test
ok 16 - Only One Apple Test
ok 17 - Only One Banana Test
not ok 18 - Banana Fall Delay Test
  ---
  severity: fail
  error:
    name: AssertionError
    actual: false
    expected: true
    operator: ok
    message: Banana must not be visible for a second in the beginning.
    generatedMessage: false
    constraint: '[no name]'
  ...
not ok 19 - Banana Ground Delay Test
  ---
  severity: fail
  error:
    name: AssertionError
    actual: false
    expected: true
    operator: ok
    message: Banana must not be visible for a second after touching the ground.
    generatedMessage: false
    constraint: '[no name]'
  ...
ok 20 - Apple Points Test
  ---
  log:
    - Banana touched the ground before the apple touched the bowl.
  ...
ok 21 - Apple Game Over Test
ok 22 - Apple Game Over Message Test
ok 23 - Banana Bowl Points Test
  ---
  log:
    - Apple touched the bowl before the banana touched the bowl.
  ...
not ok 24 - Banana Ground Points Test
  ---
  severity: skip
  error:
    name: AssumptionError
    actual: false
    expected: true
    operator: ok
    message: Apple touched the bowl before banana's score could be subtracted.
    generatedMessage: false
  ...
ok 25 - Banana Ground Message Test
ok 26 - Timer Tick Test
not ok 27 - Timer Game Over Test
  ---
  severity: fail
  error:
    name: AssertionError
    actual: 132
    expected: 34
    operator: ==
    message: Apple must not move after game is over (should be over).
    generatedMessage: false
    constraint: '[no name]'
  ...
not ok 28 - Timer Game Over Message Test
  ---
  severity: fail
  error:
    name: AssertionError
    actual: false
    expected: true
    operator: ok
    message: Bowl must display a message when the time is up.
    generatedMessage: false
  ...
# summary:
#   tests: 28
#   pass: 19
#   fail: 8
#   error: 0
#   skip: 1
# coverage:
#   combined: 0.87 (33/38)
#   individual:
#     Stage: NaN (0/0)
#     Apple: 0.77 (10/13)
#     Bananas: 0.92 (12/13)
#     Bowl: 0.92 (11/12)
#     Figur1: NaN (0/0)

# project: K7_S10.sb3
TAP version 13
1..28
not ok 1 - Variable Initialization Test
  ---
  severity: fail
  error:
    name: AssertionError
    actual: false
    expected: true
    operator: ok
    message: Time must start at 30 seconds.
    generatedMessage: false
  ...
ok 2 - Bowl Initialization Test
ok 3 - Fruit Initialization Test
ok 4 - Bowl Movement Test
ok 5 - Bowl Movement Details Test
ok 6 - Apple Falling Test
ok 7 - Apple Falling Details Test
ok 8 - Banana Falling Test
ok 9 - Banana Falling Details Test
ok 10 - Apple Spawn Test
ok 11 - Apple Spawn Random X Position Test
ok 12 - Apple Spawn Y Position Test
ok 13 - Banana Spawn Test
ok 14 - Banana Spawn Random X Position Test
ok 15 - Banana Spawn Y Position Test
ok 16 - Only One Apple Test
ok 17 - Only One Banana Test
not ok 18 - Banana Fall Delay Test
  ---
  severity: fail
  error:
    name: AssertionError
    actual: false
    expected: true
    operator: ok
    message: Banana must not be visible for a second in the beginning.
    generatedMessage: false
    constraint: '[no name]'
  ...
not ok 19 - Banana Ground Delay Test
  ---
  severity: fail
  error:
    name: AssertionError
    actual: false
    expected: true
    operator: ok
    message: Banana must not be visible for a second after touching the ground.
    generatedMessage: false
    constraint: '[no name]'
  ...
ok 20 - Apple Points Test
  ---
  log:
    - Banana touched the ground before the apple touched the bowl.
  ...
ok 21 - Apple Game Over Test
not ok 22 - Apple Game Over Message Test
  ---
  severity: fail
  error:
    name: AssertionError
    actual: false
    expected: true
    operator: ok
    message: Apple's game over message must disappear one second after it hit the ground
    generatedMessage: false
  ...
ok 23 - Banana Bowl Points Test
  ---
  log:
    - Apple touched the bowl before the banana touched the bowl.
  ...
not ok 24 - Banana Ground Points Test
  ---
  severity: skip
  error:
    name: AssumptionError
    actual: false
    expected: true
    operator: ok
    message: Apple touched the bowl before banana's score could be subtracted.
    generatedMessage: false
  ...
ok 25 - Banana Ground Message Test
ok 26 - Timer Tick Test
not ok 27 - Timer Game Over Test
  ---
  severity: fail
  error:
    name: AssertionError
    actual: -43
    expected: 163
    operator: ==
    message: Apple must not move after game is over (should be over).
    generatedMessage: false
    constraint: '[no name]'
  ...
not ok 28 - Timer Game Over Message Test
  ---
  severity: fail
  error:
    name: AssertionError
    actual: false
    expected: true
    operator: ok
    message: Bowl must display a message when the time is up.
    generatedMessage: false
  ...
# summary:
#   tests: 28
#   pass: 21
#   fail: 6
#   error: 0
#   skip: 1
# coverage:
#   combined: 0.95 (36/38)
#   individual:
#     Stage: NaN (0/0)
#     Apple: 1.00 (12/12)
#     Bananas: 0.89 (17/19)
#     Bowl: 1.00 (7/7)

# project: K7_S11.sb3
TAP version 13
1..28
not ok 1 - Variable Initialization Test
  ---
  severity: fail
  error:
    name: AssertionError
    actual: false
    expected: true
    operator: ok
    message: Time must start at 30 seconds.
    generatedMessage: false
  ...
not ok 2 - Bowl Initialization Test
  ---
  severity: fail
  error:
    name: AssertionError
    actual: 57
    expected: 0
    operator: ==
    message: Bowl must start at x = 0.
    generatedMessage: false
  ...
ok 3 - Fruit Initialization Test
not ok 4 - Bowl Movement Test
  ---
  severity: fail
  error:
    name: AssertionError
    actual: 57
    expected: 57
    operator: <
    message: Bowl must move to the left when left arrow key is pressed.
    generatedMessage: false
  ...
not ok 5 - Bowl Movement Details Test
  ---
  severity: skip
  error:
    name: AssumptionError
    actual: 57
    expected: 57
    operator: <
    message: Bowl must move to the left when left arrow key is pressed.
    generatedMessage: false
  ...
not ok 6 - Apple Falling Test
  ---
  severity: fail
  error:
    name: AssertionError
    actual: false
    expected: true
    operator: ok
    message: Apple must appear on the top of the screen after 5 seconds.
    generatedMessage: false
  ...
not ok 7 - Apple Falling Details Test
  ---
  severity: skip
  error:
    name: AssumptionError
    actual: false
    expected: true
    operator: ok
    message: Apple must appear on the top of the screen after 5 seconds.
    generatedMessage: false
  ...
not ok 8 - Banana Falling Test
  ---
  severity: fail
  error:
    name: AssertionError
    actual: false
    expected: true
    operator: ok
    message: Banana must appear on the top of the screen after 5 seconds.
    generatedMessage: false
  ...
not ok 9 - Banana Falling Details Test
  ---
  severity: skip
  error:
    name: AssumptionError
    actual: false
    expected: true
    operator: ok
    message: Banana must appear on the top of the screen after 5 seconds.
    generatedMessage: false
  ...
not ok 10 - Apple Spawn Test
  ---
  severity: fail
  error:
    name: AssertionError
    actual: 0
    expected: 3
    operator: '>='
    message: At least three Apples must have spawned after 30 seconds.
    generatedMessage: false
  ...
not ok 11 - Apple Spawn Random X Position Test
  ---
  severity: skip
  error:
    name: AssumptionError
    actual: 0
    expected: 3
    operator: '>='
    message: At least three Apples must have spawned after 30 seconds.
    generatedMessage: false
  ...
not ok 12 - Apple Spawn Y Position Test
  ---
  severity: skip
  error:
    name: AssumptionError
    actual: 0
    expected: 3
    operator: '>='
    message: At least three Apples must have spawned after 30 seconds.
    generatedMessage: false
  ...
not ok 13 - Banana Spawn Test
  ---
  severity: fail
  error:
    name: AssertionError
    actual: 0
    expected: 3
    operator: '>='
    message: At least three Bananas must have spawned after 30 seconds.
    generatedMessage: false
  ...
not ok 14 - Banana Spawn Random X Position Test
  ---
  severity: skip
  error:
    name: AssumptionError
    actual: 0
    expected: 3
    operator: '>='
    message: At least three Bananas must have spawned after 30 seconds.
    generatedMessage: false
  ...
not ok 15 - Banana Spawn Y Position Test
  ---
  severity: skip
  error:
    name: AssumptionError
    actual: 0
    expected: 3
    operator: '>='
    message: At least three Bananas must have spawned after 30 seconds.
    generatedMessage: false
  ...
not ok 16 - Only One Apple Test
  ---
  severity: skip
  error:
    name: AssumptionError
    actual: 0
    expected: 3
    operator: '>='
    message: At least three Apples must have spawned after 30 seconds.
    generatedMessage: false
  ...
not ok 17 - Only One Banana Test
  ---
  severity: skip
  error:
    name: AssumptionError
    actual: 0
    expected: 3
    operator: '>='
    message: At least three Bananas must have spawned after 30 seconds.
    generatedMessage: false
  ...
not ok 18 - Banana Fall Delay Test
  ---
  severity: fail
  error:
    name: AssertionError
    actual: false
    expected: true
    operator: ok
    message: Banana must not be visible for a second in the beginning.
    generatedMessage: false
    constraint: '[no name]'
  ...
not ok 19 - Banana Ground Delay Test
  ---
  severity: fail
  error:
    name: AssertionError
    actual: false
    expected: true
    operator: ok
    message: Banana must not be visible for a second after touching the ground.
    generatedMessage: false
    constraint: '[no name]'
  ...
not ok 20 - Apple Points Test
  ---
  severity: skip
  error:
    name: AssumptionError
    actual: false
    expected: true
    operator: ok
    message: An apple must appear on the top of the screen after 5 seconds.
    generatedMessage: false
  ...
not ok 21 - Apple Game Over Test
  ---
  severity: skip
  error:
    name: AssumptionError
    actual: false
    expected: true
    operator: ok
    message: An apple must appear on the top of the screen after five seconds.
    generatedMessage: false
  ...
not ok 22 - Apple Game Over Message Test
  ---
  severity: skip
  error:
    name: AssumptionError
    actual: false
    expected: true
    operator: ok
    message: An apple must appear on the top of the screen after five seconds.
    generatedMessage: false
  ...
not ok 23 - Banana Bowl Points Test
  ---
  severity: skip
  error:
    name: AssumptionError
    actual: false
    expected: true
    operator: ok
    message: Apple must not touch the ground during this test.
    generatedMessage: false
  ...
not ok 24 - Banana Ground Points Test
  ---
  severity: skip
  error:
    name: AssumptionError
    actual: false
    expected: true
    operator: ok
    message: Apple must not touch the ground during this test.
    generatedMessage: false
  ...
not ok 25 - Banana Ground Message Test
  ---
  severity: skip
  error:
    name: AssumptionError
    actual: false
    expected: true
    operator: ok
    message: Apple must not touch the ground during this test.
    generatedMessage: false
  ...
not ok 26 - Timer Tick Test
  ---
  severity: fail
  error:
    name: AssertionError
    actual: 0
    expected: -1
    operator: ==
    message: Time must decrease by one every second.
    generatedMessage: false
  ...
not ok 27 - Timer Game Over Test
  ---
  severity: fail
  error:
    name: AssertionError
    actual: false
    expected: true
    operator: ok
    message: Game must not be over after 15 seconds.
    generatedMessage: false
  ...
not ok 28 - Timer Game Over Message Test
  ---
  severity: fail
  error:
    name: AssertionError
    actual: false
    expected: true
    operator: ok
    message: Bowl must display a message when the time is up.
    generatedMessage: false
  ...
# summary:
#   tests: 28
#   pass: 1
#   fail: 12
#   error: 0
#   skip: 15
# coverage:
#   combined: 0.71 (15/21)
#   individual:
#     Stage: NaN (0/0)
#     Apple: 0.89 (8/9)
#     Bananas: 0.55 (6/11)
#     Bowl: 1.00 (1/1)

# project: K7_S12.sb3
TAP version 13
1..28
not ok 1 - Variable Initialization Test
  ---
  severity: fail
  error:
    name: AssertionError
    actual: false
    expected: true
    operator: ok
    message: Time must start at 30 seconds.
    generatedMessage: false
  ...
ok 2 - Bowl Initialization Test
ok 3 - Fruit Initialization Test
ok 4 - Bowl Movement Test
ok 5 - Bowl Movement Details Test
ok 6 - Apple Falling Test
ok 7 - Apple Falling Details Test
ok 8 - Banana Falling Test
ok 9 - Banana Falling Details Test
ok 10 - Apple Spawn Test
ok 11 - Apple Spawn Random X Position Test
ok 12 - Apple Spawn Y Position Test
ok 13 - Banana Spawn Test
not ok 14 - Banana Spawn Random X Position Test
  ---
  severity: fail
  error:
    name: AssertionError
    actual: false
    expected: true
    operator: ok
    message: Bananas must spawn at random x positions.
    generatedMessage: false
  ...
ok 15 - Banana Spawn Y Position Test
ok 16 - Only One Apple Test
ok 17 - Only One Banana Test
not ok 18 - Banana Fall Delay Test
  ---
  severity: fail
  error:
    name: AssertionError
    actual: false
    expected: true
    operator: ok
    message: Banana must not be visible for a second in the beginning.
    generatedMessage: false
    constraint: '[no name]'
  ...
not ok 19 - Banana Ground Delay Test
  ---
  severity: fail
  error:
    name: AssertionError
    actual: false
    expected: true
    operator: ok
    message: Banana must not be visible for a second after touching the ground.
    generatedMessage: false
    constraint: '[no name]'
  ...
ok 20 - Apple Points Test
ok 21 - Apple Game Over Test
ok 22 - Apple Game Over Message Test
ok 23 - Banana Bowl Points Test
  ---
  log:
    - Apple touched the bowl before the banana touched the bowl.
  ...
ok 24 - Banana Ground Points Test
  ---
  log:
    - Apple touched the bowl before the banana touched the ground.
  ...
ok 25 - Banana Ground Message Test
  ---
  log:
    - Apple touched the bowl before the banana touched the ground.
  ...
not ok 26 - Timer Tick Test
  ---
  severity: fail
  error:
    name: AssertionError
    actual: 2
    expected: 1
    operator: <=
    message: Time must not tick up.
    generatedMessage: false
    constraint: '[no name]'
  ...
ok 27 - Timer Game Over Test
not ok 28 - Timer Game Over Message Test
  ---
  severity: fail
  error:
    name: AssertionError
    actual: false
    expected: true
    operator: ok
    message: Bowl's game over message must disappear after one second
    generatedMessage: false
  ...
# summary:
#   tests: 28
#   pass: 22
#   fail: 6
#   error: 0
#   skip: 0
# coverage:
#   combined: 1.00 (41/41)
#   individual:
#     Stage: 1.00 (5/5)
#     Apple: 1.00 (13/13)
#     Bananas: 1.00 (13/13)
#     Bowl: 1.00 (10/10)

