# project: K6_S01.sb3
TAP version 13
1..28
not ok 1 - Variable Initialization Test
  ---
  severity: fail
  error:
    name: AssertionError
    actual: false
    expected: true
    operator: ok
    message: Time must start at 30 seconds.
    generatedMessage: false
  ...
not ok 2 - Bowl Initialization Test
  ---
  severity: fail
  error:
    name: AssertionError
    actual: 50
    expected: 0
    operator: ==
    message: Bowl must start at x = 0.
    generatedMessage: false
  ...
ok 3 - Fruit Initialization Test
not ok 4 - Bowl Movement Test
  ---
  severity: fail
  error:
    name: AssertionError
    actual: 50
    expected: 50
    operator: <
    message: Bowl must move to the left when left arrow key is pressed.
    generatedMessage: false
  ...
not ok 5 - Bowl Movement Details Test
  ---
  severity: fail
  error:
    name: AssumptionError
    actual: 50
    expected: 50
    operator: <
    message: Bowl must move to the left when left arrow key is pressed.
    generatedMessage: false
  ...
not ok 6 - Apple Falling Test
  ---
  severity: fail
  error:
    name: AssertionError
    actual: false
    expected: true
    operator: ok
    message: Apple must appear on the top of the screen after 5 seconds.
    generatedMessage: false
  ...
not ok 7 - Apple Falling Details Test
  ---
  severity: fail
  error:
    name: AssumptionError
    actual: false
    expected: true
    operator: ok
    message: Apple must appear on the top of the screen after 5 seconds.
    generatedMessage: false
  ...
not ok 8 - Banana Falling Test
  ---
  severity: fail
  error:
    name: AssertionError
    actual: false
    expected: true
    operator: ok
    message: Banana must appear on the top of the screen after 5 seconds.
    generatedMessage: false
  ...
not ok 9 - Banana Falling Details Test
  ---
  severity: fail
  error:
    name: AssumptionError
    actual: false
    expected: true
    operator: ok
    message: Banana must appear on the top of the screen after 5 seconds.
    generatedMessage: false
  ...
not ok 10 - Apple Spawn Test
  ---
  severity: fail
  error:
    name: AssertionError
    actual: 0
    expected: 3
    operator: '>='
    message: At least three Apples must have spawned after 30 seconds.
    generatedMessage: false
  ...
not ok 11 - Apple Spawn Random X Position Test
  ---
  severity: fail
  error:
    name: AssumptionError
    actual: 0
    expected: 3
    operator: '>='
    message: At least three Apples must have spawned after 30 seconds.
    generatedMessage: false
  ...
not ok 12 - Apple Spawn Y Position Test
  ---
  severity: fail
  error:
    name: AssumptionError
    actual: 0
    expected: 3
    operator: '>='
    message: At least three Apples must have spawned after 30 seconds.
    generatedMessage: false
  ...
not ok 13 - Banana Spawn Test
  ---
  severity: fail
  error:
    name: AssertionError
    actual: 0
    expected: 3
    operator: '>='
    message: At least three Bananas must have spawned after 30 seconds.
    generatedMessage: false
  ...
not ok 14 - Banana Spawn Random X Position Test
  ---
  severity: fail
  error:
    name: AssumptionError
    actual: 0
    expected: 3
    operator: '>='
    message: At least three Bananas must have spawned after 30 seconds.
    generatedMessage: false
  ...
not ok 15 - Banana Spawn Y Position Test
  ---
  severity: fail
  error:
    name: AssumptionError
    actual: 0
    expected: 3
    operator: '>='
    message: At least three Bananas must have spawned after 30 seconds.
    generatedMessage: false
  ...
not ok 16 - Only One Apple Test
  ---
  severity: fail
  error:
    name: AssumptionError
    actual: 0
    expected: 3
    operator: '>='
    message: At least three Apples must have spawned after 30 seconds.
    generatedMessage: false
  ...
not ok 17 - Only One Banana Test
  ---
  severity: fail
  error:
    name: AssumptionError
    actual: 0
    expected: 3
    operator: '>='
    message: At least three Bananas must have spawned after 30 seconds.
    generatedMessage: false
  ...
not ok 18 - Banana Fall Delay Test
  ---
  severity: fail
  error:
    name: AssertionError
    actual: false
    expected: true
    operator: ok
    message: Banana must not be visible for a second in the beginning.
    generatedMessage: false
    constraint: '[no name]'
  ...
not ok 19 - Banana Ground Delay Test
  ---
  severity: fail
  error:
    name: AssumptionError
    actual: false
    expected: ground
    operator: ==
    message: Banana didn't touch the ground in 30 seconds.
    generatedMessage: false
  ...
not ok 20 - Apple Points Test
  ---
  severity: fail
  error:
    name: AssumptionError
    actual: false
    expected: true
    operator: ok
    message: An apple must appear on the top of the screen after 5 seconds.
    generatedMessage: false
  ...
not ok 21 - Apple Game Over Test
  ---
  severity: fail
  error:
    name: AssumptionError
    actual: false
    expected: true
    operator: ok
    message: An apple must appear on the top of the screen after five seconds.
    generatedMessage: false
  ...
not ok 22 - Apple Game Over Message Test
  ---
  severity: fail
  error:
    name: AssumptionError
    actual: false
    expected: true
    operator: ok
    message: An apple must appear on the top of the screen after five seconds.
    generatedMessage: false
  ...
not ok 23 - Banana Bowl Points Test
  ---
  severity: fail
  error:
    name: AssumptionError
    actual: false
    expected: bowl
    operator: ==
    message: Banana didn't touch the bowl after 30 seconds.
    generatedMessage: false
  ...
not ok 24 - Banana Ground Points Test
  ---
  severity: fail
  error:
    name: AssumptionError
    actual: false
    expected: ground
    operator: ==
    message: Banana didn't touch the ground after 30 seconds.
    generatedMessage: false
  ...
not ok 25 - Banana Ground Message Test
  ---
  severity: fail
  error:
    name: AssumptionError
    actual: false
    expected: ground
    operator: ==
    message: Banana didn't touch the ground after 30 seconds.
    generatedMessage: false
  ...
not ok 26 - Timer Tick Test
  ---
  severity: fail
  error:
    name: AssertionError
    actual: 13
    expected: 12
    operator: ==
    message: Time must decrease by one every second.
    generatedMessage: false
  ...
not ok 27 - Timer Game Over Test
  ---
  severity: fail
  error:
    name: AssertionError
    actual: false
    expected: true
    operator: ok
    message: Game must not be over after 5 seconds.
    generatedMessage: false
  ...
not ok 28 - Timer Game Over Message Test
  ---
  severity: fail
  error:
    name: AssertionError
    actual: false
    expected: true
    operator: ok
    message: Bowl must display a message when the time is up.
    generatedMessage: false
  ...
# summary:
#   tests: 28
#   pass: 1
#   fail: 27
#   error: 0
#   skip: 0
# coverage:
#   combined: 0.00 (0/46)
#   individual:
#     Stage: NaN (0/0)
#     Bowl: 0.00 (0/15)
#     Apple: 0.00 (0/12)
#     Bananas: 0.00 (0/19)

# project: K6_S02.sb3
TAP version 13
1..28
not ok 1 - Variable Initialization Test
  ---
  severity: fail
  error:
    name: AssertionError
    actual: false
    expected: true
    operator: ok
    message: Time must start at 30 seconds.
    generatedMessage: false
  ...
not ok 2 - Bowl Initialization Test
  ---
  severity: fail
  error:
    name: AssertionError
    actual: 52
    expected: 0
    operator: ==
    message: Bowl must start at x = 0.
    generatedMessage: false
  ...
ok 3 - Fruit Initialization Test
ok 4 - Bowl Movement Test
not ok 5 - Bowl Movement Details Test
  ---
  severity: fail
  error:
    name: AssertionError
    actual: false
    expected: true
    operator: ok
    message: Bowl must move in steps of size 10.
    generatedMessage: false
    constraint: '[no name]'
  ...
ok 6 - Apple Falling Test
ok 7 - Apple Falling Details Test
ok 8 - Banana Falling Test
not ok 9 - Banana Falling Details Test
  ---
  severity: fail
  error:
    name: AssertionError
    actual: false
    expected: true
    operator: ok
    message: Banana must fall with a speed of -7.
    generatedMessage: false
    constraint: '[no name]'
  ...
ok 10 - Apple Spawn Test
ok 11 - Apple Spawn Random X Position Test
ok 12 - Apple Spawn Y Position Test
not ok 13 - Banana Spawn Test
  ---
  severity: fail
  error:
    name: AssertionError
    actual: 0
    expected: 3
    operator: '>='
    message: At least three Bananas must have spawned after 30 seconds.
    generatedMessage: false
  ...
not ok 14 - Banana Spawn Random X Position Test
  ---
  severity: fail
  error:
    name: AssumptionError
    actual: 0
    expected: 3
    operator: '>='
    message: At least three Bananas must have spawned after 30 seconds.
    generatedMessage: false
  ...
not ok 15 - Banana Spawn Y Position Test
  ---
  severity: fail
  error:
    name: AssumptionError
    actual: 0
    expected: 3
    operator: '>='
    message: At least three Bananas must have spawned after 30 seconds.
    generatedMessage: false
  ...
ok 16 - Only One Apple Test
not ok 17 - Only One Banana Test
  ---
  severity: fail
  error:
    name: AssumptionError
    actual: 0
    expected: 3
    operator: '>='
    message: At least three Bananas must have spawned after 30 seconds.
    generatedMessage: false
  ...
not ok 18 - Banana Fall Delay Test
  ---
  severity: fail
  error:
    name: AssertionError
    actual: false
    expected: true
    operator: ok
    message: Banana must not be visible for a second in the beginning.
    generatedMessage: false
    constraint: '[no name]'
  ...
not ok 19 - Banana Ground Delay Test
  ---
  severity: fail
  error:
    name: AssertionError
    actual: false
    expected: true
    operator: ok
    message: Banana must not be visible for a second after touching the ground.
    generatedMessage: false
    constraint: '[no name]'
  ...
not ok 20 - Apple Points Test
  ---
  severity: fail
  error:
    name: AssertionError
    actual: 1
    expected: 5
    operator: ==
    message: Apple must give 5 points when it touches the bowl.
    generatedMessage: false
  ...
ok 21 - Apple Game Over Test
not ok 22 - Apple Game Over Message Test
  ---
  severity: fail
  error:
    name: AssertionError
    actual: false
    expected: true
    operator: ok
    message: Apple's game over message must disappear one second after it hit the ground
    generatedMessage: false
  ...
not ok 23 - Banana Bowl Points Test
  ---
  severity: fail
  error:
    name: AssumptionError
    actual: ground
    expected: bowl
    operator: ==
    message: Banana didn't touch the bowl after 30 seconds.
    generatedMessage: false
  ...
ok 24 - Banana Ground Points Test
  ---
  log:
    - Apple touched the bowl before the banana touched the ground.
  ...
not ok 25 - Banana Ground Message Test
  ---
  severity: fail
  error:
    name: AssertionError
    actual: false
    expected: true
    operator: ok
    message: Banana's message must disappear a second after it hit the ground
    generatedMessage: false
  log:
    - Apple touched the bowl before the banana touched the ground.
  ...
not ok 26 - Timer Tick Test
  ---
  severity: fail
  error:
    name: AssertionError
    actual: 38
    expected: 37
    operator: ==
    message: Time must decrease by one every second.
    generatedMessage: false
  ...
ok 27 - Timer Game Over Test
not ok 28 - Timer Game Over Message Test
  ---
  severity: fail
  error:
    name: AssertionError
    actual: false
    expected: true
    operator: ok
    message: Bowl must display a message when the time is up.
    generatedMessage: false
  ...
# summary:
#   tests: 28
#   pass: 12
#   fail: 16
#   error: 0
#   skip: 0
# coverage:
#   combined: 0.65 (24/37)
#   individual:
#     Stage: NaN (0/0)
#     Bowl: 1.00 (4/4)
#     Bananas: 0.53 (9/17)
#     Apple: 0.69 (11/16)

# project: K6_S03.sb3
TAP version 13
1..28
not ok 1 - Variable Initialization Test
  ---
  severity: fail
  error:
    name: AssertionError
    actual: 4020
    expected: 0
    operator: ==
    message: Score must start at 0.
    generatedMessage: false
  ...
ok 2 - Bowl Initialization Test
ok 3 - Fruit Initialization Test
ok 4 - Bowl Movement Test
not ok 5 - Bowl Movement Details Test
  ---
  severity: fail
  error:
    name: AssertionError
    actual: false
    expected: true
    operator: ok
    message: Bowl must move in steps of size 10.
    generatedMessage: false
    constraint: '[no name]'
  ...
ok 6 - Apple Falling Test
ok 7 - Apple Falling Details Test
not ok 8 - Banana Falling Test
  ---
  severity: fail
  error:
    name: AssertionError
    actual: false
    expected: true
    operator: ok
    message: Banana must appear on the top of the screen after 5 seconds.
    generatedMessage: false
  ...
not ok 9 - Banana Falling Details Test
  ---
  severity: fail
  error:
    name: AssumptionError
    actual: false
    expected: true
    operator: ok
    message: Banana must appear on the top of the screen after 5 seconds.
    generatedMessage: false
  ...
ok 10 - Apple Spawn Test
ok 11 - Apple Spawn Random X Position Test
ok 12 - Apple Spawn Y Position Test
not ok 13 - Banana Spawn Test
  ---
  severity: fail
  error:
    name: AssertionError
    actual: 1
    expected: 3
    operator: '>='
    message: At least three Bananas must have spawned after 30 seconds.
    generatedMessage: false
  ...
not ok 14 - Banana Spawn Random X Position Test
  ---
  severity: fail
  error:
    name: AssumptionError
    actual: 1
    expected: 3
    operator: '>='
    message: At least three Bananas must have spawned after 30 seconds.
    generatedMessage: false
  ...
not ok 15 - Banana Spawn Y Position Test
  ---
  severity: fail
  error:
    name: AssumptionError
    actual: 1
    expected: 3
    operator: '>='
    message: At least three Bananas must have spawned after 30 seconds.
    generatedMessage: false
  ...
ok 16 - Only One Apple Test
not ok 17 - Only One Banana Test
  ---
  severity: fail
  error:
    name: AssumptionError
    actual: 1
    expected: 3
    operator: '>='
    message: At least three Bananas must have spawned after 30 seconds.
    generatedMessage: false
  ...
not ok 18 - Banana Fall Delay Test
  ---
  severity: fail
  error:
    name: AssertionError
    actual: false
    expected: true
    operator: ok
    message: Banana must not be visible for a second in the beginning.
    generatedMessage: false
    constraint: '[no name]'
  ...
not ok 19 - Banana Ground Delay Test
  ---
  severity: fail
  error:
    name: AssertionError
    actual: false
    expected: true
    operator: ok
    message: Banana must not be visible for a second after touching the ground.
    generatedMessage: false
    constraint: '[no name]'
  ...
not ok 20 - Apple Points Test
  ---
  severity: fail
  error:
    name: AssertionError
    actual: 4029
    expected: 4033
    operator: ==
    message: Apple must give 5 points when it touches the bowl.
    generatedMessage: false
  log:
    - Banana touched the ground before the apple touched the bowl.
  ...
not ok 21 - Apple Game Over Test
  ---
  severity: fail
  error:
    name: AssertionError
    actual: 4044
    expected: 4036
    operator: ==
    message: Score must not change after game is over (should be over).
    generatedMessage: false
    constraint: '[no name]'
  ...
not ok 22 - Apple Game Over Message Test
  ---
  severity: fail
  error:
    name: AssertionError
    actual: false
    expected: true
    operator: ok
    message: Apple must display a message if it hits the ground.
    generatedMessage: false
  ...
not ok 23 - Banana Bowl Points Test
  ---
  severity: fail
  error:
    name: AssumptionError
    actual: ground
    expected: bowl
    operator: ==
    message: Banana didn't touch the bowl after 30 seconds.
    generatedMessage: false
  ...
not ok 24 - Banana Ground Points Test
  ---
  severity: fail
  error:
    name: AssertionError
    actual: 4028
    expected: 4012
    operator: ==
    message: Banana must subtract 8 points when it touches the ground.
    generatedMessage: false
  ...
not ok 25 - Banana Ground Message Test
  ---
  severity: fail
  error:
    name: AssertionError
    actual: false
    expected: true
    operator: ok
    message: Banana's message must disappear a second after it hit the ground
    generatedMessage: false
  ...
not ok 26 - Timer Tick Test
  ---
  severity: fail
  error:
    name: AssertionError
    actual: '30'
    expected: 29
    operator: ==
    message: Time must decrease by one every second.
    generatedMessage: false
  ...
not ok 27 - Timer Game Over Test
  ---
  severity: fail
  error:
    name: AssertionError
    actual: 4210
    expected: 4202
    operator: ==
    message: Score must not change after game is over (should be over).
    generatedMessage: false
    constraint: '[no name]'
  ...
not ok 28 - Timer Game Over Message Test
  ---
  severity: fail
  error:
    name: AssertionError
    actual: false
    expected: true
    operator: ok
    message: Bowl must display a message when the time is up.
    generatedMessage: false
  ...
# summary:
#   tests: 28
#   pass: 9
#   fail: 19
#   error: 0
#   skip: 0
# coverage:
#   combined: 0.73 (33/45)
#   individual:
#     Stage: NaN (0/0)
#     Bowl: 1.00 (6/6)
#     Bananas: 0.65 (17/26)
#     Apple: 0.77 (10/13)

# project: K6_S05.sb3
TAP version 13
1..28
ok 1 - Variable Initialization Test
ok 2 - Bowl Initialization Test
ok 3 - Fruit Initialization Test
ok 4 - Bowl Movement Test
ok 5 - Bowl Movement Details Test
ok 6 - Apple Falling Test
not ok 7 - Apple Falling Details Test
  ---
  severity: fail
  error:
    name: AssertionError
    actual: false
    expected: true
    operator: ok
    message: Apple must fall with a speed of -5.
    generatedMessage: false
    constraint: '[no name]'
  ...
ok 8 - Banana Falling Test
not ok 9 - Banana Falling Details Test
  ---
  severity: fail
  error:
    name: AssertionError
    actual: false
    expected: true
    operator: ok
    message: Banana must fall with a speed of -7.
    generatedMessage: false
    constraint: '[no name]'
  ...
ok 10 - Apple Spawn Test
ok 11 - Apple Spawn Random X Position Test
not ok 12 - Apple Spawn Y Position Test
  ---
  severity: fail
  error:
    name: AssertionError
    actual: false
    expected: true
    operator: ok
    message: Apples must spawn at y = 170.
    generatedMessage: false
  ...
ok 13 - Banana Spawn Test
ok 14 - Banana Spawn Random X Position Test
not ok 15 - Banana Spawn Y Position Test
  ---
  severity: fail
  error:
    name: AssertionError
    actual: false
    expected: true
    operator: ok
    message: Bananas must spawn at y = 170.
    generatedMessage: false
  ...
ok 16 - Only One Apple Test
ok 17 - Only One Banana Test
not ok 18 - Banana Fall Delay Test
  ---
  severity: fail
  error:
    name: AssertionError
    actual: false
    expected: true
    operator: ok
    message: Banana must not be visible for a second in the beginning.
    generatedMessage: false
    constraint: '[no name]'
  ...
not ok 19 - Banana Ground Delay Test
  ---
  severity: fail
  error:
    name: AssertionError
    actual: false
    expected: true
    operator: ok
    message: Banana must not be visible for a second after touching the ground.
    generatedMessage: false
    constraint: '[no name]'
  ...
ok 20 - Apple Points Test
ok 21 - Apple Game Over Test
ok 22 - Apple Game Over Message Test
not ok 23 - Banana Bowl Points Test
  ---
  severity: fail
  error:
    name: AssumptionError
    actual: ground
    expected: bowl
    operator: ==
    message: Banana didn't touch the bowl after 30 seconds.
    generatedMessage: false
  ...
not ok 24 - Banana Ground Points Test
  ---
  severity: fail
  error:
    name: AssumptionError
    actual: false
    expected: true
    operator: ok
    message: Apple must not touch the ground during this test.
    generatedMessage: false
  ...
ok 25 - Banana Ground Message Test
  ---
  log:
    - Apple touched the bowl before the banana touched the ground.
  ...
ok 26 - Timer Tick Test
ok 27 - Timer Game Over Test
not ok 28 - Timer Game Over Message Test
  ---
  severity: fail
  error:
    name: AssertionError
    actual: false
    expected: true
    operator: ok
    message: Bowl must display a message when the time is up.
    generatedMessage: false
  ...
# summary:
#   tests: 28
#   pass: 19
#   fail: 9
#   error: 0
#   skip: 0
# coverage:
#   combined: 0.96 (47/49)
#   individual:
#     Stage: NaN (0/0)
#     Apple: 1.00 (23/23)
#     Bananas: 1.00 (16/16)
#     Bowl: 0.80 (8/10)

# project: K6_S06.sb3
TAP version 13
1..28
not ok 1 - Variable Initialization Test
  ---
  severity: fail
  error:
    name: AssertionError
    actual: false
    expected: true
    operator: ok
    message: Time must start at 30 seconds.
    generatedMessage: false
  ...
not ok 2 - Bowl Initialization Test
  ---
  severity: fail
  error:
    name: AssertionError
    actual: -120
    expected: 0
    operator: ==
    message: Bowl must start at x = 0.
    generatedMessage: false
  ...
ok 3 - Fruit Initialization Test
not ok 4 - Bowl Movement Test
  ---
  severity: fail
  error:
    name: AssertionError
    actual: -120
    expected: -120
    operator: <
    message: Bowl must move to the left when left arrow key is pressed.
    generatedMessage: false
  ...
not ok 5 - Bowl Movement Details Test
  ---
  severity: fail
  error:
    name: AssumptionError
    actual: -120
    expected: -120
    operator: <
    message: Bowl must move to the left when left arrow key is pressed.
    generatedMessage: false
  ...
not ok 6 - Apple Falling Test
  ---
  severity: fail
  error:
    name: AssertionError
    actual: false
    expected: true
    operator: ok
    message: Apple must appear on the top of the screen after 5 seconds.
    generatedMessage: false
  ...
not ok 7 - Apple Falling Details Test
  ---
  severity: fail
  error:
    name: AssumptionError
    actual: false
    expected: true
    operator: ok
    message: Apple must appear on the top of the screen after 5 seconds.
    generatedMessage: false
  ...
not ok 8 - Banana Falling Test
  ---
  severity: fail
  error:
    name: AssertionError
    actual: false
    expected: true
    operator: ok
    message: Banana must appear on the top of the screen after 5 seconds.
    generatedMessage: false
  ...
not ok 9 - Banana Falling Details Test
  ---
  severity: fail
  error:
    name: AssumptionError
    actual: false
    expected: true
    operator: ok
    message: Banana must appear on the top of the screen after 5 seconds.
    generatedMessage: false
  ...
not ok 10 - Apple Spawn Test
  ---
  severity: fail
  error:
    name: AssertionError
    actual: 0
    expected: 3
    operator: '>='
    message: At least three Apples must have spawned after 30 seconds.
    generatedMessage: false
  ...
not ok 11 - Apple Spawn Random X Position Test
  ---
  severity: fail
  error:
    name: AssumptionError
    actual: 0
    expected: 3
    operator: '>='
    message: At least three Apples must have spawned after 30 seconds.
    generatedMessage: false
  ...
not ok 12 - Apple Spawn Y Position Test
  ---
  severity: fail
  error:
    name: AssumptionError
    actual: 0
    expected: 3
    operator: '>='
    message: At least three Apples must have spawned after 30 seconds.
    generatedMessage: false
  ...
not ok 13 - Banana Spawn Test
  ---
  severity: fail
  error:
    name: AssertionError
    actual: 0
    expected: 3
    operator: '>='
    message: At least three Bananas must have spawned after 30 seconds.
    generatedMessage: false
  ...
not ok 14 - Banana Spawn Random X Position Test
  ---
  severity: fail
  error:
    name: AssumptionError
    actual: 0
    expected: 3
    operator: '>='
    message: At least three Bananas must have spawned after 30 seconds.
    generatedMessage: false
  ...
not ok 15 - Banana Spawn Y Position Test
  ---
  severity: fail
  error:
    name: AssumptionError
    actual: 0
    expected: 3
    operator: '>='
    message: At least three Bananas must have spawned after 30 seconds.
    generatedMessage: false
  ...
not ok 16 - Only One Apple Test
  ---
  severity: fail
  error:
    name: AssumptionError
    actual: 0
    expected: 3
    operator: '>='
    message: At least three Apples must have spawned after 30 seconds.
    generatedMessage: false
  ...
not ok 17 - Only One Banana Test
  ---
  severity: fail
  error:
    name: AssumptionError
    actual: 0
    expected: 3
    operator: '>='
    message: At least three Bananas must have spawned after 30 seconds.
    generatedMessage: false
  ...
not ok 18 - Banana Fall Delay Test
  ---
  severity: fail
  error:
    name: AssertionError
    actual: false
    expected: true
    operator: ok
    message: Banana must not be visible for a second in the beginning.
    generatedMessage: false
    constraint: '[no name]'
  ...
not ok 19 - Banana Ground Delay Test
  ---
  severity: fail
  error:
    name: AssumptionError
    actual: false
    expected: ground
    operator: ==
    message: Banana didn't touch the ground in 30 seconds.
    generatedMessage: false
  ...
not ok 20 - Apple Points Test
  ---
  severity: fail
  error:
    name: AssumptionError
    actual: false
    expected: true
    operator: ok
    message: An apple must appear on the top of the screen after 5 seconds.
    generatedMessage: false
  ...
not ok 21 - Apple Game Over Test
  ---
  severity: fail
  error:
    name: AssumptionError
    actual: false
    expected: true
    operator: ok
    message: An apple must appear on the top of the screen after five seconds.
    generatedMessage: false
  ...
not ok 22 - Apple Game Over Message Test
  ---
  severity: fail
  error:
    name: AssumptionError
    actual: false
    expected: true
    operator: ok
    message: An apple must appear on the top of the screen after five seconds.
    generatedMessage: false
  ...
not ok 23 - Banana Bowl Points Test
  ---
  severity: fail
  error:
    name: AssumptionError
    actual: false
    expected: bowl
    operator: ==
    message: Banana didn't touch the bowl after 30 seconds.
    generatedMessage: false
  ...
not ok 24 - Banana Ground Points Test
  ---
  severity: fail
  error:
    name: AssumptionError
    actual: false
    expected: ground
    operator: ==
    message: Banana didn't touch the ground after 30 seconds.
    generatedMessage: false
  ...
not ok 25 - Banana Ground Message Test
  ---
  severity: fail
  error:
    name: AssumptionError
    actual: false
    expected: ground
    operator: ==
    message: Banana didn't touch the ground after 30 seconds.
    generatedMessage: false
  ...
not ok 26 - Timer Tick Test
  ---
  severity: fail
  error:
    name: AssertionError
    actual: 17
    expected: 16
    operator: ==
    message: Time must decrease by one every second.
    generatedMessage: false
  ...
not ok 27 - Timer Game Over Test
  ---
  severity: fail
  error:
    name: AssertionError
    actual: false
    expected: true
    operator: ok
    message: Game must not be over after 5 seconds.
    generatedMessage: false
  ...
not ok 28 - Timer Game Over Message Test
  ---
  severity: fail
  error:
    name: AssertionError
    actual: false
    expected: true
    operator: ok
    message: Bowl must display a message when the time is up.
    generatedMessage: false
  ...
# summary:
#   tests: 28
#   pass: 1
#   fail: 27
#   error: 0
#   skip: 0
# coverage:
#   combined: 0.00 (0/37)
#   individual:
#     Stage: NaN (0/0)
#     Bowl: 0.00 (0/13)
#     Bananas: 0.00 (0/13)
#     Apple: 0.00 (0/11)

# project: K6_S10.sb3
TAP version 13
1..28
ok 1 - Variable Initialization Test
not ok 2 - Bowl Initialization Test
  ---
  severity: fail
  error:
    name: AssertionError
    actual: -155
    expected: -145
    operator: ==
    message: Bowl must start at y = -145.
    generatedMessage: false
  ...
ok 3 - Fruit Initialization Test
ok 4 - Bowl Movement Test
ok 5 - Bowl Movement Details Test
ok 6 - Apple Falling Test
ok 7 - Apple Falling Details Test
ok 8 - Banana Falling Test
ok 9 - Banana Falling Details Test
ok 10 - Apple Spawn Test
ok 11 - Apple Spawn Random X Position Test
not ok 12 - Apple Spawn Y Position Test
  ---
  severity: fail
  error:
    name: AssertionError
    actual: false
    expected: true
    operator: ok
    message: Apples must spawn at y = 170.
    generatedMessage: false
  ...
ok 13 - Banana Spawn Test
not ok 14 - Banana Spawn Random X Position Test
  ---
  severity: fail
  error:
    name: AssertionError
    actual: false
    expected: true
    operator: ok
    message: Bananas must spawn at random x positions.
    generatedMessage: false
  ...
not ok 15 - Banana Spawn Y Position Test
  ---
  severity: fail
  error:
    name: AssertionError
    actual: false
    expected: true
    operator: ok
    message: Bananas must spawn at y = 170.
    generatedMessage: false
  ...
ok 16 - Only One Apple Test
ok 17 - Only One Banana Test
not ok 18 - Banana Fall Delay Test
  ---
  severity: fail
  error:
    name: AssertionError
    actual: false
    expected: true
    operator: ok
    message: Banana must not be visible for a second in the beginning.
    generatedMessage: false
    constraint: '[no name]'
  ...
not ok 19 - Banana Ground Delay Test
  ---
  severity: fail
  error:
    name: AssertionError
    actual: false
    expected: true
    operator: ok
    message: Banana must not be visible for a second after touching the ground.
    generatedMessage: false
    constraint: '[no name]'
  ...
ok 20 - Apple Points Test
  ---
  log:
    - Banana touched the ground before the apple touched the bowl.
  ...
ok 21 - Apple Game Over Test
ok 22 - Apple Game Over Message Test
ok 23 - Banana Bowl Points Test
  ---
  log:
    - Apple touched the bowl before the banana touched the bowl.
  ...
ok 24 - Banana Ground Points Test
not ok 25 - Banana Ground Message Test
  ---
  severity: fail
  error:
    name: AssertionError
    actual: false
    expected: true
    operator: ok
    message: Banana must display a message when it hits the ground.
    generatedMessage: false
  ...
ok 26 - Timer Tick Test
not ok 27 - Timer Game Over Test
  ---
  severity: fail
  error:
    name: AssertionError
    actual: false
    expected: true
    operator: ok
    message: Game must not be over after 15 seconds.
    generatedMessage: false
  ...
not ok 28 - Timer Game Over Message Test
  ---
  severity: fail
  error:
    name: AssertionError
    actual: false
    expected: true
    operator: ok
    message: Bowl must display a message when the time is up.
    generatedMessage: false
  ...
# summary:
#   tests: 28
#   pass: 19
#   fail: 9
#   error: 0
#   skip: 0
# coverage:
#   combined: 0.95 (53/56)
#   individual:
#     Stage: NaN (0/0)
#     Bowl: 0.87 (13/15)
#     Apple: 1.00 (21/21)
#     Bananas: 0.95 (19/20)

# project: K6_S11.sb3
TAP version 13
1..28
not ok 1 - Variable Initialization Test
  ---
  severity: fail
  error:
    name: AssertionError
    actual: 87
    expected: 0
    operator: ==
    message: Score must start at 0.
    generatedMessage: false
  ...
ok 2 - Bowl Initialization Test
ok 3 - Fruit Initialization Test
ok 4 - Bowl Movement Test
ok 5 - Bowl Movement Details Test
not ok 6 - Apple Falling Test
  ---
  severity: fail
  error:
    name: AssertionError
    actual: false
    expected: true
    operator: ok
    message: Apple must appear on the top of the screen after 5 seconds.
    generatedMessage: false
  ...
not ok 7 - Apple Falling Details Test
  ---
  severity: fail
  error:
    name: AssumptionError
    actual: false
    expected: true
    operator: ok
    message: Apple must appear on the top of the screen after 5 seconds.
    generatedMessage: false
  ...
not ok 8 - Banana Falling Test
  ---
  severity: fail
  error:
    name: AssertionError
    actual: 150
    expected: 150
    operator: <
    message: Banana must fall down.
    generatedMessage: false
  ...
not ok 9 - Banana Falling Details Test
  ---
  severity: fail
  error:
    name: AssumptionError
    actual: 150
    expected: 150
    operator: <
    message: Banana must fall down.
    generatedMessage: false
  ...
not ok 10 - Apple Spawn Test
  ---
  severity: fail
  error:
    name: AssertionError
    actual: 0
    expected: 3
    operator: '>='
    message: At least three Apples must have spawned after 30 seconds.
    generatedMessage: false
  ...
not ok 11 - Apple Spawn Random X Position Test
  ---
  severity: fail
  error:
    name: AssumptionError
    actual: 0
    expected: 3
    operator: '>='
    message: At least three Apples must have spawned after 30 seconds.
    generatedMessage: false
  ...
not ok 12 - Apple Spawn Y Position Test
  ---
  severity: fail
  error:
    name: AssumptionError
    actual: 0
    expected: 3
    operator: '>='
    message: At least three Apples must have spawned after 30 seconds.
    generatedMessage: false
  ...
not ok 13 - Banana Spawn Test
  ---
  severity: fail
  error:
    name: AssertionError
    actual: 0
    expected: 3
    operator: '>='
    message: At least three Bananas must have spawned after 30 seconds.
    generatedMessage: false
  ...
not ok 14 - Banana Spawn Random X Position Test
  ---
  severity: fail
  error:
    name: AssumptionError
    actual: 0
    expected: 3
    operator: '>='
    message: At least three Bananas must have spawned after 30 seconds.
    generatedMessage: false
  ...
not ok 15 - Banana Spawn Y Position Test
  ---
  severity: fail
  error:
    name: AssumptionError
    actual: 0
    expected: 3
    operator: '>='
    message: At least three Bananas must have spawned after 30 seconds.
    generatedMessage: false
  ...
not ok 16 - Only One Apple Test
  ---
  severity: fail
  error:
    name: AssumptionError
    actual: 0
    expected: 3
    operator: '>='
    message: At least three Apples must have spawned after 30 seconds.
    generatedMessage: false
  ...
not ok 17 - Only One Banana Test
  ---
  severity: fail
  error:
    name: AssumptionError
    actual: 0
    expected: 3
    operator: '>='
    message: At least three Bananas must have spawned after 30 seconds.
    generatedMessage: false
  ...
not ok 18 - Banana Fall Delay Test
  ---
  severity: fail
  error:
    name: AssertionError
    actual: false
    expected: true
    operator: ok
    message: Banana must not be visible for a second in the beginning.
    generatedMessage: false
    constraint: '[no name]'
  ...
not ok 19 - Banana Ground Delay Test
  ---
  severity: fail
  error:
    name: AssumptionError
    actual: false
    expected: ground
    operator: ==
    message: Banana didn't touch the ground in 30 seconds.
    generatedMessage: false
  ...
not ok 20 - Apple Points Test
  ---
  severity: fail
  error:
    name: AssumptionError
    actual: false
    expected: true
    operator: ok
    message: An apple must appear on the top of the screen after 5 seconds.
    generatedMessage: false
  ...
not ok 21 - Apple Game Over Test
  ---
  severity: fail
  error:
    name: AssumptionError
    actual: false
    expected: true
    operator: ok
    message: An apple must appear on the top of the screen after five seconds.
    generatedMessage: false
  ...
not ok 22 - Apple Game Over Message Test
  ---
  severity: fail
  error:
    name: AssumptionError
    actual: false
    expected: true
    operator: ok
    message: An apple must appear on the top of the screen after five seconds.
    generatedMessage: false
  ...
not ok 23 - Banana Bowl Points Test
  ---
  severity: fail
  error:
    name: AssumptionError
    actual: false
    expected: bowl
    operator: ==
    message: Banana didn't touch the bowl after 30 seconds.
    generatedMessage: false
  ...
not ok 24 - Banana Ground Points Test
  ---
  severity: fail
  error:
    name: AssumptionError
    actual: false
    expected: ground
    operator: ==
    message: Banana didn't touch the ground after 30 seconds.
    generatedMessage: false
  ...
not ok 25 - Banana Ground Message Test
  ---
  severity: fail
  error:
    name: AssumptionError
    actual: false
    expected: ground
    operator: ==
    message: Banana didn't touch the ground after 30 seconds.
    generatedMessage: false
  ...
not ok 26 - Timer Tick Test
  ---
  severity: fail
  error:
    name: AssertionError
    actual: '30'
    expected: 29
    operator: ==
    message: Time must decrease by one every second.
    generatedMessage: false
  ...
not ok 27 - Timer Game Over Test
  ---
  severity: fail
  error:
    name: AssertionError
    actual: false
    expected: true
    operator: ok
    message: Game must not be over after 10 seconds.
    generatedMessage: false
  ...
not ok 28 - Timer Game Over Message Test
  ---
  severity: fail
  error:
    name: AssertionError
    actual: false
    expected: true
    operator: ok
    message: Bowl must display a message when the time is up.
    generatedMessage: false
  ...
# summary:
#   tests: 28
#   pass: 4
#   fail: 24
#   error: 0
#   skip: 0
# coverage:
#   combined: 0.82 (23/28)
#   individual:
#     Stage: NaN (0/0)
#     Apple: 1.00 (11/11)
#     Bananas: 0.63 (5/8)
#     Bowl: 0.78 (7/9)

# project: K6_S12.sb3
TAP version 13
1..28
not ok 1 - Variable Initialization Test
  ---
  severity: fail
  error:
    name: AssumptionError
    actual: false
    expected: true
    operator: ok
    message: Could not find variable time.
    generatedMessage: false
  ...
not ok 2 - Bowl Initialization Test
  ---
  severity: fail
  error:
    name: AssertionError
    actual: 27
    expected: 0
    operator: ==
    message: Bowl must start at x = 0.
    generatedMessage: false
  ...
not ok 3 - Fruit Initialization Test
  ---
  severity: fail
  error:
    name: AssertionError
    actual: 100
    expected: 50
    operator: ==
    message: Apple must have a size of 50%.
    generatedMessage: false
  ...
ok 4 - Bowl Movement Test
ok 5 - Bowl Movement Details Test
not ok 6 - Apple Falling Test
  ---
  severity: fail
  error:
    name: AssertionError
    actual: false
    expected: true
    operator: ok
    message: Apple must appear on the top of the screen after 5 seconds.
    generatedMessage: false
  ...
not ok 7 - Apple Falling Details Test
  ---
  severity: fail
  error:
    name: AssumptionError
    actual: false
    expected: true
    operator: ok
    message: Apple must appear on the top of the screen after 5 seconds.
    generatedMessage: false
  ...
not ok 8 - Banana Falling Test
  ---
  severity: fail
  error:
    name: AssertionError
    actual: 180
    expected: 180
    operator: <
    message: Banana must fall down.
    generatedMessage: false
  ...
not ok 9 - Banana Falling Details Test
  ---
  severity: fail
  error:
    name: AssumptionError
    actual: 180
    expected: 180
    operator: <
    message: Banana must fall down.
    generatedMessage: false
  ...
not ok 10 - Apple Spawn Test
  ---
  severity: fail
  error:
    name: AssertionError
    actual: 0
    expected: 3
    operator: '>='
    message: At least three Apples must have spawned after 30 seconds.
    generatedMessage: false
  ...
not ok 11 - Apple Spawn Random X Position Test
  ---
  severity: fail
  error:
    name: AssumptionError
    actual: 0
    expected: 3
    operator: '>='
    message: At least three Apples must have spawned after 30 seconds.
    generatedMessage: false
  ...
not ok 12 - Apple Spawn Y Position Test
  ---
  severity: fail
  error:
    name: AssumptionError
    actual: 0
    expected: 3
    operator: '>='
    message: At least three Apples must have spawned after 30 seconds.
    generatedMessage: false
  ...
not ok 13 - Banana Spawn Test
  ---
  severity: fail
  error:
    name: AssertionError
    actual: 0
    expected: 3
    operator: '>='
    message: At least three Bananas must have spawned after 30 seconds.
    generatedMessage: false
  ...
not ok 14 - Banana Spawn Random X Position Test
  ---
  severity: fail
  error:
    name: AssumptionError
    actual: 0
    expected: 3
    operator: '>='
    message: At least three Bananas must have spawned after 30 seconds.
    generatedMessage: false
  ...
not ok 15 - Banana Spawn Y Position Test
  ---
  severity: fail
  error:
    name: AssumptionError
    actual: 0
    expected: 3
    operator: '>='
    message: At least three Bananas must have spawned after 30 seconds.
    generatedMessage: false
  ...
not ok 16 - Only One Apple Test
  ---
  severity: fail
  error:
    name: AssumptionError
    actual: 0
    expected: 3
    operator: '>='
    message: At least three Apples must have spawned after 30 seconds.
    generatedMessage: false
  ...
not ok 17 - Only One Banana Test
  ---
  severity: fail
  error:
    name: AssumptionError
    actual: 0
    expected: 3
    operator: '>='
    message: At least three Bananas must have spawned after 30 seconds.
    generatedMessage: false
  ...
not ok 18 - Banana Fall Delay Test
  ---
  severity: fail
  error:
    name: AssertionError
    actual: false
    expected: true
    operator: ok
    message: Banana must not be visible for a second in the beginning.
    generatedMessage: false
    constraint: '[no name]'
  ...
not ok 19 - Banana Ground Delay Test
  ---
  severity: fail
  error:
    name: AssumptionError
    actual: false
    expected: ground
    operator: ==
    message: Banana didn't touch the ground in 30 seconds.
    generatedMessage: false
  ...
not ok 20 - Apple Points Test
  ---
  severity: fail
  error:
    name: AssumptionError
    actual: false
    expected: true
    operator: ok
    message: An apple must appear on the top of the screen after 5 seconds.
    generatedMessage: false
  ...
not ok 21 - Apple Game Over Test
  ---
  severity: fail
  error:
    name: AssumptionError
    actual: false
    expected: true
    operator: ok
    message: An apple must appear on the top of the screen after five seconds.
    generatedMessage: false
  ...
not ok 22 - Apple Game Over Message Test
  ---
  severity: fail
  error:
    name: AssumptionError
    actual: false
    expected: true
    operator: ok
    message: An apple must appear on the top of the screen after five seconds.
    generatedMessage: false
  ...
not ok 23 - Banana Bowl Points Test
  ---
  severity: fail
  error:
    name: AssumptionError
    actual: false
    expected: bowl
    operator: ==
    message: Banana didn't touch the bowl after 30 seconds.
    generatedMessage: false
  ...
not ok 24 - Banana Ground Points Test
  ---
  severity: fail
  error:
    name: AssumptionError
    actual: false
    expected: ground
    operator: ==
    message: Banana didn't touch the ground after 30 seconds.
    generatedMessage: false
  ...
not ok 25 - Banana Ground Message Test
  ---
  severity: fail
  error:
    name: AssumptionError
    actual: false
    expected: ground
    operator: ==
    message: Banana didn't touch the ground after 30 seconds.
    generatedMessage: false
  ...
not ok 26 - Timer Tick Test
  ---
  severity: fail
  error:
    name: AssumptionError
    actual: false
    expected: true
    operator: ok
    message: Could not find variable time.
    generatedMessage: false
  ...
not ok 27 - Timer Game Over Test
  ---
  severity: fail
  error:
    name: AssumptionError
    actual: false
    expected: true
    operator: ok
    message: Could not find variable time.
    generatedMessage: false
  ...
not ok 28 - Timer Game Over Message Test
  ---
  severity: fail
  error:
    name: AssertionError
    actual: false
    expected: true
    operator: ok
    message: Bowl must display a message when the time is up.
    generatedMessage: false
  ...
# summary:
#   tests: 28
#   pass: 2
#   fail: 26
#   error: 0
#   skip: 0
# coverage:
#   combined: 0.35 (9/26)
#   individual:
#     Stage: NaN (0/0)
#     Bowl: 0.90 (9/10)
#     Apple: 0.00 (0/9)
#     Bananas: 0.00 (0/7)

# project: K6_S13.sb3
TAP version 13
1..28
ok 1 - Variable Initialization Test
not ok 2 - Bowl Initialization Test
  ---
  severity: fail
  error:
    name: AssertionError
    actual: -140
    expected: -145
    operator: ==
    message: Bowl must start at y = -145.
    generatedMessage: false
  ...
not ok 3 - Fruit Initialization Test
  ---
  severity: fail
  error:
    name: AssertionError
    actual: 70
    expected: 50
    operator: ==
    message: Apple must have a size of 50%.
    generatedMessage: false
  ...
ok 4 - Bowl Movement Test
not ok 5 - Bowl Movement Details Test
  ---
  severity: fail
  error:
    name: AssertionError
    actual: false
    expected: true
    operator: ok
    message: Bowl must move in steps of size 10.
    generatedMessage: false
    constraint: '[no name]'
  ...
ok 6 - Apple Falling Test
not ok 7 - Apple Falling Details Test
  ---
  severity: fail
  error:
    name: AssertionError
    actual: false
    expected: true
    operator: ok
    message: Apple must fall with a speed of -5.
    generatedMessage: false
    constraint: '[no name]'
  ...
not ok 8 - Banana Falling Test
  ---
  severity: fail
  error:
    name: AssertionError
    actual: false
    expected: true
    operator: ok
    message: Banana must appear on the top of the screen after 5 seconds.
    generatedMessage: false
  ...
not ok 9 - Banana Falling Details Test
  ---
  severity: fail
  error:
    name: AssumptionError
    actual: false
    expected: true
    operator: ok
    message: Banana must appear on the top of the screen after 5 seconds.
    generatedMessage: false
  ...
ok 10 - Apple Spawn Test
ok 11 - Apple Spawn Random X Position Test
not ok 12 - Apple Spawn Y Position Test
  ---
  severity: fail
  error:
    name: AssertionError
    actual: false
    expected: true
    operator: ok
    message: Apples must spawn at y = 170.
    generatedMessage: false
  ...
not ok 13 - Banana Spawn Test
  ---
  severity: fail
  error:
    name: AssertionError
    actual: 0
    expected: 3
    operator: '>='
    message: At least three Bananas must have spawned after 30 seconds.
    generatedMessage: false
  ...
not ok 14 - Banana Spawn Random X Position Test
  ---
  severity: fail
  error:
    name: AssumptionError
    actual: 0
    expected: 3
    operator: '>='
    message: At least three Bananas must have spawned after 30 seconds.
    generatedMessage: false
  ...
not ok 15 - Banana Spawn Y Position Test
  ---
  severity: fail
  error:
    name: AssumptionError
    actual: 0
    expected: 3
    operator: '>='
    message: At least three Bananas must have spawned after 30 seconds.
    generatedMessage: false
  ...
ok 16 - Only One Apple Test
not ok 17 - Only One Banana Test
  ---
  severity: fail
  error:
    name: AssumptionError
    actual: 0
    expected: 3
    operator: '>='
    message: At least three Bananas must have spawned after 30 seconds.
    generatedMessage: false
  ...
not ok 18 - Banana Fall Delay Test
  ---
  severity: fail
  error:
    name: AssertionError
    actual: false
    expected: true
    operator: ok
    message: Banana must not be visible for a second in the beginning.
    generatedMessage: false
    constraint: '[no name]'
  ...
not ok 19 - Banana Ground Delay Test
  ---
  severity: fail
  error:
    name: AssumptionError
    actual: false
    expected: ground
    operator: ==
    message: Banana didn't touch the ground in 30 seconds.
    generatedMessage: false
  ...
not ok 20 - Apple Points Test
  ---
  severity: fail
  error:
    name: AssertionError
    actual: 0
    expected: 5
    operator: ==
    message: Apple must give 5 points when it touches the bowl.
    generatedMessage: false
  ...
not ok 21 - Apple Game Over Test
  ---
  severity: fail
  error:
    name: AssertionError
    actual: -103.79175
    expected: -104.064
    operator: ==
    message: Apple must not move after game is over (should be over).
    generatedMessage: false
    constraint: '[no name]'
  ...
not ok 22 - Apple Game Over Message Test
  ---
  severity: fail
  error:
    name: AssertionError
    actual: false
    expected: true
    operator: ok
    message: Apple's game over message must disappear one second after it hit the ground
    generatedMessage: false
  ...
not ok 23 - Banana Bowl Points Test
  ---
  severity: fail
  error:
    name: AssumptionError
    actual: false
    expected: bowl
    operator: ==
    message: Banana didn't touch the bowl after 30 seconds.
    generatedMessage: false
  ...
not ok 24 - Banana Ground Points Test
  ---
  severity: fail
  error:
    name: AssumptionError
    actual: false
    expected: ground
    operator: ==
    message: Banana didn't touch the ground after 30 seconds.
    generatedMessage: false
  ...
not ok 25 - Banana Ground Message Test
  ---
  severity: fail
  error:
    name: AssumptionError
    actual: false
    expected: ground
    operator: ==
    message: Banana didn't touch the ground after 30 seconds.
    generatedMessage: false
  ...
ok 26 - Timer Tick Test
ok 27 - Timer Game Over Test
not ok 28 - Timer Game Over Message Test
  ---
  severity: fail
  error:
    name: AssertionError
    actual: false
    expected: true
    operator: ok
    message: Bowl must display a message when the time is up.
    generatedMessage: false
  ...
# summary:
#   tests: 28
#   pass: 8
#   fail: 20
#   error: 0
#   skip: 0
# coverage:
#   combined: 0.98 (49/50)
#   individual:
#     Stage: NaN (0/0)
#     Apple: 0.97 (28/29)
#     Bowl: 1.00 (19/19)
#     Bananas: 1.00 (2/2)

# project: K6_S14.sb3
TAP version 13
1..28
not ok 1 - Variable Initialization Test
  ---
  severity: fail
  error:
    name: AssertionError
    actual: false
    expected: true
    operator: ok
    message: Time must start at 30 seconds.
    generatedMessage: false
  ...
ok 2 - Bowl Initialization Test
ok 3 - Fruit Initialization Test
not ok 4 - Bowl Movement Test
  ---
  severity: fail
  error:
    name: AssertionError
    actual: 0
    expected: 0
    operator: <
    message: Bowl must move to the left when left arrow key is pressed.
    generatedMessage: false
  ...
not ok 5 - Bowl Movement Details Test
  ---
  severity: fail
  error:
    name: AssumptionError
    actual: 0
    expected: 0
    operator: <
    message: Bowl must move to the left when left arrow key is pressed.
    generatedMessage: false
  ...
not ok 6 - Apple Falling Test
  ---
  severity: fail
  error:
    name: AssertionError
    actual: 170
    expected: 170
    operator: <
    message: Apple must fall down.
    generatedMessage: false
  ...
not ok 7 - Apple Falling Details Test
  ---
  severity: fail
  error:
    name: AssumptionError
    actual: 170
    expected: 170
    operator: <
    message: Apple must fall down.
    generatedMessage: false
  ...
not ok 8 - Banana Falling Test
  ---
  severity: fail
  error:
    name: AssertionError
    actual: 170
    expected: 170
    operator: <
    message: Banana must fall down.
    generatedMessage: false
  ...
not ok 9 - Banana Falling Details Test
  ---
  severity: fail
  error:
    name: AssumptionError
    actual: 170
    expected: 170
    operator: <
    message: Banana must fall down.
    generatedMessage: false
  ...
not ok 10 - Apple Spawn Test
  ---
  severity: fail
  error:
    name: AssertionError
    actual: 0
    expected: 3
    operator: '>='
    message: At least three Apples must have spawned after 30 seconds.
    generatedMessage: false
  ...
not ok 11 - Apple Spawn Random X Position Test
  ---
  severity: fail
  error:
    name: AssumptionError
    actual: 0
    expected: 3
    operator: '>='
    message: At least three Apples must have spawned after 30 seconds.
    generatedMessage: false
  ...
not ok 12 - Apple Spawn Y Position Test
  ---
  severity: fail
  error:
    name: AssumptionError
    actual: 0
    expected: 3
    operator: '>='
    message: At least three Apples must have spawned after 30 seconds.
    generatedMessage: false
  ...
not ok 13 - Banana Spawn Test
  ---
  severity: fail
  error:
    name: AssertionError
    actual: 0
    expected: 3
    operator: '>='
    message: At least three Bananas must have spawned after 30 seconds.
    generatedMessage: false
  ...
not ok 14 - Banana Spawn Random X Position Test
  ---
  severity: fail
  error:
    name: AssumptionError
    actual: 0
    expected: 3
    operator: '>='
    message: At least three Bananas must have spawned after 30 seconds.
    generatedMessage: false
  ...
not ok 15 - Banana Spawn Y Position Test
  ---
  severity: fail
  error:
    name: AssumptionError
    actual: 0
    expected: 3
    operator: '>='
    message: At least three Bananas must have spawned after 30 seconds.
    generatedMessage: false
  ...
not ok 16 - Only One Apple Test
  ---
  severity: fail
  error:
    name: AssumptionError
    actual: 0
    expected: 3
    operator: '>='
    message: At least three Apples must have spawned after 30 seconds.
    generatedMessage: false
  ...
not ok 17 - Only One Banana Test
  ---
  severity: fail
  error:
    name: AssumptionError
    actual: 0
    expected: 3
    operator: '>='
    message: At least three Bananas must have spawned after 30 seconds.
    generatedMessage: false
  ...
not ok 18 - Banana Fall Delay Test
  ---
  severity: fail
  error:
    name: AssertionError
    actual: false
    expected: true
    operator: ok
    message: Banana must not be visible for a second in the beginning.
    generatedMessage: false
    constraint: '[no name]'
  ...
not ok 19 - Banana Ground Delay Test
  ---
  severity: fail
  error:
    name: AssumptionError
    actual: false
    expected: ground
    operator: ==
    message: Banana didn't touch the ground in 30 seconds.
    generatedMessage: false
  ...
not ok 20 - Apple Points Test
  ---
  severity: fail
  error:
    name: AssumptionError
    actual: false
    expected: bowl
    operator: ==
    message: Apple must have touched the bowl after five seconds.
    generatedMessage: false
  ...
not ok 21 - Apple Game Over Test
  ---
  severity: fail
  error:
    name: AssumptionError
    actual: false
    expected: ground
    operator: ==
    message: Apple must have touched the ground after five seconds.
    generatedMessage: false
  ...
not ok 22 - Apple Game Over Message Test
  ---
  severity: fail
  error:
    name: AssumptionError
    actual: false
    expected: ground
    operator: ==
    message: Apple must have touched the ground after five seconds.
    generatedMessage: false
  ...
not ok 23 - Banana Bowl Points Test
  ---
  severity: fail
  error:
    name: AssumptionError
    actual: false
    expected: bowl
    operator: ==
    message: Banana didn't touch the bowl after 30 seconds.
    generatedMessage: false
  ...
not ok 24 - Banana Ground Points Test
  ---
  severity: fail
  error:
    name: AssumptionError
    actual: false
    expected: ground
    operator: ==
    message: Banana didn't touch the ground after 30 seconds.
    generatedMessage: false
  ...
not ok 25 - Banana Ground Message Test
  ---
  severity: fail
  error:
    name: AssumptionError
    actual: false
    expected: ground
    operator: ==
    message: Banana didn't touch the ground after 30 seconds.
    generatedMessage: false
  ...
not ok 26 - Timer Tick Test
  ---
  severity: fail
  error:
    name: AssertionError
    actual: 0
    expected: -1
    operator: ==
    message: Time must decrease by one every second.
    generatedMessage: false
  ...
not ok 27 - Timer Game Over Test
  ---
  severity: fail
  error:
    name: AssertionError
    actual: false
    expected: true
    operator: ok
    message: Game must not be over after 5 seconds.
    generatedMessage: false
  ...
not ok 28 - Timer Game Over Message Test
  ---
  severity: fail
  error:
    name: AssertionError
    actual: false
    expected: true
    operator: ok
    message: Bowl must display a message when the time is up.
    generatedMessage: false
  ...
# summary:
#   tests: 28
#   pass: 2
#   fail: 26
#   error: 0
#   skip: 0
# coverage:
#   combined: 0.00 (0/8)
#   individual:
#     Stage: NaN (0/0)
#     Bananas: 0.00 (0/3)
#     Bowl: 0.00 (0/2)
#     Apple: 0.00 (0/3)

# project: K6_S15.sb3
TAP version 13
1..28
not ok 1 - Variable Initialization Test
  ---
  severity: fail
  error:
    name: AssertionError
    actual: false
    expected: true
    operator: ok
    message: Time must start at 30 seconds.
    generatedMessage: false
  ...
not ok 2 - Bowl Initialization Test
  ---
  severity: fail
  error:
    name: AssertionError
    actual: 20
    expected: 0
    operator: ==
    message: Bowl must start at x = 0.
    generatedMessage: false
  ...
ok 3 - Fruit Initialization Test
not ok 4 - Bowl Movement Test
  ---
  severity: fail
  error:
    name: AssertionError
    actual: 20
    expected: 20
    operator: <
    message: Bowl must move to the left when left arrow key is pressed.
    generatedMessage: false
  ...
not ok 5 - Bowl Movement Details Test
  ---
  severity: fail
  error:
    name: AssumptionError
    actual: 20
    expected: 20
    operator: <
    message: Bowl must move to the left when left arrow key is pressed.
    generatedMessage: false
  ...
ok 6 - Apple Falling Test
ok 7 - Apple Falling Details Test
ok 8 - Banana Falling Test
not ok 9 - Banana Falling Details Test
  ---
  severity: fail
  error:
    name: AssertionError
    actual: false
    expected: true
    operator: ok
    message: Banana must fall with a speed of -7.
    generatedMessage: false
    constraint: '[no name]'
  ...
ok 10 - Apple Spawn Test
not ok 11 - Apple Spawn Random X Position Test
  ---
  severity: fail
  error:
    name: AssertionError
    actual: false
    expected: true
    operator: ok
    message: Apples must spawn at random x positions.
    generatedMessage: false
  ...
ok 12 - Apple Spawn Y Position Test
ok 13 - Banana Spawn Test
ok 14 - Banana Spawn Random X Position Test
ok 15 - Banana Spawn Y Position Test
ok 16 - Only One Apple Test
ok 17 - Only One Banana Test
not ok 18 - Banana Fall Delay Test
  ---
  severity: fail
  error:
    name: AssertionError
    actual: false
    expected: true
    operator: ok
    message: Banana must not be visible for a second in the beginning.
    generatedMessage: false
    constraint: '[no name]'
  ...
not ok 19 - Banana Ground Delay Test
  ---
  severity: fail
  error:
    name: AssumptionError
    actual: false
    expected: ground
    operator: ==
    message: Banana didn't touch the ground in 30 seconds.
    generatedMessage: false
  ...
not ok 20 - Apple Points Test
  ---
  severity: fail
  error:
    name: AssertionError
    actual: 0
    expected: 5
    operator: ==
    message: Apple must give 5 points when it touches the bowl.
    generatedMessage: false
  log:
    - Banana touched the bowl before the apple touched the bowl.
  ...
not ok 21 - Apple Game Over Test
  ---
  severity: fail
  error:
    name: AssumptionError
    actual: bowl
    expected: ground
    operator: ==
    message: Apple must have touched the ground after five seconds.
    generatedMessage: false
  ...
not ok 22 - Apple Game Over Message Test
  ---
  severity: fail
  error:
    name: AssumptionError
    actual: bowl
    expected: ground
    operator: ==
    message: Apple must have touched the ground after five seconds.
    generatedMessage: false
  ...
not ok 23 - Banana Bowl Points Test
  ---
  severity: fail
  error:
    name: AssumptionError
    actual: false
    expected: true
    operator: ok
    message: Apple touched the bowl before banana's score could be added.
    generatedMessage: false
  log:
    - Apple touched the bowl before the banana touched the bowl.
  ...
not ok 24 - Banana Ground Points Test
  ---
  severity: fail
  error:
    name: AssumptionError
    actual: false
    expected: ground
    operator: ==
    message: Banana didn't touch the ground after 30 seconds.
    generatedMessage: false
  ...
not ok 25 - Banana Ground Message Test
  ---
  severity: fail
  error:
    name: AssumptionError
    actual: false
    expected: ground
    operator: ==
    message: Banana didn't touch the ground after 30 seconds.
    generatedMessage: false
  ...
not ok 26 - Timer Tick Test
  ---
  severity: fail
  error:
    name: AssertionError
    actual: 0
    expected: -1
    operator: ==
    message: Time must decrease by one every second.
    generatedMessage: false
  ...
not ok 27 - Timer Game Over Test
  ---
  severity: fail
  error:
    name: AssertionError
    actual: 2
    expected: 5
    operator: ==
    message: Bananas must not move after game is over (should be over).
    generatedMessage: false
    constraint: '[no name]'
  ...
not ok 28 - Timer Game Over Message Test
  ---
  severity: fail
  error:
    name: AssertionError
    actual: false
    expected: true
    operator: ok
    message: Bowl must display a message when the time is up.
    generatedMessage: false
  ...
# summary:
#   tests: 28
#   pass: 11
#   fail: 17
#   error: 0
#   skip: 0
# coverage:
#   combined: 0.80 (20/25)
#   individual:
#     Stage: 0.00 (0/1)
#     Bowl: 0.67 (4/6)
#     Apple: 0.89 (8/9)
#     Bananas: 0.89 (8/9)

# project: K6_S16.sb3
TAP version 13
1..28
not ok 1 - Variable Initialization Test
  ---
  severity: fail
  error:
    name: AssertionError
    actual: false
    expected: true
    operator: ok
    message: Time must start at 30 seconds.
    generatedMessage: false
  ...
not ok 2 - Bowl Initialization Test
  ---
  severity: fail
  error:
    name: AssertionError
    actual: 186
    expected: 0
    operator: ==
    message: Bowl must start at x = 0.
    generatedMessage: false
  ...
not ok 3 - Fruit Initialization Test
  ---
  severity: fail
  error:
    name: AssertionError
    actual: 100
    expected: 50
    operator: ==
    message: Apple must have a size of 50%.
    generatedMessage: false
  ...
not ok 4 - Bowl Movement Test
  ---
  severity: fail
  error:
    name: AssumptionError
    actual: 186
    expected: 106
    operator: ==
    message: Bowl must not move when no key is pressed.
    generatedMessage: false
  ...
not ok 5 - Bowl Movement Details Test
  ---
  severity: fail
  error:
    name: AssertionError
    actual: 176
    expected: 96
    operator: ==
    message: Bowl must not move when no key is pressed.
    generatedMessage: false
  ...
not ok 6 - Apple Falling Test
  ---
  severity: fail
  error:
    name: AssertionError
    actual: false
    expected: true
    operator: ok
    message: Apple must appear on the top of the screen after 5 seconds.
    generatedMessage: false
  ...
not ok 7 - Apple Falling Details Test
  ---
  severity: fail
  error:
    name: AssumptionError
    actual: false
    expected: true
    operator: ok
    message: Apple must appear on the top of the screen after 5 seconds.
    generatedMessage: false
  ...
not ok 8 - Banana Falling Test
  ---
  severity: fail
  error:
    name: AssertionError
    actual: false
    expected: true
    operator: ok
    message: Banana must appear on the top of the screen after 5 seconds.
    generatedMessage: false
  ...
not ok 9 - Banana Falling Details Test
  ---
  severity: fail
  error:
    name: AssumptionError
    actual: false
    expected: true
    operator: ok
    message: Banana must appear on the top of the screen after 5 seconds.
    generatedMessage: false
  ...
not ok 10 - Apple Spawn Test
  ---
  severity: fail
  error:
    name: AssertionError
    actual: 0
    expected: 3
    operator: '>='
    message: At least three Apples must have spawned after 30 seconds.
    generatedMessage: false
  ...
not ok 11 - Apple Spawn Random X Position Test
  ---
  severity: fail
  error:
    name: AssumptionError
    actual: 0
    expected: 3
    operator: '>='
    message: At least three Apples must have spawned after 30 seconds.
    generatedMessage: false
  ...
not ok 12 - Apple Spawn Y Position Test
  ---
  severity: fail
  error:
    name: AssumptionError
    actual: 0
    expected: 3
    operator: '>='
    message: At least three Apples must have spawned after 30 seconds.
    generatedMessage: false
  ...
not ok 13 - Banana Spawn Test
  ---
  severity: fail
  error:
    name: AssertionError
    actual: 0
    expected: 3
    operator: '>='
    message: At least three Bananas must have spawned after 30 seconds.
    generatedMessage: false
  ...
not ok 14 - Banana Spawn Random X Position Test
  ---
  severity: fail
  error:
    name: AssumptionError
    actual: 0
    expected: 3
    operator: '>='
    message: At least three Bananas must have spawned after 30 seconds.
    generatedMessage: false
  ...
not ok 15 - Banana Spawn Y Position Test
  ---
  severity: fail
  error:
    name: AssumptionError
    actual: 0
    expected: 3
    operator: '>='
    message: At least three Bananas must have spawned after 30 seconds.
    generatedMessage: false
  ...
not ok 16 - Only One Apple Test
  ---
  severity: fail
  error:
    name: AssumptionError
    actual: 0
    expected: 3
    operator: '>='
    message: At least three Apples must have spawned after 30 seconds.
    generatedMessage: false
  ...
not ok 17 - Only One Banana Test
  ---
  severity: fail
  error:
    name: AssumptionError
    actual: 0
    expected: 3
    operator: '>='
    message: At least three Bananas must have spawned after 30 seconds.
    generatedMessage: false
  ...
not ok 18 - Banana Fall Delay Test
  ---
  severity: fail
  error:
    name: AssertionError
    actual: false
    expected: true
    operator: ok
    message: Banana must not be visible for a second in the beginning.
    generatedMessage: false
    constraint: '[no name]'
  ...
not ok 19 - Banana Ground Delay Test
  ---
  severity: fail
  error:
    name: AssumptionError
    actual: false
    expected: ground
    operator: ==
    message: Banana didn't touch the ground in 30 seconds.
    generatedMessage: false
  ...
not ok 20 - Apple Points Test
  ---
  severity: fail
  error:
    name: AssumptionError
    actual: false
    expected: true
    operator: ok
    message: An apple must appear on the top of the screen after 5 seconds.
    generatedMessage: false
  ...
not ok 21 - Apple Game Over Test
  ---
  severity: fail
  error:
    name: AssumptionError
    actual: false
    expected: true
    operator: ok
    message: An apple must appear on the top of the screen after five seconds.
    generatedMessage: false
  ...
not ok 22 - Apple Game Over Message Test
  ---
  severity: fail
  error:
    name: AssumptionError
    actual: false
    expected: true
    operator: ok
    message: An apple must appear on the top of the screen after five seconds.
    generatedMessage: false
  ...
not ok 23 - Banana Bowl Points Test
  ---
  severity: fail
  error:
    name: AssumptionError
    actual: false
    expected: bowl
    operator: ==
    message: Banana didn't touch the bowl after 30 seconds.
    generatedMessage: false
  ...
not ok 24 - Banana Ground Points Test
  ---
  severity: fail
  error:
    name: AssumptionError
    actual: false
    expected: ground
    operator: ==
    message: Banana didn't touch the ground after 30 seconds.
    generatedMessage: false
  ...
not ok 25 - Banana Ground Message Test
  ---
  severity: fail
  error:
    name: AssumptionError
    actual: false
    expected: ground
    operator: ==
    message: Banana didn't touch the ground after 30 seconds.
    generatedMessage: false
  ...
not ok 26 - Timer Tick Test
  ---
  severity: fail
  error:
    name: AssertionError
    actual: 0
    expected: -1
    operator: ==
    message: Time must decrease by one every second.
    generatedMessage: false
  ...
not ok 27 - Timer Game Over Test
  ---
  severity: fail
  error:
    name: AssertionError
    actual: false
    expected: true
    operator: ok
    message: Game must not be over after 5 seconds.
    generatedMessage: false
  ...
not ok 28 - Timer Game Over Message Test
  ---
  severity: fail
  error:
    name: AssertionError
    actual: false
    expected: true
    operator: ok
    message: Bowl must display a message when the time is up.
    generatedMessage: false
  ...
# summary:
#   tests: 28
#   pass: 0
#   fail: 28
#   error: 0
#   skip: 0
# coverage:
#   combined: 1.00 (8/8)
#   individual:
#     Stage: NaN (0/0)
#     Bowl: 1.00 (8/8)
#     Apple: NaN (0/0)
#     Bananas: NaN (0/0)

# project: K6_S17.sb3
TAP version 13
1..28
not ok 1 - Variable Initialization Test
  ---
  severity: fail
  error:
    name: AssumptionError
    actual: false
    expected: true
    operator: ok
    message: Could not find variable score.
    generatedMessage: false
  ...
not ok 2 - Bowl Initialization Test
  ---
  severity: fail
  error:
    name: AssertionError
    actual: 19
    expected: 0
    operator: ==
    message: Bowl must start at x = 0.
    generatedMessage: false
  ...
ok 3 - Fruit Initialization Test
not ok 4 - Bowl Movement Test
  ---
  severity: fail
  error:
    name: AssertionError
    actual: 19
    expected: 19
    operator: <
    message: Bowl must move to the left when left arrow key is pressed.
    generatedMessage: false
  ...
not ok 5 - Bowl Movement Details Test
  ---
  severity: fail
  error:
    name: AssumptionError
    actual: 19
    expected: 19
    operator: <
    message: Bowl must move to the left when left arrow key is pressed.
    generatedMessage: false
  ...
not ok 6 - Apple Falling Test
  ---
  severity: fail
  error:
    name: AssertionError
    actual: false
    expected: true
    operator: ok
    message: Apple must appear on the top of the screen after 5 seconds.
    generatedMessage: false
  ...
not ok 7 - Apple Falling Details Test
  ---
  severity: fail
  error:
    name: AssumptionError
    actual: false
    expected: true
    operator: ok
    message: Apple must appear on the top of the screen after 5 seconds.
    generatedMessage: false
  ...
not ok 8 - Banana Falling Test
  ---
  severity: fail
  error:
    name: AssertionError
    actual: false
    expected: true
    operator: ok
    message: Banana must appear on the top of the screen after 5 seconds.
    generatedMessage: false
  ...
not ok 9 - Banana Falling Details Test
  ---
  severity: fail
  error:
    name: AssumptionError
    actual: false
    expected: true
    operator: ok
    message: Banana must appear on the top of the screen after 5 seconds.
    generatedMessage: false
  ...
not ok 10 - Apple Spawn Test
  ---
  severity: fail
  error:
    name: AssertionError
    actual: 0
    expected: 3
    operator: '>='
    message: At least three Apples must have spawned after 30 seconds.
    generatedMessage: false
  ...
not ok 11 - Apple Spawn Random X Position Test
  ---
  severity: fail
  error:
    name: AssumptionError
    actual: 0
    expected: 3
    operator: '>='
    message: At least three Apples must have spawned after 30 seconds.
    generatedMessage: false
  ...
not ok 12 - Apple Spawn Y Position Test
  ---
  severity: fail
  error:
    name: AssumptionError
    actual: 0
    expected: 3
    operator: '>='
    message: At least three Apples must have spawned after 30 seconds.
    generatedMessage: false
  ...
not ok 13 - Banana Spawn Test
  ---
  severity: fail
  error:
    name: AssertionError
    actual: 0
    expected: 3
    operator: '>='
    message: At least three Bananas must have spawned after 30 seconds.
    generatedMessage: false
  ...
not ok 14 - Banana Spawn Random X Position Test
  ---
  severity: fail
  error:
    name: AssumptionError
    actual: 0
    expected: 3
    operator: '>='
    message: At least three Bananas must have spawned after 30 seconds.
    generatedMessage: false
  ...
not ok 15 - Banana Spawn Y Position Test
  ---
  severity: fail
  error:
    name: AssumptionError
    actual: 0
    expected: 3
    operator: '>='
    message: At least three Bananas must have spawned after 30 seconds.
    generatedMessage: false
  ...
not ok 16 - Only One Apple Test
  ---
  severity: fail
  error:
    name: AssumptionError
    actual: 0
    expected: 3
    operator: '>='
    message: At least three Apples must have spawned after 30 seconds.
    generatedMessage: false
  ...
not ok 17 - Only One Banana Test
  ---
  severity: fail
  error:
    name: AssumptionError
    actual: 0
    expected: 3
    operator: '>='
    message: At least three Bananas must have spawned after 30 seconds.
    generatedMessage: false
  ...
not ok 18 - Banana Fall Delay Test
  ---
  severity: fail
  error:
    name: AssertionError
    actual: false
    expected: true
    operator: ok
    message: Banana must not be visible for a second in the beginning.
    generatedMessage: false
    constraint: '[no name]'
  ...
not ok 19 - Banana Ground Delay Test
  ---
  severity: fail
  error:
    name: AssumptionError
    actual: false
    expected: ground
    operator: ==
    message: Banana didn't touch the ground in 30 seconds.
    generatedMessage: false
  ...
not ok 20 - Apple Points Test
  ---
  severity: fail
  error:
    name: AssumptionError
    actual: false
    expected: true
    operator: ok
    message: Could not find variable score.
    generatedMessage: false
  ...
not ok 21 - Apple Game Over Test
  ---
  severity: fail
  error:
    name: AssumptionError
    actual: false
    expected: true
    operator: ok
    message: An apple must appear on the top of the screen after five seconds.
    generatedMessage: false
  ...
not ok 22 - Apple Game Over Message Test
  ---
  severity: fail
  error:
    name: AssumptionError
    actual: false
    expected: true
    operator: ok
    message: An apple must appear on the top of the screen after five seconds.
    generatedMessage: false
  ...
not ok 23 - Banana Bowl Points Test
  ---
  severity: fail
  error:
    name: AssumptionError
    actual: false
    expected: true
    operator: ok
    message: Could not find variable score.
    generatedMessage: false
  ...
not ok 24 - Banana Ground Points Test
  ---
  severity: fail
  error:
    name: AssumptionError
    actual: false
    expected: true
    operator: ok
    message: Could not find variable score.
    generatedMessage: false
  ...
not ok 25 - Banana Ground Message Test
  ---
  severity: fail
  error:
    name: AssumptionError
    actual: false
    expected: true
    operator: ok
    message: Could not find variable score.
    generatedMessage: false
  ...
not ok 26 - Timer Tick Test
  ---
  severity: fail
  error:
    name: AssertionError
    actual: '30'
    expected: 29
    operator: ==
    message: Time must decrease by one every second.
    generatedMessage: false
  ...
not ok 27 - Timer Game Over Test
  ---
  severity: fail
  error:
    name: AssertionError
    actual: false
    expected: true
    operator: ok
    message: Game must not be over after 5 seconds.
    generatedMessage: false
  ...
not ok 28 - Timer Game Over Message Test
  ---
  severity: fail
  error:
    name: AssertionError
    actual: false
    expected: true
    operator: ok
    message: Bowl must display a message when the time is up.
    generatedMessage: false
  ...
# summary:
#   tests: 28
#   pass: 1
#   fail: 27
#   error: 0
#   skip: 0
# coverage:
#   combined: 0.33 (1/3)
#   individual:
#     Stage: NaN (0/0)
#     Apple: 1.00 (1/1)
#     Bananas: 0.00 (0/2)
#     Bowl: NaN (0/0)

# project: K6_S18.sb3
TAP version 13
1..28
ok 1 - Variable Initialization Test
ok 2 - Bowl Initialization Test
ok 3 - Fruit Initialization Test
ok 4 - Bowl Movement Test
ok 5 - Bowl Movement Details Test
ok 6 - Apple Falling Test
ok 7 - Apple Falling Details Test
ok 8 - Banana Falling Test
ok 9 - Banana Falling Details Test
ok 10 - Apple Spawn Test
ok 11 - Apple Spawn Random X Position Test
not ok 12 - Apple Spawn Y Position Test
  ---
  severity: fail
  error:
    name: AssertionError
    actual: false
    expected: true
    operator: ok
    message: Apples must spawn at y = 170.
    generatedMessage: false
  ...
ok 13 - Banana Spawn Test
ok 14 - Banana Spawn Random X Position Test
not ok 15 - Banana Spawn Y Position Test
  ---
  severity: fail
  error:
    name: AssertionError
    actual: false
    expected: true
    operator: ok
    message: Bananas must spawn at y = 170.
    generatedMessage: false
  ...
ok 16 - Only One Apple Test
ok 17 - Only One Banana Test
not ok 18 - Banana Fall Delay Test
  ---
  severity: fail
  error:
    name: AssertionError
    actual: false
    expected: true
    operator: ok
    message: Banana must not be visible for a second in the beginning.
    generatedMessage: false
    constraint: '[no name]'
  ...
ok 19 - Banana Ground Delay Test
ok 20 - Apple Points Test
  ---
  log:
    - Banana touched the ground before the apple touched the bowl.
  ...
ok 21 - Apple Game Over Test
not ok 22 - Apple Game Over Message Test
  ---
  severity: fail
  error:
    name: AssertionError
    actual: false
    expected: true
    operator: ok
    message: Apple must display a message if it hits the ground.
    generatedMessage: false
  ...
ok 23 - Banana Bowl Points Test
  ---
  log:
    - Apple touched the bowl before the banana touched the bowl.
  ...
ok 24 - Banana Ground Points Test
not ok 25 - Banana Ground Message Test
  ---
  severity: fail
  error:
    name: AssertionError
    actual: false
    expected: true
    operator: ok
    message: Banana must display a message when it hits the ground.
    generatedMessage: false
  ...
ok 26 - Timer Tick Test
ok 27 - Timer Game Over Test
not ok 28 - Timer Game Over Message Test
  ---
  severity: fail
  error:
    name: AssertionError
    actual: false
    expected: true
    operator: ok
    message: Bowl must display a message when the time is up.
    generatedMessage: false
  ...
# summary:
#   tests: 28
#   pass: 22
#   fail: 6
#   error: 0
#   skip: 0
# coverage:
#   combined: 0.94 (45/48)
#   individual:
#     Stage: 1.00 (6/6)
#     Bananas: 1.00 (14/14)
#     Bowl: 0.85 (11/13)
#     Apple: 0.93 (14/15)

# project: K6_S19.sb3
TAP version 13
1..28
not ok 1 - Variable Initialization Test
  ---
  severity: fail
  error:
    name: AssertionError
    actual: -712
    expected: 0
    operator: ==
    message: Score must start at 0.
    generatedMessage: false
  ...
ok 2 - Bowl Initialization Test
ok 3 - Fruit Initialization Test
ok 4 - Bowl Movement Test
ok 5 - Bowl Movement Details Test
ok 6 - Apple Falling Test
ok 7 - Apple Falling Details Test
ok 8 - Banana Falling Test
ok 9 - Banana Falling Details Test
ok 10 - Apple Spawn Test
ok 11 - Apple Spawn Random X Position Test
ok 12 - Apple Spawn Y Position Test
ok 13 - Banana Spawn Test
ok 14 - Banana Spawn Random X Position Test
ok 15 - Banana Spawn Y Position Test
ok 16 - Only One Apple Test
ok 17 - Only One Banana Test
not ok 18 - Banana Fall Delay Test
  ---
  severity: fail
  error:
    name: AssertionError
    actual: false
    expected: true
    operator: ok
    message: Banana must not be visible for a second in the beginning.
    generatedMessage: false
    constraint: '[no name]'
  ...
ok 19 - Banana Ground Delay Test
not ok 20 - Apple Points Test
  ---
  severity: fail
  error:
    name: AssertionError
    actual: -720
    expected: -715
    operator: ==
    message: Apple must give 5 points when it touches the bowl.
    generatedMessage: false
  log:
    - Banana touched the ground before the apple touched the bowl.
  ...
not ok 21 - Apple Game Over Test
  ---
  severity: fail
  error:
    name: AssertionError
    actual: 26
    expected: 27
    operator: ==
    message: Time must not change after game is over (should be over).
    generatedMessage: false
    constraint: '[no name]'
  ...
not ok 22 - Apple Game Over Message Test
  ---
  severity: fail
  error:
    name: AssertionError
    actual: false
    expected: true
    operator: ok
    message: Apple must display a message if it hits the ground.
    generatedMessage: false
  ...
ok 23 - Banana Bowl Points Test
  ---
  log:
    - Apple touched the bowl before the banana touched the bowl.
  ...
ok 24 - Banana Ground Points Test
ok 25 - Banana Ground Message Test
ok 26 - Timer Tick Test
ok 27 - Timer Game Over Test
ok 28 - Timer Game Over Message Test
# summary:
#   tests: 28
#   pass: 23
#   fail: 5
#   error: 0
#   skip: 0
# coverage:
#   combined: 1.00 (37/37)
#   individual:
#     Stage: NaN (0/0)
#     Apple: 1.00 (6/6)
#     Bananas: 1.00 (15/15)
#     Bowl: 1.00 (16/16)

# project: K6_S20.sb3
TAP version 13
1..28
ok 1 - Variable Initialization Test
ok 2 - Bowl Initialization Test
ok 3 - Fruit Initialization Test
not ok 4 - Bowl Movement Test
  ---
  severity: fail
  error:
    name: AssertionError
    actual: 0
    expected: 0
    operator: <
    message: Bowl must move to the left when left arrow key is pressed.
    generatedMessage: false
  ...
not ok 5 - Bowl Movement Details Test
  ---
  severity: fail
  error:
    name: AssumptionError
    actual: 0
    expected: 0
    operator: <
    message: Bowl must move to the left when left arrow key is pressed.
    generatedMessage: false
  ...
ok 6 - Apple Falling Test
ok 7 - Apple Falling Details Test
ok 8 - Banana Falling Test
ok 9 - Banana Falling Details Test
not ok 10 - Apple Spawn Test
  ---
  severity: fail
  error:
    name: AssertionError
    actual: 0
    expected: 3
    operator: '>='
    message: At least three Apples must have spawned after 30 seconds.
    generatedMessage: false
  ...
not ok 11 - Apple Spawn Random X Position Test
  ---
  severity: fail
  error:
    name: AssumptionError
    actual: 0
    expected: 3
    operator: '>='
    message: At least three Apples must have spawned after 30 seconds.
    generatedMessage: false
  ...
not ok 12 - Apple Spawn Y Position Test
  ---
  severity: fail
  error:
    name: AssumptionError
    actual: 0
    expected: 3
    operator: '>='
    message: At least three Apples must have spawned after 30 seconds.
    generatedMessage: false
  ...
not ok 13 - Banana Spawn Test
  ---
  severity: fail
  error:
    name: AssertionError
    actual: 0
    expected: 3
    operator: '>='
    message: At least three Bananas must have spawned after 30 seconds.
    generatedMessage: false
  ...
not ok 14 - Banana Spawn Random X Position Test
  ---
  severity: fail
  error:
    name: AssumptionError
    actual: 0
    expected: 3
    operator: '>='
    message: At least three Bananas must have spawned after 30 seconds.
    generatedMessage: false
  ...
not ok 15 - Banana Spawn Y Position Test
  ---
  severity: fail
  error:
    name: AssumptionError
    actual: 0
    expected: 3
    operator: '>='
    message: At least three Bananas must have spawned after 30 seconds.
    generatedMessage: false
  ...
not ok 16 - Only One Apple Test
  ---
  severity: fail
  error:
    name: AssumptionError
    actual: 0
    expected: 3
    operator: '>='
    message: At least three Apples must have spawned after 30 seconds.
    generatedMessage: false
  ...
not ok 17 - Only One Banana Test
  ---
  severity: fail
  error:
    name: AssumptionError
    actual: 0
    expected: 3
    operator: '>='
    message: At least three Bananas must have spawned after 30 seconds.
    generatedMessage: false
  ...
not ok 18 - Banana Fall Delay Test
  ---
  severity: fail
  error:
    name: AssertionError
    actual: false
    expected: true
    operator: ok
    message: Banana must not be visible for a second in the beginning.
    generatedMessage: false
    constraint: '[no name]'
  ...
not ok 19 - Banana Ground Delay Test
  ---
  severity: fail
  error:
    name: AssumptionError
    actual: false
    expected: ground
    operator: ==
    message: Banana didn't touch the ground in 30 seconds.
    generatedMessage: false
  ...
not ok 20 - Apple Points Test
  ---
  severity: fail
  error:
    name: AssumptionError
    actual: false
    expected: bowl
    operator: ==
    message: Apple must have touched the bowl after five seconds.
    generatedMessage: false
  ...
not ok 21 - Apple Game Over Test
  ---
  severity: fail
  error:
    name: AssumptionError
    actual: false
    expected: ground
    operator: ==
    message: Apple must have touched the ground after five seconds.
    generatedMessage: false
  ...
not ok 22 - Apple Game Over Message Test
  ---
  severity: fail
  error:
    name: AssumptionError
    actual: false
    expected: ground
    operator: ==
    message: Apple must have touched the ground after five seconds.
    generatedMessage: false
  ...
not ok 23 - Banana Bowl Points Test
  ---
  severity: fail
  error:
    name: AssumptionError
    actual: false
    expected: bowl
    operator: ==
    message: Banana didn't touch the bowl after 30 seconds.
    generatedMessage: false
  ...
not ok 24 - Banana Ground Points Test
  ---
  severity: fail
  error:
    name: AssumptionError
    actual: false
    expected: ground
    operator: ==
    message: Banana didn't touch the ground after 30 seconds.
    generatedMessage: false
  ...
not ok 25 - Banana Ground Message Test
  ---
  severity: fail
  error:
    name: AssumptionError
    actual: false
    expected: ground
    operator: ==
    message: Banana didn't touch the ground after 30 seconds.
    generatedMessage: false
  ...
not ok 26 - Timer Tick Test
  ---
  severity: fail
  error:
    name: AssertionError
    actual: '30'
    expected: 29
    operator: ==
    message: Time must decrease by one every second.
    generatedMessage: false
  ...
not ok 27 - Timer Game Over Test
  ---
  severity: fail
  error:
    name: AssertionError
    actual: false
    expected: true
    operator: ok
    message: Game must not be over after 10 seconds.
    generatedMessage: false
  ...
not ok 28 - Timer Game Over Message Test
  ---
  severity: fail
  error:
    name: AssertionError
    actual: 4
    expected: 20000
    operator: '>='
    message: Game over message must not appear before 20 seconds.
    generatedMessage: false
  ...
# summary:
#   tests: 28
#   pass: 7
#   fail: 21
#   error: 0
#   skip: 0
# coverage:
#   combined: 0.71 (32/45)
#   individual:
#     Stage: NaN (0/0)
#     Bowl: 0.90 (9/10)
#     Bananas: 0.63 (10/16)
#     Apple: 0.68 (13/19)

# project: K6_S27.sb3
TAP version 13
1..28
ok 1 - Variable Initialization Test
not ok 2 - Bowl Initialization Test
  ---
  severity: fail
  error:
    name: AssertionError
    actual: -98
    expected: 0
    operator: ==
    message: Bowl must start at x = 0.
    generatedMessage: false
  ...
ok 3 - Fruit Initialization Test
ok 4 - Bowl Movement Test
not ok 5 - Bowl Movement Details Test
  ---
  severity: fail
  error:
    name: AssertionError
    actual: false
    expected: true
    operator: ok
    message: Bowl must move in steps of size 10.
    generatedMessage: false
    constraint: '[no name]'
  ...
not ok 6 - Apple Falling Test
  ---
  severity: fail
  error:
    name: AssertionError
    actual: false
    expected: true
    operator: ok
    message: Apple must appear on the top of the screen after 5 seconds.
    generatedMessage: false
  ...
not ok 7 - Apple Falling Details Test
  ---
  severity: fail
  error:
    name: AssumptionError
    actual: false
    expected: true
    operator: ok
    message: Apple must appear on the top of the screen after 5 seconds.
    generatedMessage: false
  ...
not ok 8 - Banana Falling Test
  ---
  severity: fail
  error:
    name: AssertionError
    actual: false
    expected: true
    operator: ok
    message: Banana must appear on the top of the screen after 5 seconds.
    generatedMessage: false
  ...
not ok 9 - Banana Falling Details Test
  ---
  severity: fail
  error:
    name: AssumptionError
    actual: false
    expected: true
    operator: ok
    message: Banana must appear on the top of the screen after 5 seconds.
    generatedMessage: false
  ...
not ok 10 - Apple Spawn Test
  ---
  severity: fail
  error:
    name: AssertionError
    actual: 0
    expected: 3
    operator: '>='
    message: At least three Apples must have spawned after 30 seconds.
    generatedMessage: false
  ...
not ok 11 - Apple Spawn Random X Position Test
  ---
  severity: fail
  error:
    name: AssumptionError
    actual: 0
    expected: 3
    operator: '>='
    message: At least three Apples must have spawned after 30 seconds.
    generatedMessage: false
  ...
not ok 12 - Apple Spawn Y Position Test
  ---
  severity: fail
  error:
    name: AssumptionError
    actual: 0
    expected: 3
    operator: '>='
    message: At least three Apples must have spawned after 30 seconds.
    generatedMessage: false
  ...
not ok 13 - Banana Spawn Test
  ---
  severity: fail
  error:
    name: AssertionError
    actual: 0
    expected: 3
    operator: '>='
    message: At least three Bananas must have spawned after 30 seconds.
    generatedMessage: false
  ...
not ok 14 - Banana Spawn Random X Position Test
  ---
  severity: fail
  error:
    name: AssumptionError
    actual: 0
    expected: 3
    operator: '>='
    message: At least three Bananas must have spawned after 30 seconds.
    generatedMessage: false
  ...
not ok 15 - Banana Spawn Y Position Test
  ---
  severity: fail
  error:
    name: AssumptionError
    actual: 0
    expected: 3
    operator: '>='
    message: At least three Bananas must have spawned after 30 seconds.
    generatedMessage: false
  ...
not ok 16 - Only One Apple Test
  ---
  severity: fail
  error:
    name: AssumptionError
    actual: 0
    expected: 3
    operator: '>='
    message: At least three Apples must have spawned after 30 seconds.
    generatedMessage: false
  ...
not ok 17 - Only One Banana Test
  ---
  severity: fail
  error:
    name: AssumptionError
    actual: 0
    expected: 3
    operator: '>='
    message: At least three Bananas must have spawned after 30 seconds.
    generatedMessage: false
  ...
not ok 18 - Banana Fall Delay Test
  ---
  severity: fail
  error:
    name: AssertionError
    actual: false
    expected: true
    operator: ok
    message: Banana must not be visible for a second in the beginning.
    generatedMessage: false
    constraint: '[no name]'
  ...
not ok 19 - Banana Ground Delay Test
  ---
  severity: fail
  error:
    name: AssertionError
    actual: false
    expected: true
    operator: ok
    message: Banana must not be visible for a second after touching the ground.
    generatedMessage: false
    constraint: '[no name]'
  ...
not ok 20 - Apple Points Test
  ---
  severity: fail
  error:
    name: AssumptionError
    actual: false
    expected: true
    operator: ok
    message: An apple must appear on the top of the screen after 5 seconds.
    generatedMessage: false
  ...
not ok 21 - Apple Game Over Test
  ---
  severity: fail
  error:
    name: AssumptionError
    actual: false
    expected: true
    operator: ok
    message: An apple must appear on the top of the screen after five seconds.
    generatedMessage: false
  ...
not ok 22 - Apple Game Over Message Test
  ---
  severity: fail
  error:
    name: AssumptionError
    actual: false
    expected: true
    operator: ok
    message: An apple must appear on the top of the screen after five seconds.
    generatedMessage: false
  ...
not ok 23 - Banana Bowl Points Test
  ---
  severity: fail
  error:
    name: AssumptionError
    actual: false
    expected: true
    operator: ok
    message: Apple must not touch the ground during this test.
    generatedMessage: false
  ...
not ok 24 - Banana Ground Points Test
  ---
  severity: fail
  error:
    name: AssumptionError
    actual: false
    expected: true
    operator: ok
    message: Apple must not touch the ground during this test.
    generatedMessage: false
  ...
not ok 25 - Banana Ground Message Test
  ---
  severity: fail
  error:
    name: AssumptionError
    actual: false
    expected: true
    operator: ok
    message: Apple must not touch the ground during this test.
    generatedMessage: false
  ...
not ok 26 - Timer Tick Test
  ---
  severity: fail
  error:
    name: AssertionError
    actual: 30
    expected: 29
    operator: ==
    message: Time must decrease by one every second.
    generatedMessage: false
  ...
not ok 27 - Timer Game Over Test
  ---
  severity: fail
  error:
    name: AssertionError
    actual: false
    expected: true
    operator: ok
    message: Game must not be over after 5 seconds.
    generatedMessage: false
  ...
not ok 28 - Timer Game Over Message Test
  ---
  severity: fail
  error:
    name: AssertionError
    actual: false
    expected: true
    operator: ok
    message: Bowl must display a message when the time is up.
    generatedMessage: false
  ...
# summary:
#   tests: 28
#   pass: 3
#   fail: 25
#   error: 0
#   skip: 0
# coverage:
#   combined: 0.80 (12/15)
#   individual:
#     Stage: NaN (0/0)
#     Bananas: 0.80 (4/5)
#     Apple: 0.80 (4/5)
#     Bowl: 0.80 (4/5)

# project: K6_S29.sb3
TAP version 13
1..28
not ok 1 - Variable Initialization Test
  ---
  severity: fail
  error:
    name: AssertionError
    actual: 50768
    expected: 0
    operator: ==
    message: Score must start at 0.
    generatedMessage: false
  ...
ok 2 - Bowl Initialization Test
ok 3 - Fruit Initialization Test
ok 4 - Bowl Movement Test
ok 5 - Bowl Movement Details Test
ok 6 - Apple Falling Test
ok 7 - Apple Falling Details Test
ok 8 - Banana Falling Test
not ok 9 - Banana Falling Details Test
  ---
  severity: fail
  error:
    name: AssertionError
    actual: false
    expected: true
    operator: ok
    message: Banana must fall with a speed of -7.
    generatedMessage: false
    constraint: '[no name]'
  ...
not ok 10 - Apple Spawn Test
  ---
  severity: fail
  error:
    name: AssertionError
    actual: 0
    expected: 3
    operator: '>='
    message: At least three Apples must have spawned after 30 seconds.
    generatedMessage: false
  ...
not ok 11 - Apple Spawn Random X Position Test
  ---
  severity: fail
  error:
    name: AssumptionError
    actual: 0
    expected: 3
    operator: '>='
    message: At least three Apples must have spawned after 30 seconds.
    generatedMessage: false
  ...
not ok 12 - Apple Spawn Y Position Test
  ---
  severity: fail
  error:
    name: AssumptionError
    actual: 0
    expected: 3
    operator: '>='
    message: At least three Apples must have spawned after 30 seconds.
    generatedMessage: false
  ...
not ok 13 - Banana Spawn Test
  ---
  severity: fail
  error:
    name: AssertionError
    actual: 0
    expected: 3
    operator: '>='
    message: At least three Bananas must have spawned after 30 seconds.
    generatedMessage: false
  ...
not ok 14 - Banana Spawn Random X Position Test
  ---
  severity: fail
  error:
    name: AssumptionError
    actual: 0
    expected: 3
    operator: '>='
    message: At least three Bananas must have spawned after 30 seconds.
    generatedMessage: false
  ...
not ok 15 - Banana Spawn Y Position Test
  ---
  severity: fail
  error:
    name: AssumptionError
    actual: 0
    expected: 3
    operator: '>='
    message: At least three Bananas must have spawned after 30 seconds.
    generatedMessage: false
  ...
not ok 16 - Only One Apple Test
  ---
  severity: fail
  error:
    name: AssumptionError
    actual: 0
    expected: 3
    operator: '>='
    message: At least three Apples must have spawned after 30 seconds.
    generatedMessage: false
  ...
not ok 17 - Only One Banana Test
  ---
  severity: fail
  error:
    name: AssumptionError
    actual: 0
    expected: 3
    operator: '>='
    message: At least three Bananas must have spawned after 30 seconds.
    generatedMessage: false
  ...
not ok 18 - Banana Fall Delay Test
  ---
  severity: fail
  error:
    name: AssertionError
    actual: false
    expected: true
    operator: ok
    message: Banana must not be visible for a second in the beginning.
    generatedMessage: false
    constraint: '[no name]'
  ...
not ok 19 - Banana Ground Delay Test
  ---
  severity: fail
  error:
    name: AssertionError
    actual: false
    expected: true
    operator: ok
    message: Banana must not be visible for a second after touching the ground.
    generatedMessage: false
    constraint: '[no name]'
  ...
not ok 20 - Apple Points Test
  ---
  severity: fail
  error:
    name: AssertionError
    actual: 50776
    expected: 50773
    operator: ==
    message: Apple must give 5 points when it touches the bowl.
    generatedMessage: false
  log:
    - Banana touched the bowl before the apple touched the bowl.
  ...
ok 21 - Apple Game Over Test
not ok 22 - Apple Game Over Message Test
  ---
  severity: fail
  error:
    name: AssertionError
    actual: false
    expected: true
    operator: ok
    message: Apple must display a message if it hits the ground.
    generatedMessage: false
  ...
not ok 23 - Banana Bowl Points Test
  ---
  severity: fail
  error:
    name: AssumptionError
    actual: false
    expected: true
    operator: ok
    message: Apple touched the bowl before banana's score could be added.
    generatedMessage: false
  ...
not ok 24 - Banana Ground Points Test
  ---
  severity: fail
  error:
    name: AssertionError
    actual: 50832
    expected: 50816
    operator: ==
    message: Banana must subtract 8 points when it touches the ground.
    generatedMessage: false
  log:
    - Apple touched the bowl before the banana touched the ground.
  ...
not ok 25 - Banana Ground Message Test
  ---
  severity: fail
  error:
    name: AssertionError
    actual: false
    expected: true
    operator: ok
    message: Banana must display a message when it hits the ground.
    generatedMessage: false
  log:
    - Apple touched the bowl before the banana touched the ground.
  ...
not ok 26 - Timer Tick Test
  ---
  severity: fail
  error:
    name: AssertionError
    actual: '30'
    expected: 29
    operator: ==
    message: Time must decrease by one every second.
    generatedMessage: false
  ...
not ok 27 - Timer Game Over Test
  ---
  severity: fail
  error:
    name: AssertionError
    actual: false
    expected: true
    operator: ok
    message: Game must not be over after 10 seconds.
    generatedMessage: false
  ...
not ok 28 - Timer Game Over Message Test
  ---
  severity: fail
  error:
    name: AssertionError
    actual: false
    expected: true
    operator: ok
    message: Bowl must display a message when the time is up.
    generatedMessage: false
  ...
# summary:
#   tests: 28
#   pass: 8
#   fail: 20
#   error: 0
#   skip: 0
# coverage:
#   combined: 0.89 (25/28)
#   individual:
#     Stage: NaN (0/0)
#     Apple: 0.73 (8/11)
#     Bananas: 1.00 (9/9)
#     Bowl: 1.00 (8/8)

# project: K6_S30.sb3
TAP version 13
1..28
ok 1 - Variable Initialization Test
ok 2 - Bowl Initialization Test
ok 3 - Fruit Initialization Test
ok 4 - Bowl Movement Test
ok 5 - Bowl Movement Details Test
ok 6 - Apple Falling Test
ok 7 - Apple Falling Details Test
ok 8 - Banana Falling Test
ok 9 - Banana Falling Details Test
ok 10 - Apple Spawn Test
ok 11 - Apple Spawn Random X Position Test
ok 12 - Apple Spawn Y Position Test
ok 13 - Banana Spawn Test
ok 14 - Banana Spawn Random X Position Test
ok 15 - Banana Spawn Y Position Test
ok 16 - Only One Apple Test
ok 17 - Only One Banana Test
not ok 18 - Banana Fall Delay Test
  ---
  severity: fail
  error:
    name: AssertionError
    actual: false
    expected: true
    operator: ok
    message: Banana must not be visible for a second in the beginning.
    generatedMessage: false
    constraint: '[no name]'
  ...
not ok 19 - Banana Ground Delay Test
  ---
  severity: fail
  error:
    name: AssertionError
    actual: false
    expected: true
    operator: ok
    message: Banana must not be visible for a second after touching the ground.
    generatedMessage: false
    constraint: '[no name]'
  ...
not ok 20 - Apple Points Test
  ---
  severity: fail
  error:
    name: AssertionError
    actual: 0
    expected: 5
    operator: ==
    message: Apple must give 5 points when it touches the bowl.
    generatedMessage: false
  log:
    - Banana touched the bowl before the apple touched the bowl.
  ...
ok 21 - Apple Game Over Test
not ok 22 - Apple Game Over Message Test
  ---
  severity: fail
  error:
    name: AssertionError
    actual: false
    expected: true
    operator: ok
    message: Apple's game over message must disappear one second after it hit the ground
    generatedMessage: false
  ...
not ok 23 - Banana Bowl Points Test
  ---
  severity: fail
  error:
    name: AssumptionError
    actual: false
    expected: true
    operator: ok
    message: Apple touched the bowl before banana's score could be added.
    generatedMessage: false
  ...
not ok 24 - Banana Ground Points Test
  ---
  severity: fail
  error:
    name: AssumptionError
    actual: false
    expected: true
    operator: ok
    message: Apple touched the bowl before banana's score could be subtracted.
    generatedMessage: false
  ...
not ok 25 - Banana Ground Message Test
  ---
  severity: fail
  error:
    name: AssertionError
    actual: false
    expected: true
    operator: ok
    message: Banana must display a message when it hits the ground.
    generatedMessage: false
  ...
not ok 26 - Timer Tick Test
  ---
  severity: fail
  error:
    name: AssertionError
    actual: false
    expected: true
    operator: ok
    message: Time must not tick too fast.
    generatedMessage: false
  ...
not ok 27 - Timer Game Over Test
  ---
  severity: fail
  error:
    name: AssertionError
    actual: -1280
    expected: -1279
    operator: ==
    message: Time must not change after game is over (should be over).
    generatedMessage: false
    constraint: '[no name]'
  ...
not ok 28 - Timer Game Over Message Test
  ---
  severity: fail
  error:
    name: AssertionError
    actual: false
    expected: true
    operator: ok
    message: Bowl must display a message when the time is up.
    generatedMessage: false
  ...
# summary:
#   tests: 28
#   pass: 18
#   fail: 10
#   error: 0
#   skip: 0
# coverage:
#   combined: 1.00 (41/41)
#   individual:
#     Stage: NaN (0/0)
#     Apple: 1.00 (16/16)
#     Bananas: 1.00 (18/18)
#     Bowl: 1.00 (7/7)

# project: K6_S31.sb3
TAP version 13
1..28
ok 1 - Variable Initialization Test
ok 2 - Bowl Initialization Test
ok 3 - Fruit Initialization Test
ok 4 - Bowl Movement Test
ok 5 - Bowl Movement Details Test
ok 6 - Apple Falling Test
ok 7 - Apple Falling Details Test
ok 8 - Banana Falling Test
ok 9 - Banana Falling Details Test
ok 10 - Apple Spawn Test
ok 11 - Apple Spawn Random X Position Test
ok 12 - Apple Spawn Y Position Test
ok 13 - Banana Spawn Test
ok 14 - Banana Spawn Random X Position Test
ok 15 - Banana Spawn Y Position Test
ok 16 - Only One Apple Test
ok 17 - Only One Banana Test
not ok 18 - Banana Fall Delay Test
  ---
  severity: fail
  error:
    name: AssertionError
    actual: false
    expected: true
    operator: ok
    message: Banana must not be visible for a second in the beginning.
    generatedMessage: false
    constraint: '[no name]'
  ...
not ok 19 - Banana Ground Delay Test
  ---
  severity: fail
  error:
    name: AssertionError
    actual: false
    expected: true
    operator: ok
    message: Banana must not be visible for a second after touching the ground.
    generatedMessage: false
    constraint: '[no name]'
  ...
ok 20 - Apple Points Test
  ---
  log:
    - Banana touched the ground before the apple touched the bowl.
  ...
not ok 21 - Apple Game Over Test
  ---
  severity: fail
  error:
    name: AssertionError
    actual: 26
    expected: 27
    operator: ==
    message: Time must not change after game is over (should be over).
    generatedMessage: false
    constraint: '[no name]'
  ...
not ok 22 - Apple Game Over Message Test
  ---
  severity: fail
  error:
    name: AssertionError
    actual: false
    expected: true
    operator: ok
    message: Apple must display a message if it hits the ground.
    generatedMessage: false
  ...
ok 23 - Banana Bowl Points Test
  ---
  log:
    - Apple touched the bowl before the banana touched the bowl.
  ...
not ok 24 - Banana Ground Points Test
  ---
  severity: fail
  error:
    name: AssumptionError
    actual: false
    expected: true
    operator: ok
    message: Apple touched the bowl before banana's score could be subtracted.
    generatedMessage: false
  ...
not ok 25 - Banana Ground Message Test
  ---
  severity: fail
  error:
    name: AssertionError
    actual: false
    expected: true
    operator: ok
    message: Banana must display a message when it hits the ground.
    generatedMessage: false
  ...
ok 26 - Timer Tick Test
not ok 27 - Timer Game Over Test
  ---
  severity: fail
  error:
    name: AssertionError
    actual: -3
    expected: -2
    operator: ==
    message: Time must not change after game is over (should be over).
    generatedMessage: false
    constraint: '[no name]'
  ...
not ok 28 - Timer Game Over Message Test
  ---
  severity: fail
  error:
    name: AssertionError
    actual: false
    expected: true
    operator: ok
    message: Bowl must display a message when the time is up.
    generatedMessage: false
  ...
# summary:
#   tests: 28
#   pass: 20
#   fail: 8
#   error: 0
#   skip: 0
# coverage:
#   combined: 1.00 (33/33)
#   individual:
#     Stage: 1.00 (7/7)
#     Bananas: 1.00 (9/9)
#     Apple: 1.00 (9/9)
#     Bowl: 1.00 (8/8)

# project: K6_S33.sb3
TAP version 13
1..28
ok 1 - Variable Initialization Test
ok 2 - Bowl Initialization Test
ok 3 - Fruit Initialization Test
ok 4 - Bowl Movement Test
ok 5 - Bowl Movement Details Test
ok 6 - Apple Falling Test
not ok 7 - Apple Falling Details Test
  ---
  severity: fail
  error:
    name: AssertionError
    actual: false
    expected: true
    operator: ok
    message: Apple must fall with a speed of -5.
    generatedMessage: false
    constraint: '[no name]'
  ...
not ok 8 - Banana Falling Test
  ---
  severity: fail
  error:
    name: AssertionError
    actual: 170
    expected: 170
    operator: <
    message: Banana must fall down.
    generatedMessage: false
  ...
not ok 9 - Banana Falling Details Test
  ---
  severity: fail
  error:
    name: AssumptionError
    actual: 170
    expected: 170
    operator: <
    message: Banana must fall down.
    generatedMessage: false
  ...
ok 10 - Apple Spawn Test
ok 11 - Apple Spawn Random X Position Test
ok 12 - Apple Spawn Y Position Test
ok 13 - Banana Spawn Test
ok 14 - Banana Spawn Random X Position Test
ok 15 - Banana Spawn Y Position Test
ok 16 - Only One Apple Test
ok 17 - Only One Banana Test
not ok 18 - Banana Fall Delay Test
  ---
  severity: fail
  error:
    name: AssertionError
    actual: false
    expected: true
    operator: ok
    message: Banana must not be visible for a second in the beginning.
    generatedMessage: false
    constraint: '[no name]'
  ...
not ok 19 - Banana Ground Delay Test
  ---
  severity: fail
  error:
    name: AssertionError
    actual: false
    expected: true
    operator: ok
    message: Banana must not be visible for a second after touching the ground.
    generatedMessage: false
    constraint: '[no name]'
  ...
ok 20 - Apple Points Test
  ---
  log:
    - Banana touched the ground before the apple touched the bowl.
  ...
ok 21 - Apple Game Over Test
ok 22 - Apple Game Over Message Test
not ok 23 - Banana Bowl Points Test
  ---
  severity: fail
  error:
    name: AssertionError
    actual: 12
    expected: 15
    operator: ==
    message: Banana must give 8 points when it touches the bowl.
    generatedMessage: false
  log:
    - Apple touched the bowl before the banana touched the bowl.
  ...
not ok 24 - Banana Ground Points Test
  ---
  severity: fail
  error:
    name: AssumptionError
    actual: false
    expected: true
    operator: ok
    message: Apple touched the bowl before banana's score could be subtracted.
    generatedMessage: false
  ...
not ok 25 - Banana Ground Message Test
  ---
  severity: fail
  error:
    name: AssertionError
    actual: Hello!
    expected: /-\s?8/
    operator: match
    message: Banana must display '-8' when it hits the ground.
    generatedMessage: false
  ...
ok 26 - Timer Tick Test
not ok 27 - Timer Game Over Test
  ---
  severity: fail
  error:
    name: AssertionError
    actual: -3
    expected: -2
    operator: ==
    message: Time must not change after game is over (should be over).
    generatedMessage: false
    constraint: '[no name]'
  ...
not ok 28 - Timer Game Over Message Test
  ---
  severity: fail
  error:
    name: AssertionError
    actual: false
    expected: true
    operator: ok
    message: Bowl must display a message when the time is up.
    generatedMessage: false
  ...
# summary:
#   tests: 28
#   pass: 18
#   fail: 10
#   error: 0
#   skip: 0
# coverage:
#   combined: 0.94 (45/48)
#   individual:
#     Stage: 1.00 (5/5)
#     Bowl: 1.00 (12/12)
#     Apple: 0.81 (13/16)
#     Bananas: 1.00 (15/15)

# project: K7_S02.sb3
TAP version 13
1..28
ok 1 - Variable Initialization Test
not ok 2 - Bowl Initialization Test
  ---
  severity: fail
  error:
    name: AssertionError
    actual: -150
    expected: -145
    operator: ==
    message: Bowl must start at y = -145.
    generatedMessage: false
  ...
ok 3 - Fruit Initialization Test
ok 4 - Bowl Movement Test
not ok 5 - Bowl Movement Details Test
  ---
  severity: fail
  error:
    name: AssertionError
    actual: false
    expected: true
    operator: ok
    message: Bowl must move in steps of size 10.
    generatedMessage: false
    constraint: '[no name]'
  ...
ok 6 - Apple Falling Test
not ok 7 - Apple Falling Details Test
  ---
  severity: fail
  error:
    name: AssertionError
    actual: false
    expected: true
    operator: ok
    message: Apple must fall with a speed of -5.
    generatedMessage: false
    constraint: '[no name]'
  ...
ok 8 - Banana Falling Test
not ok 9 - Banana Falling Details Test
  ---
  severity: fail
  error:
    name: AssertionError
    actual: false
    expected: true
    operator: ok
    message: Banana must fall with a speed of -7.
    generatedMessage: false
    constraint: '[no name]'
  ...
ok 10 - Apple Spawn Test
ok 11 - Apple Spawn Random X Position Test
ok 12 - Apple Spawn Y Position Test
ok 13 - Banana Spawn Test
ok 14 - Banana Spawn Random X Position Test
ok 15 - Banana Spawn Y Position Test
ok 16 - Only One Apple Test
ok 17 - Only One Banana Test
not ok 18 - Banana Fall Delay Test
  ---
  severity: fail
  error:
    name: AssertionError
    actual: false
    expected: true
    operator: ok
    message: Banana must not be visible for a second in the beginning.
    generatedMessage: false
    constraint: '[no name]'
  ...
not ok 19 - Banana Ground Delay Test
  ---
  severity: fail
  error:
    name: AssertionError
    actual: false
    expected: true
    operator: ok
    message: Banana must not be visible for a second after touching the ground.
    generatedMessage: false
    constraint: '[no name]'
  ...
not ok 20 - Apple Points Test
  ---
  severity: fail
  error:
    name: AssertionError
    actual: 0
    expected: -3
    operator: ==
    message: Apple must give 5 points when it touches the bowl.
    generatedMessage: false
  log:
    - Banana touched the ground before the apple touched the bowl.
  ...
not ok 21 - Apple Game Over Test
  ---
  severity: fail
  error:
    name: AssertionError
    actual: 170
    expected: -231
    operator: ==
    message: Apple must not move after game is over (should be over).
    generatedMessage: false
    constraint: '[no name]'
  ...
not ok 22 - Apple Game Over Message Test
  ---
  severity: fail
  error:
    name: AssertionError
    actual: false
    expected: true
    operator: ok
    message: Apple's game over message must disappear one second after it hit the ground
    generatedMessage: false
  ...
ok 23 - Banana Bowl Points Test
  ---
  log:
    - Apple touched the bowl before the banana touched the bowl.
  ...
ok 24 - Banana Ground Points Test
not ok 25 - Banana Ground Message Test
  ---
  severity: fail
  error:
    name: AssertionError
    actual: false
    expected: true
    operator: ok
    message: Banana's message must disappear a second after it hit the ground
    generatedMessage: false
  ...
ok 26 - Timer Tick Test
not ok 27 - Timer Game Over Test
  ---
  severity: fail
  error:
    name: AssertionError
    actual: -48
    expected: -40
    operator: ==
    message: Score must not change after game is over (should be over).
    generatedMessage: false
    constraint: '[no name]'
  ...
not ok 28 - Timer Game Over Message Test
  ---
  severity: fail
  error:
    name: AssertionError
    actual: false
    expected: true
    operator: ok
    message: Bowl must display a message when the time is up.
    generatedMessage: false
  ...
# summary:
#   tests: 28
#   pass: 16
#   fail: 12
#   error: 0
#   skip: 0
# coverage:
#   combined: 0.74 (43/58)
#   individual:
#     Stage: NaN (0/0)
#     Bowl: 1.00 (16/16)
#     Bananas: 0.50 (12/24)
#     Apple: 0.83 (15/18)

# project: K7_S03.sb3
TAP version 13
1..28
ok 1 - Variable Initialization Test
ok 2 - Bowl Initialization Test
ok 3 - Fruit Initialization Test
ok 4 - Bowl Movement Test
ok 5 - Bowl Movement Details Test
ok 6 - Apple Falling Test
not ok 7 - Apple Falling Details Test
  ---
  severity: fail
  error:
    name: AssertionError
    actual: false
    expected: true
    operator: ok
    message: Apple must fall with a speed of -5.
    generatedMessage: false
    constraint: '[no name]'
  ...
ok 8 - Banana Falling Test
not ok 9 - Banana Falling Details Test
  ---
  severity: fail
  error:
    name: AssertionError
    actual: false
    expected: true
    operator: ok
    message: Banana must fall with a speed of -7.
    generatedMessage: false
    constraint: '[no name]'
  ...
ok 10 - Apple Spawn Test
ok 11 - Apple Spawn Random X Position Test
ok 12 - Apple Spawn Y Position Test
not ok 13 - Banana Spawn Test
  ---
  severity: fail
  error:
    name: AssertionError
    actual: 2
    expected: 3
    operator: '>='
    message: At least three Bananas must have spawned after 30 seconds.
    generatedMessage: false
  ...
not ok 14 - Banana Spawn Random X Position Test
  ---
  severity: fail
  error:
    name: AssumptionError
    actual: 2
    expected: 3
    operator: '>='
    message: At least three Bananas must have spawned after 30 seconds.
    generatedMessage: false
  ...
not ok 15 - Banana Spawn Y Position Test
  ---
  severity: fail
  error:
    name: AssumptionError
    actual: 2
    expected: 3
    operator: '>='
    message: At least three Bananas must have spawned after 30 seconds.
    generatedMessage: false
  ...
ok 16 - Only One Apple Test
ok 17 - Only One Banana Test
not ok 18 - Banana Fall Delay Test
  ---
  severity: fail
  error:
    name: AssertionError
    actual: false
    expected: true
    operator: ok
    message: Banana must not be visible for a second in the beginning.
    generatedMessage: false
    constraint: '[no name]'
  ...
not ok 19 - Banana Ground Delay Test
  ---
  severity: fail
  error:
    name: AssertionError
    actual: false
    expected: true
    operator: ok
    message: Banana must not be visible for a second after touching the ground.
    generatedMessage: false
    constraint: '[no name]'
  ...
ok 20 - Apple Points Test
  ---
  log:
    - Banana touched the ground before the apple touched the bowl.
  ...
not ok 21 - Apple Game Over Test
  ---
  severity: fail
  error:
    name: AssertionError
    actual: 20
    expected: 21
    operator: ==
    message: Time must not change after game is over (should be over).
    generatedMessage: false
    constraint: '[no name]'
  ...
not ok 22 - Apple Game Over Message Test
  ---
  severity: fail
  error:
    name: AssertionError
    actual: false
    expected: true
    operator: ok
    message: Apple must display a message if it hits the ground.
    generatedMessage: false
  ...
not ok 23 - Banana Bowl Points Test
  ---
  severity: fail
  error:
    name: AssumptionError
    actual: false
    expected: bowl
    operator: ==
    message: Banana didn't touch the bowl after 30 seconds.
    generatedMessage: false
  ...
not ok 24 - Banana Ground Points Test
  ---
  severity: fail
  error:
    name: AssertionError
    actual: 0
    expected: -8
    operator: ==
    message: Banana must subtract 8 points when it touches the ground.
    generatedMessage: false
  ...
not ok 25 - Banana Ground Message Test
  ---
  severity: fail
  error:
    name: AssertionError
    actual: false
    expected: true
    operator: ok
    message: Banana must display a message when it hits the ground.
    generatedMessage: false
  ...
ok 26 - Timer Tick Test
not ok 27 - Timer Game Over Test
  ---
  severity: fail
  error:
    name: AssertionError
    actual: 205
    expected: 78
    operator: ==
    message: Apple must not move after game is over (should be over).
    generatedMessage: false
    constraint: '[no name]'
  ...
not ok 28 - Timer Game Over Message Test
  ---
  severity: fail
  error:
    name: AssertionError
    actual: false
    expected: true
    operator: ok
    message: Bowl must display a message when the time is up.
    generatedMessage: false
  ...
# summary:
#   tests: 28
#   pass: 14
#   fail: 14
#   error: 0
#   skip: 0
# coverage:
#   combined: 0.86 (32/37)
#   individual:
#     Stage: 1.00 (6/6)
#     Apple: 0.83 (10/12)
#     Bananas: 0.75 (9/12)
#     Bowl: 1.00 (7/7)

# project: K7_S04.sb3
TAP version 13
1..28
not ok 1 - Variable Initialization Test
  ---
  severity: fail
  error:
    name: AssertionError
    actual: false
    expected: true
    operator: ok
    message: Time must start at 30 seconds.
    generatedMessage: false
  ...
not ok 2 - Bowl Initialization Test
  ---
  severity: fail
  error:
    name: AssertionError
    actual: -142
    expected: 0
    operator: ==
    message: Bowl must start at x = 0.
    generatedMessage: false
  ...
not ok 3 - Fruit Initialization Test
  ---
  severity: fail
  error:
    name: AssertionError
    actual: 65
    expected: 50
    operator: ==
    message: Apple must have a size of 50%.
    generatedMessage: false
  ...
ok 4 - Bowl Movement Test
ok 5 - Bowl Movement Details Test
ok 6 - Apple Falling Test
not ok 7 - Apple Falling Details Test
  ---
  severity: fail
  error:
    name: AssertionError
    actual: false
    expected: true
    operator: ok
    message: Apple must fall with a speed of -5.
    generatedMessage: false
    constraint: '[no name]'
  ...
ok 8 - Banana Falling Test
ok 9 - Banana Falling Details Test
ok 10 - Apple Spawn Test
not ok 11 - Apple Spawn Random X Position Test
  ---
  severity: fail
  error:
    name: AssertionError
    actual: false
    expected: true
    operator: ok
    message: Apples must spawn at random x positions.
    generatedMessage: false
  ...
ok 12 - Apple Spawn Y Position Test
ok 13 - Banana Spawn Test
not ok 14 - Banana Spawn Random X Position Test
  ---
  severity: fail
  error:
    name: AssertionError
    actual: false
    expected: true
    operator: ok
    message: Bananas must spawn at random x positions.
    generatedMessage: false
  ...
ok 15 - Banana Spawn Y Position Test
ok 16 - Only One Apple Test
ok 17 - Only One Banana Test
not ok 18 - Banana Fall Delay Test
  ---
  severity: fail
  error:
    name: AssertionError
    actual: false
    expected: true
    operator: ok
    message: Banana must not be visible for a second in the beginning.
    generatedMessage: false
    constraint: '[no name]'
  ...
not ok 19 - Banana Ground Delay Test
  ---
  severity: fail
  error:
    name: AssertionError
    actual: false
    expected: true
    operator: ok
    message: Banana must not be visible for a second after touching the ground.
    generatedMessage: false
    constraint: '[no name]'
  ...
ok 20 - Apple Points Test
  ---
  log:
    - Banana touched the ground before the apple touched the bowl.
  ...
ok 21 - Apple Game Over Test
not ok 22 - Apple Game Over Message Test
  ---
  severity: fail
  error:
    name: AssertionError
    actual: false
    expected: true
    operator: ok
    message: Apple must display a message if it hits the ground.
    generatedMessage: false
  ...
not ok 23 - Banana Bowl Points Test
  ---
  severity: fail
  error:
    name: AssumptionError
    actual: false
    expected: bowl
    operator: ==
    message: Banana didn't touch the bowl after 30 seconds.
    generatedMessage: false
  ...
ok 24 - Banana Ground Points Test
  ---
  log:
    - Apple touched the bowl before the banana touched the ground.
  ...
not ok 25 - Banana Ground Message Test
  ---
  severity: fail
  error:
    name: AssertionError
    actual: false
    expected: true
    operator: ok
    message: Banana must display a message when it hits the ground.
    generatedMessage: false
  log:
    - Apple touched the bowl before the banana touched the ground.
  ...
not ok 26 - Timer Tick Test
  ---
  severity: fail
  error:
    name: AssertionError
    actual: '-1'
    expected: -2
    operator: ==
    message: Time must decrease by one every second.
    generatedMessage: false
  ...
not ok 27 - Timer Game Over Test
  ---
  severity: fail
  error:
    name: AssertionError
    actual: 85
    expected: 80
    operator: ==
    message: Score must not change after game is over (should be over).
    generatedMessage: false
    constraint: '[no name]'
  ...
not ok 28 - Timer Game Over Message Test
  ---
  severity: fail
  error:
    name: AssertionError
    actual: false
    expected: true
    operator: ok
    message: Bowl must display a message when the time is up.
    generatedMessage: false
  ...
# summary:
#   tests: 28
#   pass: 14
#   fail: 14
#   error: 0
#   skip: 0
# coverage:
#   combined: 0.57 (36/63)
#   individual:
#     Stage: 0.57 (4/7)
#     Apple: 0.71 (12/17)
#     Bowl: 0.53 (8/15)
#     Bananas: 0.50 (12/24)

# project: K7_S05.sb3
TAP version 13
1..28
ok 1 - Variable Initialization Test
not ok 2 - Bowl Initialization Test
  ---
  severity: fail
  error:
    name: AssertionError
    actual: -53
    expected: 0
    operator: ==
    message: Bowl must start at x = 0.
    generatedMessage: false
  ...
ok 3 - Fruit Initialization Test
ok 4 - Bowl Movement Test
not ok 5 - Bowl Movement Details Test
  ---
  severity: fail
  error:
    name: AssertionError
    actual: false
    expected: true
    operator: ok
    message: Bowl must move in steps of size 10.
    generatedMessage: false
    constraint: '[no name]'
  ...
ok 6 - Apple Falling Test
ok 7 - Apple Falling Details Test
ok 8 - Banana Falling Test
ok 9 - Banana Falling Details Test
ok 10 - Apple Spawn Test
ok 11 - Apple Spawn Random X Position Test
ok 12 - Apple Spawn Y Position Test
ok 13 - Banana Spawn Test
ok 14 - Banana Spawn Random X Position Test
ok 15 - Banana Spawn Y Position Test
ok 16 - Only One Apple Test
ok 17 - Only One Banana Test
not ok 18 - Banana Fall Delay Test
  ---
  severity: fail
  error:
    name: AssertionError
    actual: false
    expected: true
    operator: ok
    message: Banana must not be visible for a second in the beginning.
    generatedMessage: false
    constraint: '[no name]'
  ...
not ok 19 - Banana Ground Delay Test
  ---
  severity: fail
  error:
    name: AssertionError
    actual: false
    expected: true
    operator: ok
    message: Banana must not be visible for a second after touching the ground.
    generatedMessage: false
    constraint: '[no name]'
  ...
ok 20 - Apple Points Test
  ---
  log:
    - Banana touched the ground before the apple touched the bowl.
  ...
ok 21 - Apple Game Over Test
not ok 22 - Apple Game Over Message Test
  ---
  severity: fail
  error:
    name: AssertionError
    actual: false
    expected: true
    operator: ok
    message: Apple must display a message for one second if it hits the ground.
    generatedMessage: false
  ...
ok 23 - Banana Bowl Points Test
  ---
  log:
    - Apple touched the bowl before the banana touched the bowl.
  ...
ok 24 - Banana Ground Points Test
not ok 25 - Banana Ground Message Test
  ---
  severity: fail
  error:
    name: AssertionError
    actual: false
    expected: true
    operator: ok
    message: Banana must display a message for one second when it hits the ground
    generatedMessage: false
  ...
ok 26 - Timer Tick Test
ok 27 - Timer Game Over Test
not ok 28 - Timer Game Over Message Test
  ---
  severity: fail
  error:
    name: AssertionError
    actual: false
    expected: true
    operator: ok
    message: Bowl must display a message when the time is up.
    generatedMessage: false
  ...
# summary:
#   tests: 28
#   pass: 21
#   fail: 7
#   error: 0
#   skip: 0
# coverage:
#   combined: 0.69 (42/61)
#   individual:
#     Stage: 0.64 (9/14)
#     Bowl: 0.58 (7/12)
#     Apple: 0.75 (12/16)
#     Bananas: 0.74 (14/19)

# project: K7_S06.sb3
TAP version 13
1..28
ok 1 - Variable Initialization Test
not ok 2 - Bowl Initialization Test
  ---
  severity: fail
  error:
    name: AssertionError
    actual: 172
    expected: 0
    operator: ==
    message: Bowl must start at x = 0.
    generatedMessage: false
  ...
ok 3 - Fruit Initialization Test
ok 4 - Bowl Movement Test
not ok 5 - Bowl Movement Details Test
  ---
  severity: fail
  error:
    name: AssertionError
    actual: false
    expected: true
    operator: ok
    message: Bowl must move in steps of size 10.
    generatedMessage: false
    constraint: '[no name]'
  ...
ok 6 - Apple Falling Test
not ok 7 - Apple Falling Details Test
  ---
  severity: fail
  error:
    name: AssertionError
    actual: false
    expected: true
    operator: ok
    message: Apple must fall with a speed of -5.
    generatedMessage: false
    constraint: '[no name]'
  ...
ok 8 - Banana Falling Test
not ok 9 - Banana Falling Details Test
  ---
  severity: fail
  error:
    name: AssertionError
    actual: false
    expected: true
    operator: ok
    message: Banana must fall with a speed of -7.
    generatedMessage: false
    constraint: '[no name]'
  ...
ok 10 - Apple Spawn Test
ok 11 - Apple Spawn Random X Position Test
not ok 12 - Apple Spawn Y Position Test
  ---
  severity: fail
  error:
    name: AssertionError
    actual: false
    expected: true
    operator: ok
    message: Apples must spawn at y = 170.
    generatedMessage: false
  ...
ok 13 - Banana Spawn Test
ok 14 - Banana Spawn Random X Position Test
not ok 15 - Banana Spawn Y Position Test
  ---
  severity: fail
  error:
    name: AssertionError
    actual: false
    expected: true
    operator: ok
    message: Bananas must spawn at y = 170.
    generatedMessage: false
  ...
ok 16 - Only One Apple Test
ok 17 - Only One Banana Test
not ok 18 - Banana Fall Delay Test
  ---
  severity: fail
  error:
    name: AssertionError
    actual: false
    expected: true
    operator: ok
    message: Banana must not be visible for a second in the beginning.
    generatedMessage: false
    constraint: '[no name]'
  ...
not ok 19 - Banana Ground Delay Test
  ---
  severity: fail
  error:
    name: AssertionError
    actual: false
    expected: true
    operator: ok
    message: Banana must not be visible for a second after touching the ground.
    generatedMessage: false
    constraint: '[no name]'
  ...
ok 20 - Apple Points Test
  ---
  log:
    - Banana touched the ground before the apple touched the bowl.
  ...
ok 21 - Apple Game Over Test
ok 22 - Apple Game Over Message Test
ok 23 - Banana Bowl Points Test
  ---
  log:
    - Apple touched the bowl before the banana touched the bowl.
  ...
ok 24 - Banana Ground Points Test
not ok 25 - Banana Ground Message Test
  ---
  severity: fail
  error:
    name: AssertionError
    actual: false
    expected: true
    operator: ok
    message: Banana must display a message when it hits the ground.
    generatedMessage: false
  ...
ok 26 - Timer Tick Test
ok 27 - Timer Game Over Test
not ok 28 - Timer Game Over Message Test
  ---
  severity: fail
  error:
    name: AssertionError
    actual: false
    expected: true
    operator: ok
    message: Bowl must display a message when the time is up.
    generatedMessage: false
  ...
# summary:
#   tests: 28
#   pass: 18
#   fail: 10
#   error: 0
#   skip: 0
# coverage:
#   combined: 0.88 (36/41)
#   individual:
#     Stage: 1.00 (7/7)
#     Apple: 1.00 (12/12)
#     Bananas: 0.72 (13/18)
#     Bowl: 1.00 (4/4)

# project: K7_S07.sb3
TAP version 13
1..28
not ok 1 - Variable Initialization Test
  ---
  severity: fail
  error:
    name: AssertionError
    actual: false
    expected: true
    operator: ok
    message: Time must start at 30 seconds.
    generatedMessage: false
  ...
not ok 2 - Bowl Initialization Test
  ---
  severity: fail
  error:
    name: AssertionError
    actual: -144
    expected: -145
    operator: ==
    message: Bowl must start at y = -145.
    generatedMessage: false
  ...
not ok 3 - Fruit Initialization Test
  ---
  severity: fail
  error:
    name: AssertionError
    actual: 70
    expected: 50
    operator: ==
    message: Apple must have a size of 50%.
    generatedMessage: false
  ...
ok 4 - Bowl Movement Test
ok 5 - Bowl Movement Details Test
ok 6 - Apple Falling Test
not ok 7 - Apple Falling Details Test
  ---
  severity: fail
  error:
    name: AssertionError
    actual: false
    expected: true
    operator: ok
    message: Apple must fall with a speed of -5.
    generatedMessage: false
    constraint: '[no name]'
  ...
ok 8 - Banana Falling Test
not ok 9 - Banana Falling Details Test
  ---
  severity: fail
  error:
    name: AssertionError
    actual: false
    expected: true
    operator: ok
    message: Banana must fall with a speed of -7.
    generatedMessage: false
    constraint: '[no name]'
  ...
ok 10 - Apple Spawn Test
ok 11 - Apple Spawn Random X Position Test
ok 12 - Apple Spawn Y Position Test
not ok 13 - Banana Spawn Test
  ---
  severity: fail
  error:
    name: AssertionError
    actual: 2
    expected: 3
    operator: '>='
    message: At least three Bananas must have spawned after 30 seconds.
    generatedMessage: false
  ...
not ok 14 - Banana Spawn Random X Position Test
  ---
  severity: fail
  error:
    name: AssumptionError
    actual: 2
    expected: 3
    operator: '>='
    message: At least three Bananas must have spawned after 30 seconds.
    generatedMessage: false
  ...
not ok 15 - Banana Spawn Y Position Test
  ---
  severity: fail
  error:
    name: AssumptionError
    actual: 2
    expected: 3
    operator: '>='
    message: At least three Bananas must have spawned after 30 seconds.
    generatedMessage: false
  ...
ok 16 - Only One Apple Test
ok 17 - Only One Banana Test
not ok 18 - Banana Fall Delay Test
  ---
  severity: fail
  error:
    name: AssertionError
    actual: false
    expected: true
    operator: ok
    message: Banana must not be visible for a second in the beginning.
    generatedMessage: false
    constraint: '[no name]'
  ...
not ok 19 - Banana Ground Delay Test
  ---
  severity: fail
  error:
    name: AssertionError
    actual: false
    expected: true
    operator: ok
    message: Banana must not be visible for a second after touching the ground.
    generatedMessage: false
    constraint: '[no name]'
  ...
ok 20 - Apple Points Test
ok 21 - Apple Game Over Test
ok 22 - Apple Game Over Message Test
not ok 23 - Banana Bowl Points Test
  ---
  severity: fail
  error:
    name: AssumptionError
    actual: false
    expected: bowl
    operator: ==
    message: Banana didn't touch the bowl after 30 seconds.
    generatedMessage: false
  ...
not ok 24 - Banana Ground Points Test
  ---
  severity: fail
  error:
    name: AssertionError
    actual: '-8'
    expected: 2
    operator: ==
    message: Banana must subtract 8 points when it touches the ground.
    generatedMessage: false
  log:
    - Apple touched the bowl before the banana touched the ground.
  ...
not ok 25 - Banana Ground Message Test
  ---
  severity: fail
  error:
    name: AssertionError
    actual: false
    expected: true
    operator: ok
    message: Banana must display a message when it hits the ground.
    generatedMessage: false
  log:
    - Apple touched the bowl before the banana touched the ground.
  ...
ok 26 - Timer Tick Test
not ok 27 - Timer Game Over Test
  ---
  severity: fail
  error:
    name: AssertionError
    actual: 58
    expected: 59
    operator: ==
    message: Time must not change after game is over (should be over).
    generatedMessage: false
    constraint: '[no name]'
  ...
not ok 28 - Timer Game Over Message Test
  ---
  severity: fail
  error:
    name: AssertionError
    actual: false
    expected: true
    operator: ok
    message: Bowl must display a message when the time is up.
    generatedMessage: false
  ...
# summary:
#   tests: 28
#   pass: 13
#   fail: 15
#   error: 0
#   skip: 0
# coverage:
#   combined: 0.78 (40/51)
#   individual:
#     Stage: 0.50 (5/10)
#     Bowl: 0.80 (8/10)
#     Apple: 0.87 (13/15)
#     Bananas: 0.88 (14/16)

# project: K7_S08.sb3
TAP version 13
1..28
not ok 1 - Variable Initialization Test
  ---
  severity: fail
  error:
    name: AssertionError
    actual: 114
    expected: 0
    operator: ==
    message: Score must start at 0.
    generatedMessage: false
  ...
not ok 2 - Bowl Initialization Test
  ---
  severity: fail
  error:
    name: AssertionError
    actual: -88
    expected: 0
    operator: ==
    message: Bowl must start at x = 0.
    generatedMessage: false
  ...
ok 3 - Fruit Initialization Test
ok 4 - Bowl Movement Test
ok 5 - Bowl Movement Details Test
ok 6 - Apple Falling Test
not ok 7 - Apple Falling Details Test
  ---
  severity: fail
  error:
    name: AssertionError
    actual: false
    expected: true
    operator: ok
    message: Apple must fall with a speed of -5.
    generatedMessage: false
    constraint: '[no name]'
  ...
ok 8 - Banana Falling Test
not ok 9 - Banana Falling Details Test
  ---
  severity: fail
  error:
    name: AssertionError
    actual: false
    expected: true
    operator: ok
    message: Banana must fall with a speed of -7.
    generatedMessage: false
    constraint: '[no name]'
  ...
ok 10 - Apple Spawn Test
ok 11 - Apple Spawn Random X Position Test
ok 12 - Apple Spawn Y Position Test
ok 13 - Banana Spawn Test
ok 14 - Banana Spawn Random X Position Test
ok 15 - Banana Spawn Y Position Test
ok 16 - Only One Apple Test
ok 17 - Only One Banana Test
not ok 18 - Banana Fall Delay Test
  ---
  severity: fail
  error:
    name: AssertionError
    actual: false
    expected: true
    operator: ok
    message: Banana must not be visible for a second in the beginning.
    generatedMessage: false
    constraint: '[no name]'
  ...
not ok 19 - Banana Ground Delay Test
  ---
  severity: fail
  error:
    name: AssertionError
    actual: false
    expected: true
    operator: ok
    message: Banana must not be visible for a second after touching the ground.
    generatedMessage: false
    constraint: '[no name]'
  ...
ok 20 - Apple Points Test
  ---
  log:
    - Banana touched the ground before the apple touched the bowl.
  ...
ok 21 - Apple Game Over Test
ok 22 - Apple Game Over Message Test
ok 23 - Banana Bowl Points Test
  ---
  log:
    - Apple touched the bowl before the banana touched the bowl.
  ...
not ok 24 - Banana Ground Points Test
  ---
  severity: fail
  error:
    name: AssumptionError
    actual: false
    expected: true
    operator: ok
    message: Apple touched the bowl before banana's score could be subtracted.
    generatedMessage: false
  ...
ok 25 - Banana Ground Message Test
ok 26 - Timer Tick Test
not ok 27 - Timer Game Over Test
  ---
  severity: fail
  error:
    name: AssertionError
    actual: -212
    expected: 136
    operator: ==
    message: Apple must not move after game is over (should be over).
    generatedMessage: false
    constraint: '[no name]'
  ...
not ok 28 - Timer Game Over Message Test
  ---
  severity: fail
  error:
    name: AssertionError
    actual: false
    expected: true
    operator: ok
    message: Bowl must display a message when the time is up.
    generatedMessage: false
  ...
# summary:
#   tests: 28
#   pass: 19
#   fail: 9
#   error: 0
#   skip: 0
# coverage:
#   combined: 0.87 (33/38)
#   individual:
#     Stage: NaN (0/0)
#     Apple: 0.77 (10/13)
#     Bananas: 0.92 (12/13)
#     Bowl: 0.92 (11/12)
#     Figur1: NaN (0/0)

# project: K7_S10.sb3
TAP version 13
1..28
not ok 1 - Variable Initialization Test
  ---
  severity: fail
  error:
    name: AssertionError
    actual: false
    expected: true
    operator: ok
    message: Time must start at 30 seconds.
    generatedMessage: false
  ...
ok 2 - Bowl Initialization Test
ok 3 - Fruit Initialization Test
ok 4 - Bowl Movement Test
ok 5 - Bowl Movement Details Test
ok 6 - Apple Falling Test
ok 7 - Apple Falling Details Test
ok 8 - Banana Falling Test
ok 9 - Banana Falling Details Test
ok 10 - Apple Spawn Test
ok 11 - Apple Spawn Random X Position Test
ok 12 - Apple Spawn Y Position Test
ok 13 - Banana Spawn Test
ok 14 - Banana Spawn Random X Position Test
ok 15 - Banana Spawn Y Position Test
ok 16 - Only One Apple Test
ok 17 - Only One Banana Test
not ok 18 - Banana Fall Delay Test
  ---
  severity: fail
  error:
    name: AssertionError
    actual: false
    expected: true
    operator: ok
    message: Banana must not be visible for a second in the beginning.
    generatedMessage: false
    constraint: '[no name]'
  ...
not ok 19 - Banana Ground Delay Test
  ---
  severity: fail
  error:
    name: AssertionError
    actual: false
    expected: true
    operator: ok
    message: Banana must not be visible for a second after touching the ground.
    generatedMessage: false
    constraint: '[no name]'
  ...
ok 20 - Apple Points Test
  ---
  log:
    - Banana touched the ground before the apple touched the bowl.
  ...
ok 21 - Apple Game Over Test
not ok 22 - Apple Game Over Message Test
  ---
  severity: fail
  error:
    name: AssertionError
    actual: false
    expected: true
    operator: ok
    message: Apple's game over message must disappear one second after it hit the ground
    generatedMessage: false
  ...
ok 23 - Banana Bowl Points Test
  ---
  log:
    - Apple touched the bowl before the banana touched the bowl.
  ...
not ok 24 - Banana Ground Points Test
  ---
  severity: fail
  error:
    name: AssumptionError
    actual: false
    expected: true
    operator: ok
    message: Apple touched the bowl before banana's score could be subtracted.
    generatedMessage: false
  ...
ok 25 - Banana Ground Message Test
ok 26 - Timer Tick Test
not ok 27 - Timer Game Over Test
  ---
  severity: fail
  error:
    name: AssertionError
    actual: 95
    expected: 207
    operator: ==
    message: Apple must not move after game is over (should be over).
    generatedMessage: false
    constraint: '[no name]'
  ...
not ok 28 - Timer Game Over Message Test
  ---
  severity: fail
  error:
    name: AssertionError
    actual: false
    expected: true
    operator: ok
    message: Bowl must display a message when the time is up.
    generatedMessage: false
  ...
# summary:
#   tests: 28
#   pass: 21
#   fail: 7
#   error: 0
#   skip: 0
# coverage:
#   combined: 0.95 (36/38)
#   individual:
#     Stage: NaN (0/0)
#     Apple: 1.00 (12/12)
#     Bananas: 0.89 (17/19)
#     Bowl: 1.00 (7/7)

# project: K7_S11.sb3
TAP version 13
1..28
not ok 1 - Variable Initialization Test
  ---
  severity: fail
  error:
    name: AssertionError
    actual: false
    expected: true
    operator: ok
    message: Time must start at 30 seconds.
    generatedMessage: false
  ...
not ok 2 - Bowl Initialization Test
  ---
  severity: fail
  error:
    name: AssertionError
    actual: 57
    expected: 0
    operator: ==
    message: Bowl must start at x = 0.
    generatedMessage: false
  ...
ok 3 - Fruit Initialization Test
not ok 4 - Bowl Movement Test
  ---
  severity: fail
  error:
    name: AssertionError
    actual: 57
    expected: 57
    operator: <
    message: Bowl must move to the left when left arrow key is pressed.
    generatedMessage: false
  ...
not ok 5 - Bowl Movement Details Test
  ---
  severity: fail
  error:
    name: AssumptionError
    actual: 57
    expected: 57
    operator: <
    message: Bowl must move to the left when left arrow key is pressed.
    generatedMessage: false
  ...
not ok 6 - Apple Falling Test
  ---
  severity: fail
  error:
    name: AssertionError
    actual: false
    expected: true
    operator: ok
    message: Apple must appear on the top of the screen after 5 seconds.
    generatedMessage: false
  ...
not ok 7 - Apple Falling Details Test
  ---
  severity: fail
  error:
    name: AssumptionError
    actual: false
    expected: true
    operator: ok
    message: Apple must appear on the top of the screen after 5 seconds.
    generatedMessage: false
  ...
not ok 8 - Banana Falling Test
  ---
  severity: fail
  error:
    name: AssertionError
    actual: false
    expected: true
    operator: ok
    message: Banana must appear on the top of the screen after 5 seconds.
    generatedMessage: false
  ...
not ok 9 - Banana Falling Details Test
  ---
  severity: fail
  error:
    name: AssumptionError
    actual: false
    expected: true
    operator: ok
    message: Banana must appear on the top of the screen after 5 seconds.
    generatedMessage: false
  ...
not ok 10 - Apple Spawn Test
  ---
  severity: fail
  error:
    name: AssertionError
    actual: 0
    expected: 3
    operator: '>='
    message: At least three Apples must have spawned after 30 seconds.
    generatedMessage: false
  ...
not ok 11 - Apple Spawn Random X Position Test
  ---
  severity: fail
  error:
    name: AssumptionError
    actual: 0
    expected: 3
    operator: '>='
    message: At least three Apples must have spawned after 30 seconds.
    generatedMessage: false
  ...
not ok 12 - Apple Spawn Y Position Test
  ---
  severity: fail
  error:
    name: AssumptionError
    actual: 0
    expected: 3
    operator: '>='
    message: At least three Apples must have spawned after 30 seconds.
    generatedMessage: false
  ...
not ok 13 - Banana Spawn Test
  ---
  severity: fail
  error:
    name: AssertionError
    actual: 0
    expected: 3
    operator: '>='
    message: At least three Bananas must have spawned after 30 seconds.
    generatedMessage: false
  ...
not ok 14 - Banana Spawn Random X Position Test
  ---
  severity: fail
  error:
    name: AssumptionError
    actual: 0
    expected: 3
    operator: '>='
    message: At least three Bananas must have spawned after 30 seconds.
    generatedMessage: false
  ...
not ok 15 - Banana Spawn Y Position Test
  ---
  severity: fail
  error:
    name: AssumptionError
    actual: 0
    expected: 3
    operator: '>='
    message: At least three Bananas must have spawned after 30 seconds.
    generatedMessage: false
  ...
not ok 16 - Only One Apple Test
  ---
  severity: fail
  error:
    name: AssumptionError
    actual: 0
    expected: 3
    operator: '>='
    message: At least three Apples must have spawned after 30 seconds.
    generatedMessage: false
  ...
not ok 17 - Only One Banana Test
  ---
  severity: fail
  error:
    name: AssumptionError
    actual: 0
    expected: 3
    operator: '>='
    message: At least three Bananas must have spawned after 30 seconds.
    generatedMessage: false
  ...
not ok 18 - Banana Fall Delay Test
  ---
  severity: fail
  error:
    name: AssertionError
    actual: false
    expected: true
    operator: ok
    message: Banana must not be visible for a second in the beginning.
    generatedMessage: false
    constraint: '[no name]'
  ...
not ok 19 - Banana Ground Delay Test
  ---
  severity: fail
  error:
    name: AssertionError
    actual: false
    expected: true
    operator: ok
    message: Banana must not be visible for a second after touching the ground.
    generatedMessage: false
    constraint: '[no name]'
  ...
not ok 20 - Apple Points Test
  ---
  severity: fail
  error:
    name: AssumptionError
    actual: false
    expected: true
    operator: ok
    message: An apple must appear on the top of the screen after 5 seconds.
    generatedMessage: false
  ...
not ok 21 - Apple Game Over Test
  ---
  severity: fail
  error:
    name: AssumptionError
    actual: false
    expected: true
    operator: ok
    message: An apple must appear on the top of the screen after five seconds.
    generatedMessage: false
  ...
not ok 22 - Apple Game Over Message Test
  ---
  severity: fail
  error:
    name: AssumptionError
    actual: false
    expected: true
    operator: ok
    message: An apple must appear on the top of the screen after five seconds.
    generatedMessage: false
  ...
not ok 23 - Banana Bowl Points Test
  ---
  severity: fail
  error:
    name: AssumptionError
    actual: false
    expected: true
    operator: ok
    message: Apple must not touch the ground during this test.
    generatedMessage: false
  ...
not ok 24 - Banana Ground Points Test
  ---
  severity: fail
  error:
    name: AssumptionError
    actual: false
    expected: true
    operator: ok
    message: Apple must not touch the ground during this test.
    generatedMessage: false
  ...
not ok 25 - Banana Ground Message Test
  ---
  severity: fail
  error:
    name: AssumptionError
    actual: false
    expected: true
    operator: ok
    message: Apple must not touch the ground during this test.
    generatedMessage: false
  ...
not ok 26 - Timer Tick Test
  ---
  severity: fail
  error:
    name: AssertionError
    actual: 0
    expected: -1
    operator: ==
    message: Time must decrease by one every second.
    generatedMessage: false
  ...
not ok 27 - Timer Game Over Test
  ---
  severity: fail
  error:
    name: AssertionError
    actual: false
    expected: true
    operator: ok
    message: Game must not be over after 15 seconds.
    generatedMessage: false
  ...
not ok 28 - Timer Game Over Message Test
  ---
  severity: fail
  error:
    name: AssertionError
    actual: false
    expected: true
    operator: ok
    message: Bowl must display a message when the time is up.
    generatedMessage: false
  ...
# summary:
#   tests: 28
#   pass: 1
#   fail: 27
#   error: 0
#   skip: 0
# coverage:
#   combined: 0.71 (15/21)
#   individual:
#     Stage: NaN (0/0)
#     Apple: 0.89 (8/9)
#     Bananas: 0.55 (6/11)
#     Bowl: 1.00 (1/1)

# project: K7_S12.sb3
TAP version 13
1..28
not ok 1 - Variable Initialization Test
  ---
  severity: fail
  error:
    name: AssertionError
    actual: false
    expected: true
    operator: ok
    message: Time must start at 30 seconds.
    generatedMessage: false
  ...
ok 2 - Bowl Initialization Test
ok 3 - Fruit Initialization Test
ok 4 - Bowl Movement Test
ok 5 - Bowl Movement Details Test
ok 6 - Apple Falling Test
ok 7 - Apple Falling Details Test
ok 8 - Banana Falling Test
ok 9 - Banana Falling Details Test
ok 10 - Apple Spawn Test
ok 11 - Apple Spawn Random X Position Test
ok 12 - Apple Spawn Y Position Test
ok 13 - Banana Spawn Test
ok 14 - Banana Spawn Random X Position Test
ok 15 - Banana Spawn Y Position Test
ok 16 - Only One Apple Test
ok 17 - Only One Banana Test
not ok 18 - Banana Fall Delay Test
  ---
  severity: fail
  error:
    name: AssertionError
    actual: false
    expected: true
    operator: ok
    message: Banana must not be visible for a second in the beginning.
    generatedMessage: false
    constraint: '[no name]'
  ...
not ok 19 - Banana Ground Delay Test
  ---
  severity: fail
  error:
    name: AssertionError
    actual: false
    expected: true
    operator: ok
    message: Banana must not be visible for a second after touching the ground.
    generatedMessage: false
    constraint: '[no name]'
  ...
ok 20 - Apple Points Test
ok 21 - Apple Game Over Test
ok 22 - Apple Game Over Message Test
ok 23 - Banana Bowl Points Test
  ---
  log:
    - Apple touched the bowl before the banana touched the bowl.
  ...
ok 24 - Banana Ground Points Test
  ---
  log:
    - Apple touched the bowl before the banana touched the ground.
  ...
ok 25 - Banana Ground Message Test
  ---
  log:
    - Apple touched the bowl before the banana touched the ground.
  ...
not ok 26 - Timer Tick Test
  ---
  severity: fail
  error:
    name: AssertionError
    actual: 2
    expected: 1
    operator: <=
    message: Time must not tick up.
    generatedMessage: false
    constraint: '[no name]'
  ...
ok 27 - Timer Game Over Test
not ok 28 - Timer Game Over Message Test
  ---
  severity: fail
  error:
    name: AssertionError
    actual: false
    expected: true
    operator: ok
    message: Bowl's game over message must disappear after one second
    generatedMessage: false
  ...
# summary:
#   tests: 28
#   pass: 23
#   fail: 5
#   error: 0
#   skip: 0
# coverage:
#   combined: 1.00 (41/41)
#   individual:
#     Stage: 1.00 (5/5)
#     Apple: 1.00 (13/13)
#     Bananas: 1.00 (13/13)
#     Bowl: 1.00 (10/10)

# project: K7_S14.sb3
TAP version 13
1..28
ok 1 - Variable Initialization Test
not ok 2 - Bowl Initialization Test
  ---
  severity: fail
  error:
    name: AssertionError
    actual: -72.05000000000001
    expected: 0
    operator: ==
    message: Bowl must start at x = 0.
    generatedMessage: false
  ...
ok 3 - Fruit Initialization Test
ok 4 - Bowl Movement Test
not ok 5 - Bowl Movement Details Test
  ---
  severity: fail
  error:
    name: AssertionError
    actual: false
    expected: true
    operator: ok
    message: Bowl must move in steps of size 10.
    generatedMessage: false
    constraint: '[no name]'
  ...
ok 6 - Apple Falling Test
ok 7 - Apple Falling Details Test
ok 8 - Banana Falling Test
ok 9 - Banana Falling Details Test
ok 10 - Apple Spawn Test
ok 11 - Apple Spawn Random X Position Test
ok 12 - Apple Spawn Y Position Test
ok 13 - Banana Spawn Test
ok 14 - Banana Spawn Random X Position Test
not ok 15 - Banana Spawn Y Position Test
  ---
  severity: fail
  error:
    name: AssertionError
    actual: false
    expected: true
    operator: ok
    message: Bananas must spawn at y = 170.
    generatedMessage: false
  ...
ok 16 - Only One Apple Test
ok 17 - Only One Banana Test
not ok 18 - Banana Fall Delay Test
  ---
  severity: fail
  error:
    name: AssertionError
    actual: false
    expected: true
    operator: ok
    message: Banana must not be visible for a second in the beginning.
    generatedMessage: false
    constraint: '[no name]'
  ...
not ok 19 - Banana Ground Delay Test
  ---
  severity: fail
  error:
    name: AssertionError
    actual: false
    expected: true
    operator: ok
    message: Banana must not be visible for a second after touching the ground.
    generatedMessage: false
    constraint: '[no name]'
  ...
ok 20 - Apple Points Test
  ---
  log:
    - Banana touched the ground before the apple touched the bowl.
  ...
ok 21 - Apple Game Over Test
ok 22 - Apple Game Over Message Test
ok 23 - Banana Bowl Points Test
  ---
  log:
    - Apple touched the bowl before the banana touched the bowl.
  ...
ok 24 - Banana Ground Points Test
ok 25 - Banana Ground Message Test
ok 26 - Timer Tick Test
ok 27 - Timer Game Over Test
not ok 28 - Timer Game Over Message Test
  ---
  severity: fail
  error:
    name: AssertionError
    actual: false
    expected: true
    operator: ok
    message: Bowl must display a message when the time is up.
    generatedMessage: false
  ...
# summary:
#   tests: 28
#   pass: 22
#   fail: 6
#   error: 0
#   skip: 0
# coverage:
#   combined: 1.00 (40/40)
#   individual:
#     Stage: 1.00 (7/7)
#     Apple: 1.00 (13/13)
#     Bowl: 1.00 (6/6)
#     Bananas: 1.00 (14/14)

# project: K7_S15.sb3
TAP version 13
1..28
ok 1 - Variable Initialization Test
not ok 2 - Bowl Initialization Test
  ---
  severity: fail
  error:
    name: AssertionError
    actual: 60
    expected: 0
    operator: ==
    message: Bowl must start at x = 0.
    generatedMessage: false
  ...
ok 3 - Fruit Initialization Test
ok 4 - Bowl Movement Test
not ok 5 - Bowl Movement Details Test
  ---
  severity: fail
  error:
    name: AssertionError
    actual: false
    expected: true
    operator: ok
    message: Bowl must move in steps of size 10.
    generatedMessage: false
    constraint: '[no name]'
  ...
ok 6 - Apple Falling Test
ok 7 - Apple Falling Details Test
ok 8 - Banana Falling Test
ok 9 - Banana Falling Details Test
ok 10 - Apple Spawn Test
ok 11 - Apple Spawn Random X Position Test
ok 12 - Apple Spawn Y Position Test
ok 13 - Banana Spawn Test
ok 14 - Banana Spawn Random X Position Test
ok 15 - Banana Spawn Y Position Test
ok 16 - Only One Apple Test
ok 17 - Only One Banana Test
not ok 18 - Banana Fall Delay Test
  ---
  severity: fail
  error:
    name: AssertionError
    actual: false
    expected: true
    operator: ok
    message: Banana must not be visible for a second in the beginning.
    generatedMessage: false
    constraint: '[no name]'
  ...
ok 19 - Banana Ground Delay Test
ok 20 - Apple Points Test
  ---
  log:
    - Banana touched the bowl before the apple touched the bowl.
  ...
ok 21 - Apple Game Over Test
ok 22 - Apple Game Over Message Test
not ok 23 - Banana Bowl Points Test
  ---
  severity: fail
  error:
    name: AssumptionError
    actual: false
    expected: true
    operator: ok
    message: Apple touched the bowl before banana's score could be added.
    generatedMessage: false
  ...
not ok 24 - Banana Ground Points Test
  ---
  severity: fail
  error:
    name: AssumptionError
    actual: false
    expected: true
    operator: ok
    message: Apple touched the bowl before banana's score could be subtracted.
    generatedMessage: false
  log:
    - Apple touched the bowl before the banana touched the ground.
  ...
ok 25 - Banana Ground Message Test
  ---
  log:
    - Apple touched the bowl before the banana touched the ground.
  ...
ok 26 - Timer Tick Test
ok 27 - Timer Game Over Test
ok 28 - Timer Game Over Message Test
# summary:
#   tests: 28
#   pass: 23
#   fail: 5
#   error: 0
#   skip: 0
# coverage:
#   combined: 1.00 (42/42)
#   individual:
#     Stage: NaN (0/0)
#     Bowl: 1.00 (11/11)
#     Apple: 1.00 (15/15)
#     Bananas: 1.00 (16/16)

# project: K7_S16.sb3
TAP version 13
1..28
not ok 1 - Variable Initialization Test
  ---
  severity: fail
  error:
    name: AssertionError
    actual: 116
    expected: 0
    operator: ==
    message: Score must start at 0.
    generatedMessage: false
  ...
not ok 2 - Bowl Initialization Test
  ---
  severity: fail
  error:
    name: AssertionError
    actual: -112
    expected: 0
    operator: ==
    message: Bowl must start at x = 0.
    generatedMessage: false
  ...
not ok 3 - Fruit Initialization Test
  ---
  severity: fail
  error:
    name: AssertionError
    actual: 80
    expected: 50
    operator: ==
    message: Apple must have a size of 50%.
    generatedMessage: false
  ...
ok 4 - Bowl Movement Test
not ok 5 - Bowl Movement Details Test
  ---
  severity: fail
  error:
    name: AssertionError
    actual: false
    expected: true
    operator: ok
    message: Bowl must move in steps of size 10.
    generatedMessage: false
    constraint: '[no name]'
  ...
ok 6 - Apple Falling Test
ok 7 - Apple Falling Details Test
ok 8 - Banana Falling Test
ok 9 - Banana Falling Details Test
ok 10 - Apple Spawn Test
ok 11 - Apple Spawn Random X Position Test
ok 12 - Apple Spawn Y Position Test
ok 13 - Banana Spawn Test
ok 14 - Banana Spawn Random X Position Test
ok 15 - Banana Spawn Y Position Test
ok 16 - Only One Apple Test
ok 17 - Only One Banana Test
not ok 18 - Banana Fall Delay Test
  ---
  severity: fail
  error:
    name: AssertionError
    actual: false
    expected: true
    operator: ok
    message: Banana must not be visible for a second in the beginning.
    generatedMessage: false
    constraint: '[no name]'
  ...
not ok 19 - Banana Ground Delay Test
  ---
  severity: fail
  error:
    name: AssertionError
    actual: false
    expected: true
    operator: ok
    message: Banana must not be visible for a second after touching the ground.
    generatedMessage: false
    constraint: '[no name]'
  ...
ok 20 - Apple Points Test
  ---
  log:
    - Banana touched the ground before the apple touched the bowl.
  ...
ok 21 - Apple Game Over Test
ok 22 - Apple Game Over Message Test
not ok 23 - Banana Bowl Points Test
  ---
  severity: fail
  error:
    name: AssumptionError
    actual: false
    expected: bowl
    operator: ==
    message: Banana didn't touch the bowl after 30 seconds.
    generatedMessage: false
  ...
not ok 24 - Banana Ground Points Test
  ---
  severity: fail
  error:
    name: AssumptionError
    actual: false
    expected: true
    operator: ok
    message: Apple touched the bowl before banana's score could be subtracted.
    generatedMessage: false
  ...
not ok 25 - Banana Ground Message Test
  ---
  severity: fail
  error:
    name: AssertionError
    actual: false
    expected: true
    operator: ok
    message: Banana's message must disappear a second after it hit the ground
    generatedMessage: false
  ...
ok 26 - Timer Tick Test
ok 27 - Timer Game Over Test
not ok 28 - Timer Game Over Message Test
  ---
  severity: fail
  error:
    name: AssertionError
    actual: false
    expected: true
    operator: ok
    message: Bowl must display a message when the time is up.
    generatedMessage: false
  ...
# summary:
#   tests: 28
#   pass: 18
#   fail: 10
#   error: 0
#   skip: 0
# coverage:
#   combined: 0.86 (37/43)
#   individual:
#     Stage: NaN (0/0)
#     Bananas: 0.79 (11/14)
#     Bowl: 0.89 (8/9)
#     Apple: 0.90 (18/20)

# project: K7_S17.sb3
TAP version 13
1..28
ok 1 - Variable Initialization Test
ok 2 - Bowl Initialization Test
ok 3 - Fruit Initialization Test
ok 4 - Bowl Movement Test
ok 5 - Bowl Movement Details Test
ok 6 - Apple Falling Test
ok 7 - Apple Falling Details Test
ok 8 - Banana Falling Test
ok 9 - Banana Falling Details Test
ok 10 - Apple Spawn Test
ok 11 - Apple Spawn Random X Position Test
ok 12 - Apple Spawn Y Position Test
ok 13 - Banana Spawn Test
ok 14 - Banana Spawn Random X Position Test
ok 15 - Banana Spawn Y Position Test
ok 16 - Only One Apple Test
ok 17 - Only One Banana Test
ok 18 - Banana Fall Delay Test
ok 19 - Banana Ground Delay Test
ok 20 - Apple Points Test
ok 21 - Apple Game Over Test
not ok 22 - Apple Game Over Message Test
  ---
  severity: fail
  error:
    name: AssertionError
    actual: false
    expected: true
    operator: ok
    message: Apple must display a message if it hits the ground.
    generatedMessage: false
  ...
not ok 23 - Banana Bowl Points Test
  ---
  severity: fail
  error:
    name: AssumptionError
    actual: false
    expected: true
    operator: ok
    message: Apple touched the bowl before banana's score could be added.
    generatedMessage: false
  log:
    - Apple touched the bowl before the banana touched the bowl.
  ...
ok 24 - Banana Ground Points Test
  ---
  log:
    - Apple touched the bowl before the banana touched the ground.
  ...
not ok 25 - Banana Ground Message Test
  ---
  severity: fail
  error:
    name: AssertionError
    actual: false
    expected: true
    operator: ok
    message: Banana's message must disappear a second after it hit the ground
    generatedMessage: false
  log:
    - Apple touched the bowl before the banana touched the ground.
  ...
ok 26 - Timer Tick Test
ok 27 - Timer Game Over Test
ok 28 - Timer Game Over Message Test
# summary:
#   tests: 28
#   pass: 25
#   fail: 3
#   error: 0
#   skip: 0
# coverage:
#   combined: 1.00 (52/52)
#   individual:
#     Stage: NaN (0/0)
#     Bowl: 1.00 (16/16)
#     Apple: 1.00 (14/14)
#     Bananas: 1.00 (22/22)

# project: K7_S18.sb3
TAP version 13
1..28
ok 1 - Variable Initialization Test
ok 2 - Bowl Initialization Test
ok 3 - Fruit Initialization Test
ok 4 - Bowl Movement Test
ok 5 - Bowl Movement Details Test
not ok 6 - Apple Falling Test
  ---
  severity: fail
  error:
    name: AssertionError
    actual: false
    expected: true
    operator: ok
    message: Apple must appear on the top of the screen after 5 seconds.
    generatedMessage: false
  ...
not ok 7 - Apple Falling Details Test
  ---
  severity: fail
  error:
    name: AssumptionError
    actual: false
    expected: true
    operator: ok
    message: Apple must appear on the top of the screen after 5 seconds.
    generatedMessage: false
  ...
not ok 8 - Banana Falling Test
  ---
  severity: fail
  error:
    name: AssertionError
    actual: false
    expected: true
    operator: ok
    message: Banana must appear on the top of the screen after 5 seconds.
    generatedMessage: false
  ...
not ok 9 - Banana Falling Details Test
  ---
  severity: fail
  error:
    name: AssumptionError
    actual: false
    expected: true
    operator: ok
    message: Banana must appear on the top of the screen after 5 seconds.
    generatedMessage: false
  ...
not ok 10 - Apple Spawn Test
  ---
  severity: fail
  error:
    name: AssertionError
    actual: 0
    expected: 3
    operator: '>='
    message: At least three Apples must have spawned after 30 seconds.
    generatedMessage: false
  ...
not ok 11 - Apple Spawn Random X Position Test
  ---
  severity: fail
  error:
    name: AssumptionError
    actual: 0
    expected: 3
    operator: '>='
    message: At least three Apples must have spawned after 30 seconds.
    generatedMessage: false
  ...
not ok 12 - Apple Spawn Y Position Test
  ---
  severity: fail
  error:
    name: AssumptionError
    actual: 0
    expected: 3
    operator: '>='
    message: At least three Apples must have spawned after 30 seconds.
    generatedMessage: false
  ...
not ok 13 - Banana Spawn Test
  ---
  severity: fail
  error:
    name: AssertionError
    actual: 0
    expected: 3
    operator: '>='
    message: At least three Bananas must have spawned after 30 seconds.
    generatedMessage: false
  ...
not ok 14 - Banana Spawn Random X Position Test
  ---
  severity: fail
  error:
    name: AssumptionError
    actual: 0
    expected: 3
    operator: '>='
    message: At least three Bananas must have spawned after 30 seconds.
    generatedMessage: false
  ...
not ok 15 - Banana Spawn Y Position Test
  ---
  severity: fail
  error:
    name: AssumptionError
    actual: 0
    expected: 3
    operator: '>='
    message: At least three Bananas must have spawned after 30 seconds.
    generatedMessage: false
  ...
not ok 16 - Only One Apple Test
  ---
  severity: fail
  error:
    name: AssumptionError
    actual: 0
    expected: 3
    operator: '>='
    message: At least three Apples must have spawned after 30 seconds.
    generatedMessage: false
  ...
not ok 17 - Only One Banana Test
  ---
  severity: fail
  error:
    name: AssumptionError
    actual: 0
    expected: 3
    operator: '>='
    message: At least three Bananas must have spawned after 30 seconds.
    generatedMessage: false
  ...
not ok 18 - Banana Fall Delay Test
  ---
  severity: fail
  error:
    name: AssertionError
    actual: false
    expected: true
    operator: ok
    message: Banana must not be visible for a second in the beginning.
    generatedMessage: false
    constraint: '[no name]'
  ...
not ok 19 - Banana Ground Delay Test
  ---
  severity: fail
  error:
    name: AssertionError
    actual: false
    expected: true
    operator: ok
    message: Banana must not be visible for a second after touching the ground.
    generatedMessage: false
    constraint: '[no name]'
  ...
not ok 20 - Apple Points Test
  ---
  severity: fail
  error:
    name: AssumptionError
    actual: false
    expected: true
    operator: ok
    message: An apple must appear on the top of the screen after 5 seconds.
    generatedMessage: false
  ...
not ok 21 - Apple Game Over Test
  ---
  severity: fail
  error:
    name: AssumptionError
    actual: false
    expected: true
    operator: ok
    message: An apple must appear on the top of the screen after five seconds.
    generatedMessage: false
  ...
not ok 22 - Apple Game Over Message Test
  ---
  severity: fail
  error:
    name: AssumptionError
    actual: false
    expected: true
    operator: ok
    message: An apple must appear on the top of the screen after five seconds.
    generatedMessage: false
  ...
not ok 23 - Banana Bowl Points Test
  ---
  severity: fail
  error:
    name: AssumptionError
    actual: false
    expected: true
    operator: ok
    message: Apple must not touch the ground during this test.
    generatedMessage: false
  ...
not ok 24 - Banana Ground Points Test
  ---
  severity: fail
  error:
    name: AssumptionError
    actual: false
    expected: true
    operator: ok
    message: Apple must not touch the ground during this test.
    generatedMessage: false
  ...
not ok 25 - Banana Ground Message Test
  ---
  severity: fail
  error:
    name: AssumptionError
    actual: false
    expected: true
    operator: ok
    message: Apple must not touch the ground during this test.
    generatedMessage: false
  ...
not ok 26 - Timer Tick Test
  ---
  severity: fail
  error:
    name: AssertionError
    actual: 29
    expected: 28
    operator: ==
    message: Time must decrease by one every second.
    generatedMessage: false
  ...
not ok 27 - Timer Game Over Test
  ---
  severity: fail
  error:
    name: AssertionError
    actual: false
    expected: true
    operator: ok
    message: Game must not be over after 5 seconds.
    generatedMessage: false
  ...
not ok 28 - Timer Game Over Message Test
  ---
  severity: fail
  error:
    name: AssertionError
    actual: false
    expected: true
    operator: ok
    message: Bowl must display a message when the time is up.
    generatedMessage: false
  ...
# summary:
#   tests: 28
#   pass: 5
#   fail: 23
#   error: 0
#   skip: 0
# coverage:
#   combined: 0.90 (36/40)
#   individual:
#     Stage: 1.00 (7/7)
#     Bowl: 1.00 (8/8)
#     Apple: 0.85 (11/13)
#     Bananas: 0.83 (10/12)

# project: K7_S19.sb3
TAP version 13
1..28
not ok 1 - Variable Initialization Test
  ---
  severity: fail
  error:
    name: AssertionError
    actual: 16
    expected: 0
    operator: ==
    message: Score must start at 0.
    generatedMessage: false
  ...
not ok 2 - Bowl Initialization Test
  ---
  severity: fail
  error:
    name: AssertionError
    actual: -38
    expected: 0
    operator: ==
    message: Bowl must start at x = 0.
    generatedMessage: false
  ...
ok 3 - Fruit Initialization Test
ok 4 - Bowl Movement Test
not ok 5 - Bowl Movement Details Test
  ---
  severity: fail
  error:
    name: AssertionError
    actual: false
    expected: true
    operator: ok
    message: Bowl must move in steps of size 10.
    generatedMessage: false
    constraint: '[no name]'
  ...
not ok 6 - Apple Falling Test
  ---
  severity: fail
  error:
    name: AssertionError
    actual: false
    expected: true
    operator: ok
    message: Apple must appear on the top of the screen after 5 seconds.
    generatedMessage: false
  ...
not ok 7 - Apple Falling Details Test
  ---
  severity: fail
  error:
    name: AssumptionError
    actual: false
    expected: true
    operator: ok
    message: Apple must appear on the top of the screen after 5 seconds.
    generatedMessage: false
  ...
not ok 8 - Banana Falling Test
  ---
  severity: fail
  error:
    name: AssertionError
    actual: false
    expected: true
    operator: ok
    message: Banana must appear on the top of the screen after 5 seconds.
    generatedMessage: false
  ...
not ok 9 - Banana Falling Details Test
  ---
  severity: fail
  error:
    name: AssumptionError
    actual: false
    expected: true
    operator: ok
    message: Banana must appear on the top of the screen after 5 seconds.
    generatedMessage: false
  ...
ok 10 - Apple Spawn Test
ok 11 - Apple Spawn Random X Position Test
ok 12 - Apple Spawn Y Position Test
ok 13 - Banana Spawn Test
ok 14 - Banana Spawn Random X Position Test
ok 15 - Banana Spawn Y Position Test
ok 16 - Only One Apple Test
ok 17 - Only One Banana Test
not ok 18 - Banana Fall Delay Test
  ---
  severity: fail
  error:
    name: AssertionError
    actual: false
    expected: true
    operator: ok
    message: Banana must not be visible for a second in the beginning.
    generatedMessage: false
    constraint: '[no name]'
  ...
not ok 19 - Banana Ground Delay Test
  ---
  severity: fail
  error:
    name: AssertionError
    actual: false
    expected: true
    operator: ok
    message: Banana must not be visible for a second after touching the ground.
    generatedMessage: false
    constraint: '[no name]'
  ...
not ok 20 - Apple Points Test
  ---
  severity: fail
  error:
    name: AssumptionError
    actual: false
    expected: true
    operator: ok
    message: An apple must appear on the top of the screen after 5 seconds.
    generatedMessage: false
  ...
not ok 21 - Apple Game Over Test
  ---
  severity: fail
  error:
    name: AssumptionError
    actual: false
    expected: true
    operator: ok
    message: An apple must appear on the top of the screen after five seconds.
    generatedMessage: false
  ...
not ok 22 - Apple Game Over Message Test
  ---
  severity: fail
  error:
    name: AssumptionError
    actual: false
    expected: true
    operator: ok
    message: An apple must appear on the top of the screen after five seconds.
    generatedMessage: false
  ...
ok 23 - Banana Bowl Points Test
  ---
  log:
    - Apple touched the bowl before the banana touched the bowl.
  ...
ok 24 - Banana Ground Points Test
  ---
  log:
    - Apple touched the bowl before the banana touched the ground.
  ...
ok 25 - Banana Ground Message Test
  ---
  log:
    - Apple touched the bowl before the banana touched the ground.
  ...
not ok 26 - Timer Tick Test
  ---
  severity: fail
  error:
    name: AssertionError
    actual: 28
    expected: 29
    operator: ==
    message: Time must decrease by one every second.
    generatedMessage: false
  ...
not ok 27 - Timer Game Over Test
  ---
  severity: fail
  error:
    name: AssertionError
    actual: 220
    expected: -210
    operator: ==
    message: Apple must not move after game is over (should be over).
    generatedMessage: false
    constraint: '[no name]'
  ...
not ok 28 - Timer Game Over Message Test
  ---
  severity: fail
  error:
    name: AssertionError
    actual: 15769
    expected: 20000
    operator: '>='
    message: Game over message must not appear before 20 seconds.
    generatedMessage: false
  ...
# summary:
#   tests: 28
#   pass: 13
#   fail: 15
#   error: 0
#   skip: 0
# coverage:
#   combined: 0.91 (39/43)
#   individual:
#     Stage: NaN (0/0)
#     Bowl: 1.00 (11/11)
#     Bananas: 1.00 (13/13)
#     Apple: 0.79 (15/19)

# project: K7_S20.sb3
TAP version 13
1..28
ok 1 - Variable Initialization Test
not ok 2 - Bowl Initialization Test
  ---
  severity: fail
  error:
    name: AssertionError
    actual: 16
    expected: 0
    operator: ==
    message: Bowl must start at x = 0.
    generatedMessage: false
  ...
ok 3 - Fruit Initialization Test
ok 4 - Bowl Movement Test
ok 5 - Bowl Movement Details Test
ok 6 - Apple Falling Test
not ok 7 - Apple Falling Details Test
  ---
  severity: fail
  error:
    name: AssertionError
    actual: false
    expected: true
    operator: ok
    message: Apple must fall with a speed of -5.
    generatedMessage: false
    constraint: '[no name]'
  ...
ok 8 - Banana Falling Test
not ok 9 - Banana Falling Details Test
  ---
  severity: fail
  error:
    name: AssertionError
    actual: false
    expected: true
    operator: ok
    message: Banana must fall with a speed of -7.
    generatedMessage: false
    constraint: '[no name]'
  ...
ok 10 - Apple Spawn Test
ok 11 - Apple Spawn Random X Position Test
ok 12 - Apple Spawn Y Position Test
ok 13 - Banana Spawn Test
ok 14 - Banana Spawn Random X Position Test
ok 15 - Banana Spawn Y Position Test
ok 16 - Only One Apple Test
ok 17 - Only One Banana Test
not ok 18 - Banana Fall Delay Test
  ---
  severity: fail
  error:
    name: AssertionError
    actual: false
    expected: true
    operator: ok
    message: Banana must not be visible for a second in the beginning.
    generatedMessage: false
    constraint: '[no name]'
  ...
not ok 19 - Banana Ground Delay Test
  ---
  severity: fail
  error:
    name: AssertionError
    actual: false
    expected: true
    operator: ok
    message: Banana must not be visible for a second after touching the ground.
    generatedMessage: false
    constraint: '[no name]'
  ...
ok 20 - Apple Points Test
  ---
  log:
    - Banana touched the ground before the apple touched the bowl.
  ...
not ok 21 - Apple Game Over Test
  ---
  severity: fail
  error:
    name: AssertionError
    actual: 23
    expected: 24
    operator: ==
    message: Time must not change after game is over (should be over).
    generatedMessage: false
    constraint: '[no name]'
  ...
not ok 22 - Apple Game Over Message Test
  ---
  severity: fail
  error:
    name: AssumptionError
    actual: bowl
    expected: ground
    operator: ==
    message: Apple must have touched the ground after five seconds.
    generatedMessage: false
  ...
not ok 23 - Banana Bowl Points Test
  ---
  severity: fail
  error:
    name: AssertionError
    actual: 98
    expected: 93
    operator: ==
    message: Banana must give 8 points when it touches the bowl.
    generatedMessage: false
  log:
    - Apple touched the bowl before the banana touched the bowl.
  ...
not ok 24 - Banana Ground Points Test
  ---
  severity: fail
  error:
    name: AssertionError
    actual: 0
    expected: -8
    operator: ==
    message: Banana must subtract 8 points when it touches the ground.
    generatedMessage: false
  ...
not ok 25 - Banana Ground Message Test
  ---
  severity: fail
  error:
    name: AssertionError
    actual: false
    expected: true
    operator: ok
    message: Banana must display a message when it hits the ground.
    generatedMessage: false
  ...
ok 26 - Timer Tick Test
not ok 27 - Timer Game Over Test
  ---
  severity: fail
  error:
    name: AssertionError
    actual: -2.815
    expected: -1
    operator: ==
    message: Apple must not move after game is over (should be over).
    generatedMessage: false
    constraint: '[no name]'
  ...
not ok 28 - Timer Game Over Message Test
  ---
  severity: fail
  error:
    name: AssertionError
    actual: false
    expected: true
    operator: ok
    message: Bowl must display a message when the time is up.
    generatedMessage: false
  ...
# summary:
#   tests: 28
#   pass: 16
#   fail: 12
#   error: 0
#   skip: 0
# coverage:
#   combined: 0.94 (34/36)
#   individual:
#     Stage: NaN (0/0)
#     Bowl: 0.86 (12/14)
#     Apple: 1.00 (11/11)
#     Bananas: 1.00 (11/11)

# project: K7_S24.sb3
TAP version 13
1..28
not ok 1 - Variable Initialization Test
  ---
  severity: fail
  error:
    name: AssumptionError
    actual: false
    expected: true
    operator: ok
    message: Could not find variable time.
    generatedMessage: false
  ...
not ok 2 - Bowl Initialization Test
  ---
  severity: fail
  error:
    name: AssertionError
    actual: 41.599999999999994
    expected: 0
    operator: ==
    message: Bowl must start at x = 0.
    generatedMessage: false
  ...
ok 3 - Fruit Initialization Test
not ok 4 - Bowl Movement Test
  ---
  severity: fail
  error:
    name: AssertionError
    actual: 41.599999999999994
    expected: 41.599999999999994
    operator: <
    message: Bowl must move to the left when left arrow key is pressed.
    generatedMessage: false
  ...
not ok 5 - Bowl Movement Details Test
  ---
  severity: fail
  error:
    name: AssumptionError
    actual: 41.599999999999994
    expected: 41.599999999999994
    operator: <
    message: Bowl must move to the left when left arrow key is pressed.
    generatedMessage: false
  ...
not ok 6 - Apple Falling Test
  ---
  severity: fail
  error:
    name: AssertionError
    actual: false
    expected: true
    operator: ok
    message: Apple must appear on the top of the screen after 5 seconds.
    generatedMessage: false
  ...
not ok 7 - Apple Falling Details Test
  ---
  severity: fail
  error:
    name: AssumptionError
    actual: false
    expected: true
    operator: ok
    message: Apple must appear on the top of the screen after 5 seconds.
    generatedMessage: false
  ...
not ok 8 - Banana Falling Test
  ---
  severity: fail
  error:
    name: AssertionError
    actual: false
    expected: true
    operator: ok
    message: Banana must appear on the top of the screen after 5 seconds.
    generatedMessage: false
  ...
not ok 9 - Banana Falling Details Test
  ---
  severity: fail
  error:
    name: AssumptionError
    actual: false
    expected: true
    operator: ok
    message: Banana must appear on the top of the screen after 5 seconds.
    generatedMessage: false
  ...
not ok 10 - Apple Spawn Test
  ---
  severity: fail
  error:
    name: AssertionError
    actual: 0
    expected: 3
    operator: '>='
    message: At least three Apples must have spawned after 30 seconds.
    generatedMessage: false
  ...
not ok 11 - Apple Spawn Random X Position Test
  ---
  severity: fail
  error:
    name: AssumptionError
    actual: 0
    expected: 3
    operator: '>='
    message: At least three Apples must have spawned after 30 seconds.
    generatedMessage: false
  ...
not ok 12 - Apple Spawn Y Position Test
  ---
  severity: fail
  error:
    name: AssumptionError
    actual: 0
    expected: 3
    operator: '>='
    message: At least three Apples must have spawned after 30 seconds.
    generatedMessage: false
  ...
not ok 13 - Banana Spawn Test
  ---
  severity: fail
  error:
    name: AssertionError
    actual: 0
    expected: 3
    operator: '>='
    message: At least three Bananas must have spawned after 30 seconds.
    generatedMessage: false
  ...
not ok 14 - Banana Spawn Random X Position Test
  ---
  severity: fail
  error:
    name: AssumptionError
    actual: 0
    expected: 3
    operator: '>='
    message: At least three Bananas must have spawned after 30 seconds.
    generatedMessage: false
  ...
not ok 15 - Banana Spawn Y Position Test
  ---
  severity: fail
  error:
    name: AssumptionError
    actual: 0
    expected: 3
    operator: '>='
    message: At least three Bananas must have spawned after 30 seconds.
    generatedMessage: false
  ...
not ok 16 - Only One Apple Test
  ---
  severity: fail
  error:
    name: AssumptionError
    actual: 0
    expected: 3
    operator: '>='
    message: At least three Apples must have spawned after 30 seconds.
    generatedMessage: false
  ...
not ok 17 - Only One Banana Test
  ---
  severity: fail
  error:
    name: AssumptionError
    actual: 0
    expected: 3
    operator: '>='
    message: At least three Bananas must have spawned after 30 seconds.
    generatedMessage: false
  ...
not ok 18 - Banana Fall Delay Test
  ---
  severity: fail
  error:
    name: AssertionError
    actual: false
    expected: true
    operator: ok
    message: Banana must not be visible for a second in the beginning.
    generatedMessage: false
    constraint: '[no name]'
  ...
not ok 19 - Banana Ground Delay Test
  ---
  severity: fail
  error:
    name: AssertionError
    actual: false
    expected: true
    operator: ok
    message: Banana must not be visible for a second after touching the ground.
    generatedMessage: false
    constraint: '[no name]'
  ...
not ok 20 - Apple Points Test
  ---
  severity: fail
  error:
    name: AssumptionError
    actual: false
    expected: true
    operator: ok
    message: An apple must appear on the top of the screen after 5 seconds.
    generatedMessage: false
  ...
not ok 21 - Apple Game Over Test
  ---
  severity: fail
  error:
    name: AssumptionError
    actual: false
    expected: true
    operator: ok
    message: An apple must appear on the top of the screen after five seconds.
    generatedMessage: false
  ...
not ok 22 - Apple Game Over Message Test
  ---
  severity: fail
  error:
    name: AssumptionError
    actual: false
    expected: true
    operator: ok
    message: An apple must appear on the top of the screen after five seconds.
    generatedMessage: false
  ...
not ok 23 - Banana Bowl Points Test
  ---
  severity: fail
  error:
    name: AssumptionError
    actual: false
    expected: bowl
    operator: ==
    message: Banana didn't touch the bowl after 30 seconds.
    generatedMessage: false
  ...
not ok 24 - Banana Ground Points Test
  ---
  severity: fail
  error:
    name: AssumptionError
    actual: false
    expected: ground
    operator: ==
    message: Banana didn't touch the ground after 30 seconds.
    generatedMessage: false
  ...
not ok 25 - Banana Ground Message Test
  ---
  severity: fail
  error:
    name: AssumptionError
    actual: false
    expected: ground
    operator: ==
    message: Banana didn't touch the ground after 30 seconds.
    generatedMessage: false
  ...
not ok 26 - Timer Tick Test
  ---
  severity: fail
  error:
    name: AssumptionError
    actual: false
    expected: true
    operator: ok
    message: Could not find variable time.
    generatedMessage: false
  ...
not ok 27 - Timer Game Over Test
  ---
  severity: fail
  error:
    name: AssumptionError
    actual: false
    expected: true
    operator: ok
    message: Could not find variable time.
    generatedMessage: false
  ...
not ok 28 - Timer Game Over Message Test
  ---
  severity: fail
  error:
    name: AssertionError
    actual: false
    expected: true
    operator: ok
    message: Bowl must display a message when the time is up.
    generatedMessage: false
  ...
# summary:
#   tests: 28
#   pass: 1
#   fail: 27
#   error: 0
#   skip: 0
# coverage:
#   combined: 0.50 (17/34)
#   individual:
#     Stage: NaN (0/0)
#     Bowl2: 0.75 (6/8)
#     Apple: 0.54 (7/13)
#     Bananas: 0.31 (4/13)

# project: K7_S26.sb3
TAP version 13
1..28
ok 1 - Variable Initialization Test
not ok 2 - Bowl Initialization Test
  ---
  severity: fail
  error:
    name: AssertionError
    actual: 117
    expected: 0
    operator: ==
    message: Bowl must start at x = 0.
    generatedMessage: false
  ...
ok 3 - Fruit Initialization Test
ok 4 - Bowl Movement Test
not ok 5 - Bowl Movement Details Test
  ---
  severity: fail
  error:
    name: AssertionError
    actual: false
    expected: true
    operator: ok
    message: Bowl must move in steps of size 10.
    generatedMessage: false
    constraint: '[no name]'
  ...
ok 6 - Apple Falling Test
not ok 7 - Apple Falling Details Test
  ---
  severity: fail
  error:
    name: AssertionError
    actual: false
    expected: true
    operator: ok
    message: Apple must fall with a speed of -5.
    generatedMessage: false
    constraint: '[no name]'
  ...
ok 8 - Banana Falling Test
not ok 9 - Banana Falling Details Test
  ---
  severity: fail
  error:
    name: AssertionError
    actual: false
    expected: true
    operator: ok
    message: Banana must fall with a speed of -7.
    generatedMessage: false
    constraint: '[no name]'
  ...
ok 10 - Apple Spawn Test
ok 11 - Apple Spawn Random X Position Test
not ok 12 - Apple Spawn Y Position Test
  ---
  severity: fail
  error:
    name: AssertionError
    actual: false
    expected: true
    operator: ok
    message: Apples must spawn at y = 170.
    generatedMessage: false
  ...
ok 13 - Banana Spawn Test
ok 14 - Banana Spawn Random X Position Test
not ok 15 - Banana Spawn Y Position Test
  ---
  severity: fail
  error:
    name: AssertionError
    actual: false
    expected: true
    operator: ok
    message: Bananas must spawn at y = 170.
    generatedMessage: false
  ...
ok 16 - Only One Apple Test
ok 17 - Only One Banana Test
not ok 18 - Banana Fall Delay Test
  ---
  severity: fail
  error:
    name: AssertionError
    actual: false
    expected: true
    operator: ok
    message: Banana must not be visible for a second in the beginning.
    generatedMessage: false
    constraint: '[no name]'
  ...
not ok 19 - Banana Ground Delay Test
  ---
  severity: fail
  error:
    name: AssertionError
    actual: false
    expected: true
    operator: ok
    message: Banana must not be visible for a second after touching the ground.
    generatedMessage: false
    constraint: '[no name]'
  ...
ok 20 - Apple Points Test
not ok 21 - Apple Game Over Test
  ---
  severity: fail
  error:
    name: AssertionError
    actual: -96
    expected: 192
    operator: ==
    message: Apple must not move after game is over (should be over).
    generatedMessage: false
    constraint: '[no name]'
  ...
not ok 22 - Apple Game Over Message Test
  ---
  severity: fail
  error:
    name: AssertionError
    actual: false
    expected: true
    operator: ok
    message: Apple's game over message must disappear one second after it hit the ground
    generatedMessage: false
  ...
ok 23 - Banana Bowl Points Test
  ---
  log:
    - Apple touched the bowl before the banana touched the bowl.
  ...
ok 24 - Banana Ground Points Test
  ---
  log:
    - Apple touched the bowl before the banana touched the ground.
  ...
not ok 25 - Banana Ground Message Test
  ---
  severity: fail
  error:
    name: AssertionError
    actual: false
    expected: true
    operator: ok
    message: Banana's message must disappear a second after it hit the ground
    generatedMessage: false
  log:
    - Apple touched the bowl before the banana touched the ground.
  ...
ok 26 - Timer Tick Test
ok 27 - Timer Game Over Test
not ok 28 - Timer Game Over Message Test
  ---
  severity: fail
  error:
    name: AssertionError
    actual: false
    expected: true
    operator: ok
    message: Bowl must display a message when the time is up.
    generatedMessage: false
  ...
# summary:
#   tests: 28
#   pass: 16
#   fail: 12
#   error: 0
#   skip: 0
# coverage:
#   combined: 0.98 (44/45)
#   individual:
#     Stage: NaN (0/0)
#     Apple: 1.00 (14/14)
#     Bowl: 0.89 (8/9)
#     Bananas: 1.00 (22/22)

# project: K7_S27.sb3
TAP version 13
1..28
not ok 1 - Variable Initialization Test
  ---
  severity: fail
  error:
    name: AssertionError
    actual: false
    expected: true
    operator: ok
    message: Time must start at 30 seconds.
    generatedMessage: false
  ...
not ok 2 - Bowl Initialization Test
  ---
  severity: fail
  error:
    name: AssumptionError
    actual: false
    expected: true
    operator: ok
    message: Could not find sprite bowl.
    generatedMessage: false
  ...
not ok 3 - Fruit Initialization Test
  ---
  severity: fail
  error:
    name: AssertionError
    actual: 100
    expected: 50
    operator: ==
    message: Apple must have a size of 50%.
    generatedMessage: false
  ...
not ok 4 - Bowl Movement Test
  ---
  severity: fail
  error:
    name: AssumptionError
    actual: false
    expected: true
    operator: ok
    message: Could not find sprite bowl.
    generatedMessage: false
  ...
not ok 5 - Bowl Movement Details Test
  ---
  severity: fail
  error:
    name: AssumptionError
    actual: false
    expected: true
    operator: ok
    message: Could not find sprite bowl.
    generatedMessage: false
  ...
not ok 6 - Apple Falling Test
  ---
  severity: fail
  error:
    name: AssumptionError
    actual: false
    expected: true
    operator: ok
    message: Could not find sprite bowl.
    generatedMessage: false
  ...
not ok 7 - Apple Falling Details Test
  ---
  severity: fail
  error:
    name: AssumptionError
    actual: false
    expected: true
    operator: ok
    message: Could not find sprite bowl.
    generatedMessage: false
  ...
not ok 8 - Banana Falling Test
  ---
  severity: fail
  error:
    name: AssumptionError
    actual: false
    expected: true
    operator: ok
    message: Could not find sprite bowl.
    generatedMessage: false
  ...
not ok 9 - Banana Falling Details Test
  ---
  severity: fail
  error:
    name: AssumptionError
    actual: false
    expected: true
    operator: ok
    message: Could not find sprite bowl.
    generatedMessage: false
  ...
not ok 10 - Apple Spawn Test
  ---
  severity: fail
  error:
    name: AssumptionError
    actual: false
    expected: true
    operator: ok
    message: Could not find sprite bowl.
    generatedMessage: false
  ...
not ok 11 - Apple Spawn Random X Position Test
  ---
  severity: fail
  error:
    name: AssumptionError
    actual: false
    expected: true
    operator: ok
    message: Could not find sprite bowl.
    generatedMessage: false
  ...
not ok 12 - Apple Spawn Y Position Test
  ---
  severity: fail
  error:
    name: AssumptionError
    actual: false
    expected: true
    operator: ok
    message: Could not find sprite bowl.
    generatedMessage: false
  ...
not ok 13 - Banana Spawn Test
  ---
  severity: fail
  error:
    name: AssumptionError
    actual: false
    expected: true
    operator: ok
    message: Could not find sprite bowl.
    generatedMessage: false
  ...
not ok 14 - Banana Spawn Random X Position Test
  ---
  severity: fail
  error:
    name: AssumptionError
    actual: false
    expected: true
    operator: ok
    message: Could not find sprite bowl.
    generatedMessage: false
  ...
not ok 15 - Banana Spawn Y Position Test
  ---
  severity: fail
  error:
    name: AssumptionError
    actual: false
    expected: true
    operator: ok
    message: Could not find sprite bowl.
    generatedMessage: false
  ...
not ok 16 - Only One Apple Test
  ---
  severity: fail
  error:
    name: AssumptionError
    actual: false
    expected: true
    operator: ok
    message: Could not find sprite bowl.
    generatedMessage: false
  ...
not ok 17 - Only One Banana Test
  ---
  severity: fail
  error:
    name: AssumptionError
    actual: false
    expected: true
    operator: ok
    message: Could not find sprite bowl.
    generatedMessage: false
  ...
not ok 18 - Banana Fall Delay Test
  ---
  severity: fail
  error:
    name: AssumptionError
    actual: false
    expected: true
    operator: ok
    message: Could not find sprite bowl.
    generatedMessage: false
  ...
not ok 19 - Banana Ground Delay Test
  ---
  severity: fail
  error:
    name: AssumptionError
    actual: false
    expected: true
    operator: ok
    message: Could not find sprite bowl.
    generatedMessage: false
  ...
not ok 20 - Apple Points Test
  ---
  severity: fail
  error:
    name: AssumptionError
    actual: false
    expected: true
    operator: ok
    message: Could not find sprite bowl.
    generatedMessage: false
  ...
not ok 21 - Apple Game Over Test
  ---
  severity: fail
  error:
    name: AssumptionError
    actual: false
    expected: true
    operator: ok
    message: Could not find sprite bowl.
    generatedMessage: false
  ...
not ok 22 - Apple Game Over Message Test
  ---
  severity: fail
  error:
    name: AssumptionError
    actual: false
    expected: true
    operator: ok
    message: Could not find sprite bowl.
    generatedMessage: false
  ...
not ok 23 - Banana Bowl Points Test
  ---
  severity: fail
  error:
    name: AssumptionError
    actual: false
    expected: true
    operator: ok
    message: Could not find sprite bowl.
    generatedMessage: false
  ...
not ok 24 - Banana Ground Points Test
  ---
  severity: fail
  error:
    name: AssumptionError
    actual: false
    expected: true
    operator: ok
    message: Could not find sprite bowl.
    generatedMessage: false
  ...
not ok 25 - Banana Ground Message Test
  ---
  severity: fail
  error:
    name: AssumptionError
    actual: false
    expected: true
    operator: ok
    message: Could not find sprite bowl.
    generatedMessage: false
  ...
not ok 26 - Timer Tick Test
  ---
  severity: fail
  error:
    name: AssumptionError
    actual: false
    expected: true
    operator: ok
    message: Could not find sprite bowl.
    generatedMessage: false
  ...
not ok 27 - Timer Game Over Test
  ---
  severity: fail
  error:
    name: AssumptionError
    actual: false
    expected: true
    operator: ok
    message: Could not find sprite bowl.
    generatedMessage: false
  ...
not ok 28 - Timer Game Over Message Test
  ---
  severity: fail
  error:
    name: AssumptionError
    actual: false
    expected: true
    operator: ok
    message: Could not find sprite bowl.
    generatedMessage: false
  ...
# summary:
#   tests: 28
#   pass: 0
#   fail: 28
#   error: 0
#   skip: 0
# coverage:
#   combined: 0.50 (13/26)
#   individual:
#     Stage: NaN (0/0)
#     Figur2: 0.00 (0/4)
#     Figur4: NaN (0/0)
#     Bananas: 0.60 (6/10)
#     Apple: 0.58 (7/12)

